
2015/07/30 22:35:39-AEST::5-deamon::Posted::Site Appearance
2015/07/31 19:50:19-AEST::5-deamon::Posted::HDD Failure Rates
2015/08/07 23:19:35-AEST::5-deamon::Posted::bug fix - tag
2015/08/07 23:19:49-AEST::5-deamon::Posted::bug fix - tag
2015/08/08 00:34:07-AEST::5-deamon::Failed::RegEx
2015/08/08 00:35:57-AEST::5-deamon::Failed::RegEx
2015/08/08 00:36:06-AEST::5-deamon::Failed::RegEx
2015/08/08 00:36:24-AEST::5-deamon::Failed::RegEx
2015/08/08 00:37:19-AEST::5-deamon::Posted::RegEx
2015/08/08 00:37:45-AEST::5-deamon::Posted::RegEx
2015/08/09 00:50:21-AEST::5-deamon::Posted::Customise
2015/08/27 11:35:12-AEST::5-deamon::Posted::Library access unification
2015/10/16 02:55:23-AEST::5-deamon::Posted::Almost Done
2016/01/04 19:48:06-AEST::5-deamon::Posted::Hangman
2016/01/04 19:49:38-AEST::5-deamon::Posted::Hangman
2016/02/06 16:42:53-AEST::5-deamon::Posted::Server Manager
2016/03/01 00:09:23-AEST::5-deamon::Posted::Datacentre SSD failure rates
2016/03/13 13:44:02-AEST::5-deamon::Posted::Interesting Stats
2016/03/13 14:02:48-AEST::5-deamon::Posted::The Bank Malware Scare
2016/03/13 14:07:23-AEST::5-deamon::Posted::Some Coding Resources
2016/03/19 13:56:45-AEST::5-deamon::Posted::the Syntax of English
2018/06/26 17:56:13-AEST::5-deamon::Posted::Work no play
2019/02/09 13:37:39-AEST::5-deamon::Posted::SSL Cert