
2015/07/30 22:43:31-AEST::5-deamon::Uploaded::FreshPaint-0-2015.05.23-02.23.18.png
2015/07/30 22:45:15-AEST::5-deamon::Uploaded::morsecode.mp3
2015/07/30 23:36:46-AEST::5-deamon::Uploaded::me.jpg
2015/07/31 00:05:41-AEST::5-deamon::Deleted::media-1::me.jpg
2015/07/31 00:07:33-AEST::5-deamon::Deleted::media-10::FreshPaint-0-2015.05.23-02.23.18.png
2015/07/31 00:09:40-AEST::6-dittopower::Deleted::media-6::Skelly_2.jpg
2015/08/01 03:33:52-AEST::5-deamon::Problem::storefile
2015/08/01 03:33:52-AEST::5-deamon::Failed::me.jpg
2015/08/01 03:54:15-AEST::5-deamon::Failed::me.jpg
2015/08/01 04:04:45-AEST::5-deamon::Failed::me.jpg
2015/08/01 04:32:37-AEST::5-deamon::Failed::me.jpg
2015/08/01 04:33:39-AEST::5-deamon::Failed::me.jpg
2015/08/01 04:34:22-AEST::5-deamon::Uploaded::me.jpg
2015/08/01 04:52:32-AEST::5-deamon::Deleted::media-13::me_2.jpg
2015/08/01 17:06:36-AEST::5-deamon::Uploaded::page.php
2015/08/01 23:30:05-AEST::5-deamon::Uploaded::me.jpg
2015/08/01 23:30:10-AEST::5-deamon::Deleted::media-15::me_2.jpg
2015/08/01 23:30:15-AEST::5-deamon::Deleted::media-14::page.php
2015/08/02 01:02:10-AEST::5-deamon::Uploaded::custom.css
2015/08/02 01:05:40-AEST::5-deamon::Deleted::media-16::custom.css
2015/08/05 20:43:50-AEST::5-deamon::Uploaded::favicon.ico
2015/08/05 20:44:05-AEST::5-deamon::Uploaded::favicon.ico
2015/08/05 20:45:54-AEST::5-deamon::Deleted::media-18::favicon.ico
2015/08/05 20:46:14-AEST::5-deamon::Deleted::media-17::favicon.ico
2015/08/05 22:48:06-AEST::5-deamon::Uploaded::favicon.ico
2015/08/05 22:52:57-AEST::5-deamon::Uploaded::favicon.ico
2015/08/05 22:53:50-AEST::5-deamon::Deleted::media-19::favicon_0.ico
2015/08/05 22:54:02-AEST::5-deamon::Uploaded::favicon.ico
2015/08/05 22:54:15-AEST::5-deamon::Uploaded::favicon.ico
2015/08/05 22:55:32-AEST::5-deamon::Uploaded::favicon.ico
2015/08/05 22:57:24-AEST::5-deamon::Uploaded::favicon.ico
2015/08/05 22:57:40-AEST::5-deamon::Deleted::media-22::favicon_1.ico
2015/08/05 22:57:43-AEST::5-deamon::Deleted::media-21::favicon_0.ico
2015/08/05 23:01:56-AEST::5-deamon::Uploaded::favicon.ico
2015/08/05 23:03:41-AEST::5-deamon::Uploaded::favicon.ico
2015/08/05 23:03:51-AEST::5-deamon::Deleted::media-23::favicon_0.ico
2015/08/05 23:04:02-AEST::5-deamon::Uploaded::favicon.ico
2015/08/05 23:04:51-AEST::5-deamon::Uploaded::favicon.ico
2015/08/05 23:05:54-AEST::5-deamon::Uploaded::favicon.ico
2015/08/05 23:07:41-AEST::5-deamon::Uploaded::favicon.ico
2015/08/05 23:08:58-AEST::5-deamon::Uploaded::favicon.ico
2015/08/05 23:09:08-AEST::5-deamon::Uploaded::favicon.ico
2015/08/05 23:09:14-AEST::5-deamon::Uploaded::favicon.ico
2015/08/05 23:09:23-AEST::5-deamon::Deleted::media-24::favicon_0.ico
2015/08/05 23:14:06-AEST::5-deamon::Deleted::media-20::favicon.ico
2015/08/08 19:11:17-AEST::5-deamon::Uploaded::this_is_why_qut_cant_have_nice_things.png
2015/08/08 21:32:10-AEST::6-dittopower::Uploaded::page.php
2015/08/08 22:18:08-AEST::5-deamon::Replaced::custom.css
2015/08/08 22:18:38-AEST::5-deamon::Uploaded::custom.css
2015/08/10 23:07:20-AEST::5-deamon::Uploaded::uAx8Z2p.png
2015/08/10 23:09:22-AEST::5-deamon::Replaced::uAx8Z2p.png
2015/08/10 23:10:20-AEST::5-deamon::Replaced::uAx8Z2p.png
2015/08/10 23:11:06-AEST::5-deamon::Replaced::uAx8Z2p.png
2015/08/10 23:13:11-AEST::5-deamon::Replaced::uAx8Z2p.png
2015/08/10 23:14:19-AEST::5-deamon::Replaced::uAx8Z2p.png
2015/08/10 23:14:53-AEST::5-deamon::Deleted::media-28::uAx8Z2p.png
2015/08/15 23:44:19-AEST::5-deamon::Uploaded::uAx8Z2p.png
2015/08/17 09:57:49-AEST::5-deamon::Deleted::media-29::uAx8Z2p.png
2015/08/17 09:58:58-AEST::5-deamon::Uploaded::uAx8Z2p.png
2015/08/17 10:01:50-AEST::5-deamon::Uploaded::uAx8Z2p.png
2015/08/17 10:03:13-AEST::5-deamon::Uploaded::uAx8Z2p.png
2015/08/17 10:04:05-AEST::5-deamon::Deleted::media-31::uAx8Z2p_0.png
2015/08/17 10:04:11-AEST::5-deamon::Deleted::media-32::uAx8Z2p_0.png
2015/08/17 10:04:17-AEST::5-deamon::Deleted::media-30::uAx8Z2p.png
2015/08/17 10:08:38-AEST::5-deamon::Uploaded::uAx8Z2p.png
2015/08/17 10:20:10-AEST::5-deamon::Deleted::media-33::uAx8Z2p.png
2015/08/17 10:20:19-AEST::5-deamon::Uploaded::uAx8Z2p.png
2015/08/17 22:36:45-AEST::5-deamon::Deleted::media-27::custom.css
2015/08/23 00:17:13-AEST::5-deamon::Uploaded::superbuswalk.png
2015/08/27 09:56:15-AEST::5-deamon::Uploaded::chrome.exe
2015/08/27 09:56:21-AEST::5-deamon::Deleted::media-36::chrome.exe
2015/08/27 22:49:46-AEST::5-deamon::Uploaded::Josh.wav
2015/09/03 09:45:04-AEST::5-deamon::Uploaded::Games.ico
2015/09/03 09:45:15-AEST::5-deamon::Deleted::media-38::Games.ico
2015/09/03 09:45:28-AEST::5-deamon::Uploaded::Games.ico
2015/09/21 22:53:36-AEST::5-deamon::Problem::filesize
2015/09/21 22:53:36-AEST::5-deamon::Failed::Tconnect v0.2.apk
2015/09/21 22:55:58-AEST::5-deamon::Uploaded::Tconnect v0.2.apk
2015/09/22 10:32:24-AEST::5-deamon::Uploaded::Screenshot_2015-09-22-10-30-58.png
2015/09/22 23:42:53-AEST::5-deamon::Uploaded::git.png
2015/10/24 01:15:43-AEST::5-deamon::Uploaded::Hearthstone Screenshot 10-24-15 01.13.36.png
2016/03/06 19:03:44-AEST::5-deamon::Uploaded::oculus.jpg
2016/03/06 19:04:49-AEST::5-deamon::Uploaded::moonlanding.jpg
2016/03/06 19:05:29-AEST::5-deamon::Uploaded::global-financial-crisis.jpg
2016/03/06 19:06:17-AEST::5-deamon::Uploaded::great depression.jpg
2016/03/06 19:06:33-AEST::5-deamon::Uploaded::first-website-cern.jpg
2016/03/06 19:06:40-AEST::5-deamon::Uploaded::cathode amusement.jpg
2016/07/16 19:51:47-AEST::5-deamon::Problem::filesize
2016/07/16 19:51:47-AEST::5-deamon::Failed::info.deamon.monsterpass.0.1.apk
2016/07/30 14:46:00-AEST::5-deamon::Problem::filesize
2016/07/30 14:46:00-AEST::5-deamon::Failed::Windows10-Anniversary-Ninjacat.gif
2016/07/30 14:49:55-AEST::5-deamon::Uploaded::Windows10-Anniversary-Ninjacat.gif
2016/07/30 14:50:47-AEST::5-deamon::Deleted::media-50::Windows10-Anniversary-Ninjacat.gif
2016/08/17 16:37:21-AEST::5-deamon::Uploaded::Deamon's Cutdown Forgecraft-1.0.zip
2016/09/29 13:52:25-AEST::5-deamon::Uploaded::Damon_Jones Resume 2016.pdf
2016/10/02 14:59:19-AEST::5-deamon::Uploaded::76 atlantian.png
2016/10/02 15:03:50-AEST::5-deamon::Deleted::media-8::frame.html
2016/10/02 15:10:06-AEST::5-deamon::Deleted::media-44::oculus.jpg
2016/10/02 15:10:11-AEST::5-deamon::Deleted::media-45::moonlanding.jpg
2016/10/02 15:10:20-AEST::5-deamon::Deleted::media-46::global-financial-crisis.jpg
2016/10/02 15:10:24-AEST::5-deamon::Deleted::media-47::great depression.jpg
2016/10/02 15:12:37-AEST::5-deamon::Uploaded::com.adhesivetech.tconnect.1_a.apk
2016/10/02 15:15:05-AEST::5-deamon::Deleted::media-40::Tconnect v0.2.apk
2016/10/07 23:12:52-AEST::5-deamon::Uploaded::1476247_10202809488422783_555661226_n.jpg
2016/10/07 23:15:45-AEST::5-deamon::Uploaded::TVxXUW9.png
2016/10/07 23:17:09-AEST::5-deamon::Uploaded::IMG_20150904_152935.jpg
2016/10/10 19:18:10-AEST::5-deamon::Uploaded::2016-10-10.png
2018/03/04 19:58:36-AEST::5-deamon::Uploaded::icons.zip
2018/10/23 17:07:19-AEST::5-deamon::Uploaded::crossword-3cwZUcpK5B.png
2018/12/22 14:24:43-AEST::5-deamon::Uploaded::Untitled.png
2018/12/22 14:27:53-AEST::5-deamon::Replaced::Untitled.png
2018/12/22 14:28:17-AEST::5-deamon::Replaced::Untitled.png
2018/12/22 14:40:25-AEST::5-deamon::Problem::storefile
2018/12/22 14:40:25-AEST::5-deamon::Failed::2018-12-22_03-00.tar.gz
2018/12/22 14:41:42-AEST::5-deamon::Problem::storefile
2018/12/22 14:41:42-AEST::5-deamon::Failed::2018-12-22_03-00.tar.gz
2018/12/22 14:44:43-AEST::5-deamon::Problem::storefile
2018/12/22 14:44:43-AEST::5-deamon::Failed::2018-12-22_03-00.tar.gz
2018/12/22 14:48:27-AEST::5-deamon::Problem::storefile
2018/12/22 14:48:27-AEST::5-deamon::Failed::2018-12-22_03-00.tar.gz
2018/12/22 14:49:43-AEST::5-deamon::Problem::storefile
2018/12/22 14:49:43-AEST::5-deamon::Failed::ter.txt