
2015/10/05 16:27:57-AEST::92213407-n8857954::DONE:: Remove > 81908605 :: 92213407
2015/10/06 10:24:05-AEST::92213408-jesh::DONE:: Remove > 92213410 :: 92213408
2015/10/06 18:38:55-AEST::92213408-jesh::DONE:: Keep > 92213409 :: 92213408
2015/10/06 18:39:01-AEST::92213408-jesh::DONE:: Remove > 92213407 :: 92213408
2015/10/06 18:39:04-AEST::92213408-jesh::DONE:: Remove > 92213409 :: 92213408
2015/10/06 18:39:06-AEST::92213408-jesh::DONE:: Remove > 92213410 :: 92213408
2015/10/06 18:39:09-AEST::92213408-jesh::DONE:: Remove > 92213407 :: 92213408
2015/10/06 18:39:11-AEST::92213408-jesh::DONE:: Remove > 92213407 :: 92213408
2015/10/06 18:39:12-AEST::92213408-jesh::DONE:: Keep > 92213409 :: 92213408
2015/10/06 19:37:05-AEST::92213408-jesh::DONE:: Remove > 92213407 :: 92213408
2015/10/06 19:40:21-AEST::92213408-jesh::DONE:: Remove > 92213407 :: 92213408
2015/10/06 19:40:29-AEST::92213408-jesh::DONE:: Remove > 92213407 :: 92213408
2015/10/06 19:44:18-AEST::92213408-jesh::DONE:: Remove > 92213407 :: 92213408
2015/10/06 19:46:19-AEST::92213408-jesh::DONE:: Remove > 92213407 :: 92213408
2015/10/06 19:46:35-AEST::92213408-jesh::DONE:: Remove > 92213409 :: 92213408
2015/10/06 19:49:34-AEST::92213408-jesh::DONE:: Remove > 92213409 :: 92213408
2015/10/06 19:51:47-AEST::92213408-jesh::DONE:: Remove > 92213409 :: 92213408
2015/10/06 19:51:50-AEST::92213408-jesh::DONE:: Remove > 92213407 :: 92213408
2015/10/06 19:51:51-AEST::92213408-jesh::DONE:: Remove > 92213409 :: 92213408
2015/10/06 19:51:53-AEST::92213408-jesh::DONE:: Remove > 92213407 :: 92213408
2015/10/06 19:51:55-AEST::92213408-jesh::DONE:: Remove > 92213411 :: 92213408
2015/10/06 20:40:30-AEST::92213408-jesh::DONE:: Remove > 92213409 :: 92213408
2015/10/06 20:40:58-AEST::92213408-jesh::DONE:: Remove > 92213407 :: 92213408
2015/10/06 20:41:01-AEST::92213408-jesh::DONE:: Remove > 92213411 :: 92213408
2015/10/24 19:53:18-AEST::92213407-n8857954::FAILED:: Keep > 92213409 :: 92213407
2015/10/24 19:58:07-AEST::92213407-n8857954::DONE:: Keep > 92213409 :: 92213407
2015/10/24 21:39:54-AEST::92213407-n8857954::DONE:: Remove > 92213409 :: 92213407
2015/10/24 21:40:35-AEST::92213407-n8857954::DONE:: Remove > 92213409 :: 92213407
2015/10/24 21:44:12-AEST::92213407-n8857954::DONE:: Remove > 92213409 :: 92213407
2015/10/24 21:46:07-AEST::92213407-n8857954::DONE:: Remove > 92213409 :: 92213407
2015/10/24 21:46:34-AEST::92213407-n8857954::DONE:: Remove > 92213408 :: 92213407
2015/10/24 21:47:21-AEST::92213407-n8857954::DONE:: Remove > 92213408 :: 92213407
2015/10/24 22:02:24-AEST::92213407-n8857954::DONE:: Remove > 92213408 :: 92213407
2015/10/24 22:02:26-AEST::92213407-n8857954::DONE:: Remove > 92213409 :: 92213407
2015/10/24 22:46:44-AEST::92213407-n8857954::DONE:: Remove > 92213409 :: 92213407
2015/10/24 23:05:49-AEST::92213407-n8857954::DONE:: Remove > 92213409 :: 92213407
2015/10/24 23:10:22-AEST::92213407-n8857954::DONE:: Remove > 92213409 :: 92213407
2015/10/24 23:12:51-AEST::92213407-n8857954::DONE:: Remove > 92213409 :: 92213407
2015/10/24 23:13:23-AEST::92213407-n8857954::DONE:: Remove > 92213408 :: 92213407
2015/10/24 23:15:06-AEST::92213407-n8857954::DONE:: Remove > 92213408 :: 92213407
2015/10/24 23:19:53-AEST::92213407-n8857954::DONE:: Remove > 92213408 :: 92213407
2015/10/24 23:20:11-AEST::92213407-n8857954::DONE:: Remove > 92213409 :: 92213407
2015/10/24 23:22:08-AEST::92213407-n8857954::DONE:: Remove > 92213409 :: 92213407
2015/10/24 23:22:40-AEST::92213407-n8857954::DONE:: Remove > 92213409 :: 92213407
2015/10/24 23:26:50-AEST::92213407-n8857954::DONE:: Remove > 92213409 :: 92213407
2015/10/24 23:26:50-AEST::92213407-n8857954::COMPLETE::1::Kept::92213409
2015/10/24 23:28:40-AEST::92213407-n8857954::DONE:: Remove > 92213409 :: 92213407
2015/10/24 23:28:40-AEST::92213407-n8857954::COMPLETE::1::Kept::92213409
2015/10/24 23:30:36-AEST::92213407-n8857954::DONE:: Remove > 92213409 :: 92213407
2015/10/24 23:30:36-AEST::92213407-n8857954::COMPLETE::1::removed::92213409
2015/10/24 23:58:14-AEST::92213407-n8857954::DONE:: Remove > 92213408 :: 92213407
2015/10/25 00:01:31-AEST::92213407-n8857954::DONE:: Add > 81986746 :: 92213407
2015/10/25 00:05:02-AEST::92213407-n8857954::DONE:: Add > 81908605 :: 92213407
2015/10/25 00:11:53-AEST::92213407-n8857954::DONE:: Accept > 81908605 :: 92213407
2015/10/25 00:12:50-AEST::92213407-n8857954::DONE:: Accept > 81908605 :: 92213407
2015/10/25 00:12:50-AEST::92213407-n8857954::COMPLETE::1::added::81908605
2015/10/25 00:17:19-AEST::92213407-n8857954::DONE:: Add > 81986746 :: 92213407
2015/10/25 00:17:24-AEST::92213407-n8857954::DONE:: Add > 81908605 :: 92213407
2015/10/25 00:18:36-AEST::92213407-n8857954::DONE:: Accept > 81908605 :: 92213407
2015/10/25 00:18:36-AEST::92213407-n8857954::COMPLETE::1::added::81908605
2015/10/25 00:29:18-AEST::92213407-n8857954::DONE:: Accept > 81908605 :: 92213407
2015/10/25 00:29:47-AEST::92213407-n8857954::DONE:: Accept > 81908605 :: 92213407
2015/10/25 00:30:35-AEST::92213407-n8857954::DONE:: Accept > 81908605 :: 92213407
2015/10/25 00:31:39-AEST::92213407-n8857954::DONE:: Accept > 81908605 :: 92213407
2015/10/25 00:31:39-AEST::92213407-n8857954::COMPLETE::1::added::81908605
2015/10/25 00:33:20-AEST::92213408-jesh::DONE:: Accept > 81908605 :: 92213408
2015/10/25 00:34:02-AEST::92213408-jesh::DONE:: Accept > 81908605 :: 92213408
2015/10/25 00:34:02-AEST::92213408-jesh::COMPLETE::1::added::81908605
2015/10/25 00:34:31-AEST::92213408-jesh::DONE:: Accept > 81986746 :: 92213408
2015/10/25 00:34:35-AEST::92213407-n8857954::DONE:: Remove > 81908605 :: 92213407
2015/10/25 00:34:39-AEST::92213408-jesh::DONE:: Remove > 81908605 :: 92213408
2015/10/25 01:05:41-AEST::92213407-n8857954::DONE:: Remove > 92213408 :: 92213407
2015/10/25 01:05:54-AEST::92213407-n8857954::DONE:: Keep > 92213408 :: 92213407
2015/10/25 01:06:03-AEST::92213407-n8857954::DONE:: Remove > 92213408 :: 92213407
2015/10/25 01:21:46-AEST::92213407-n8857954::DONE:: Decline > 81986746 :: 92213407
2015/10/25 01:45:27-AEST::92213407-n8857954::DONE:: Accept > 81908605 :: 92213407
2015/10/25 01:45:58-AEST::92213407-n8857954::DONE:: Decline > 81908605 :: 92213407
2015/10/25 01:46:00-AEST::92213407-n8857954::DONE:: Accept > 81908605 :: 92213407
2015/10/26 15:54:46-AEST::92213408-jesh::DONE:: Accept > 81986746 :: 92213408
2015/10/26 21:30:31-AEST::92213407-n8857954::DONE:: Keep > 92213408 :: 92213407
2015/10/26 21:30:36-AEST::92213407-n8857954::DONE:: Remove > 92213408 :: 92213407
2015/10/26 22:08:41-AEST::92213408-jesh::DONE:: Remove > 92213410 :: 92213408
2015/10/26 22:08:55-AEST::92213408-jesh::DONE:: Remove > 92213410 :: 92213408
2015/10/26 22:18:13-AEST::92213407-n8857954::DONE:: Decline > 81908605 :: 92213407
2015/10/26 22:18:20-AEST::92213407-n8857954::DONE:: Accept > 81908605 :: 92213407
2015/10/27 01:04:20-AEST::92213408-jesh::DONE:: Decline > 81908605 :: 92213408
2015/10/27 13:50:20-AEST::92213408-jesh::DONE:: Accept > 81986746 :: 92213408
2015/10/27 13:50:28-AEST::92213408-jesh::DONE:: Remove > 92213407 :: 92213408
2015/10/27 14:05:30-AEST::92213408-jesh::DONE:: Remove > 92213407 :: 92213408
2015/10/27 14:26:26-AEST::92213408-jesh::DONE:: Keep > 92213407 :: 92213408
2015/10/27 14:26:30-AEST::92213408-jesh::DONE:: Remove > 92213407 :: 92213408
2015/10/27 14:33:45-AEST::92213407-n8857954::Overide::1::added::81986746
2015/10/27 14:33:55-AEST::92213407-n8857954::Overide::1::removed::81986746
2015/10/27 15:29:27-AEST::92213408-jesh::Overide::1::Kept::92213407
2015/10/27 16:58:16-AEST::92213408-jesh::Overide::10::removed::81087636
2015/10/27 17:02:08-AEST::92213408-jesh::Overide::10::added::81908605
2015/10/27 17:02:36-AEST::92213408-jesh::Overide::10::added::81087636
2015/10/27 17:03:35-AEST::92213408-jesh::Overide::10::removed::81087636
2015/10/27 17:03:42-AEST::92213408-jesh::Overide::10::added::81087636
2015/10/27 17:06:49-AEST::92213408-jesh::Overide::10::removed::81087636
2015/10/27 17:46:16-AEST::92213407-n8857954::Overide::10::added::81087636
2015/10/27 17:47:34-AEST::92213407-n8857954::Overide::10::added::81908605
2015/10/27 20:53:41-AEST::92213408-jesh::Overide::15::removed::92213411
2015/10/27 21:11:38-AEST::92213408-jesh::Overide::15::added::92213411
2015/10/27 21:33:16-AEST::92213412-emma::DONE:: Add > 92213413 :: 92213412
2015/10/27 21:33:16-AEST::92213412-emma::COMPLETE::18::added::92213413
2015/10/27 21:34:16-AEST::92213412-emma::DONE:: Add > 75560985 :: 92213412
2015/10/27 21:34:28-AEST::92213413-emmaa::DONE:: Decline > 75560985 :: 92213413
2015/10/27 21:34:28-AEST::92213413-emmaa::COMPLETE::18::rejected::75560985
2015/10/27 21:35:39-AEST::92213412-emma::DONE:: Add > 75560985 :: 92213412
2015/10/27 21:35:44-AEST::92213413-emmaa::DONE:: Decline > 75560985 :: 92213413
2015/10/27 21:35:44-AEST::92213413-emmaa::COMPLETE::18::rejected::75560985
2015/10/27 21:36:10-AEST::92213413-emmaa::DONE:: Add > 75560985 :: 92213413
2015/10/27 21:36:23-AEST::92213412-emma::DONE:: Accept > 75560985 :: 92213412
2015/10/27 21:36:23-AEST::92213412-emma::COMPLETE::18::added::75560985
2015/10/27 21:37:54-AEST::92213412-emma::DONE:: Remove > 75560985 :: 92213412
2015/10/27 21:38:08-AEST::92213413-emmaa::DONE:: Remove > 75560985 :: 92213413
2015/10/27 21:38:08-AEST::92213413-emmaa::COMPLETE::18::removed::75560985
2015/10/27 21:39:37-AEST::92213413-emmaa::DONE:: Add > 75560985 :: 92213413
2015/10/27 21:39:51-AEST::92213412-emma::DONE:: Accept > 75560985 :: 92213412
2015/10/27 21:39:51-AEST::92213412-emma::COMPLETE::18::added::75560985
2015/10/27 21:39:55-AEST::92213412-emma::DONE:: Remove > 75560985 :: 92213412
2015/10/27 21:40:07-AEST::92213413-emmaa::DONE:: Keep > 75560985 :: 92213413
2015/10/27 21:40:07-AEST::92213413-emmaa::COMPLETE::18::Kept::75560985
2015/10/27 22:05:58-AEST::92213407-n8857954::DONE:: Remove > 92213410 :: 92213407
2015/10/27 22:06:01-AEST::92213407-n8857954::DONE:: Keep > 92213410 :: 92213407
2015/10/27 22:06:09-AEST::92213407-n8857954::DONE:: Decline > 81908605 :: 92213407
2015/10/27 22:06:11-AEST::92213407-n8857954::DONE:: Accept > 81908605 :: 92213407
2015/10/28 14:19:14-AEST::92213407-n8857954::Overide::1::rejected::81908605
2015/10/28 18:20:00-AEST::92213407-n8857954::Overide::1::removed::92213410
2017/11/25 19:30:45-AEST::92213407-n8857954::Overide::1::Kept::92213408