
2015/09/13 20:26:27-AEST::92213407-n8857954::Set::
2015/09/13 21:06:27-AEST::92213408-jesh::Set::
2015/09/16 11:07:39-AEST::81087636-81087636::Set::
2015/09/16 11:09:29-AEST::81986746-81986746::Set::
2015/09/16 11:12:47-AEST::81908605-81908605::Set::
2015/09/19 13:47:25-AEST::92213411-dwinterr::Set::
2015/09/21 13:24:51-AEST::92213411-dwinterr::Failed_Set::
2015/09/21 13:27:12-AEST::92213411-dwinterr::Failed_Set::
2015/09/21 13:30:22-AEST::92213411-dwinterr::Failed_Set::
2015/09/21 13:31:56-AEST::92213411-dwinterr::Failed_Set::
2015/09/21 13:45:52-AEST::92213411-dwinterr::Failed_Set::
2015/09/21 14:00:28-AEST::92213411-dwinterr::Failed_Set::
2015/09/21 14:05:24-AEST::92213411-dwinterr::Failed_Set::
2015/09/21 14:09:45-AEST::92213411-dwinterr::Set::
2015/09/21 22:32:06-AEST::92213411-dwinterr::Set::
2015/09/21 22:33:24-AEST::92213411-dwinterr::Set::
2015/09/21 22:33:39-AEST::92213411-dwinterr::Set::
2015/09/21 22:35:23-AEST::92213411-dwinterr::Set::
2015/10/06 23:06:02-AEST::92213411-dwinterr::Set::
2015/10/06 23:06:05-AEST::92213411-dwinterr::Set::
2015/10/06 23:11:35-AEST::92213411-dwinterr::Set::
2015/10/06 23:11:39-AEST::92213411-dwinterr::Set::
2015/10/06 23:11:54-AEST::92213411-dwinterr::Set::
2015/10/06 23:11:56-AEST::92213411-dwinterr::Set::
2015/10/06 23:13:31-AEST::92213411-dwinterr::Set::
2015/10/06 23:13:34-AEST::92213411-dwinterr::Set::
2015/10/06 23:14:40-AEST::92213411-dwinterr::Set::
2015/10/06 23:29:42-AEST::92213408-jesh::Set::
2015/10/06 23:34:34-AEST::92213408-jesh::Set::
2015/10/06 23:37:40-AEST::92213408-jesh::Set::
2015/10/06 23:39:38-AEST::92213408-jesh::Set::
2015/10/07 20:45:36-AEST::92213407-n8857954::Updated::
2015/10/07 20:45:40-AEST::92213407-n8857954::Updated::
2015/10/07 21:43:04-AEST::92213408-jesh::Updated::
2015/10/07 21:43:06-AEST::92213408-jesh::Updated::
2015/10/10 18:55:10-AEST::92213407-n8857954::Updated::
2015/10/10 19:02:31-AEST::92213407-n8857954::Updated::
2015/10/10 19:02:57-AEST::92213407-n8857954::Updated::
2015/10/10 19:04:40-AEST::92213407-n8857954::Updated::
2015/10/10 19:04:46-AEST::92213407-n8857954::Updated::
2015/10/10 19:05:34-AEST::92213407-n8857954::Updated::
2015/10/10 19:12:31-AEST::92213407-n8857954::Updated::
2015/10/10 19:13:24-AEST::92213407-n8857954::Updated::
2015/10/10 19:14:28-AEST::92213407-n8857954::Updated::
2015/10/10 19:14:44-AEST::92213407-n8857954::Updated::
2015/10/10 19:16:35-AEST::92213407-n8857954::Updated::
2015/10/10 19:16:56-AEST::92213407-n8857954::Updated::
2015/10/10 19:17:42-AEST::92213407-n8857954::Updated::
2015/10/10 19:18:02-AEST::92213407-n8857954::Updated::
2015/10/10 19:18:37-AEST::92213407-n8857954::Updated::
2015/10/13 22:34:32-AEST::92213408-jesh::Updated::
2015/10/14 23:09:36-AEST::92213408-jesh::Updated::
2015/10/14 23:10:53-AEST::92213408-jesh::Updated::
2015/10/23 18:38:06-AEST::92213408-jesh::Updated::
2015/10/25 21:28:42-AEST::92213408-jesh::Updated::
2015/10/26 15:54:12-AEST::92213408-jesh::Updated::
2015/10/26 17:48:10-AEST::92213408-jesh::Updated::
2015/10/26 18:29:56-AEST::92213408-jesh::Updated::
2015/10/27 21:20:04-AEST::92213408-jesh::Updated::
2015/10/27 21:20:15-AEST::92213408-jesh::Updated::
2015/10/27 21:25:45-AEST::92213412-emma::Set::
2015/10/27 21:28:39-AEST::92213413-emmaa::Set::
2015/10/27 23:08:17-AEST::92213414-administrator::Set::
2015/10/28 18:16:43-AEST::92213416-yuefengli::Set::
2015/10/28 18:22:16-AEST::92213418-n8858593::Set::
2015/10/28 18:23:28-AEST::92213417-tutor::Set::
2016/05/29 21:05:45-AEST::92213415-n8858594::Set::