
2015/09/15 20:25:48-AEST::92213407-n8857954::Created::2::92213407
2015/09/15 20:25:48-AEST::92213407-n8857954::2 :: Inserted Members
2015/09/15 20:27:58-AEST::92213407-n8857954::Created::3::92213407
2015/09/15 20:27:58-AEST::92213407-n8857954::3 :: Inserted Members
2015/09/15 20:30:34-AEST::92213407-n8857954::Created::4::92213407
2015/09/15 20:30:34-AEST::92213407-n8857954::4 :: Inserted Members
2015/09/15 20:33:02-AEST::92213407-n8857954::Created::5::92213407
2015/09/15 20:33:02-AEST::92213407-n8857954::5 :: Inserted Members
2015/09/17 01:58:41-AEST::92213407-n8857954::Created::6::92213407
2015/09/17 01:58:41-AEST::92213407-n8857954::6 :: Inserted Members
2015/09/22 19:53:04-AEST::92213407-n8857954::Created::7::92213407
2015/09/22 19:53:04-AEST::92213407-n8857954::7 :: Inserted Members
2015/09/22 19:57:56-AEST::92213407-n8857954::Created::8::92213407
2015/09/22 19:57:56-AEST::92213407-n8857954::8 :: Inserted Members
2015/09/22 20:07:01-AEST::92213407-n8857954::Created::9::92213407
2015/09/22 20:07:01-AEST::92213407-n8857954::9 :: Inserted Members
2015/09/22 20:07:01-AEST::92213407-n8857954::Created::10::92213407
2015/09/22 20:07:01-AEST::92213407-n8857954::10 :: Inserted Members
2015/10/24 16:57:29-AEST::92213407-n8857954::Created::11::92213407
2015/10/24 16:59:06-AEST::92213407-n8857954::Created::12::92213407
2015/10/26 16:01:47-AEST::92213408-jesh::Name Change::Thing
2015/10/26 16:04:57-AEST::92213407-n8857954::Name Change::Null
2015/10/26 16:13:41-AEST::92213407-n8857954::Name Change::null
2015/10/26 16:13:51-AEST::92213407-n8857954::Name Change::Null
2015/10/26 16:17:53-AEST::92213407-n8857954::Name Change::something
2015/10/26 16:18:27-AEST::92213407-n8857954::Name Change::Null
2015/10/26 17:52:06-AEST::92213408-jesh::Name Change::Team 1
2015/10/26 20:36:29-AEST::92213407-n8857954::Name Change::Null
2015/10/26 20:58:36-AEST::92213407-n8857954::Name Change::team awesome
2015/10/26 20:59:14-AEST::92213407-n8857954::Name Change::null
2015/10/26 21:01:02-AEST::92213407-n8857954::Name Change::null
2015/10/27 12:00:57-AEST::92213408-jesh::Name Change::Null
2015/10/27 17:29:02-AEST::92213407-n8857954::Created::13::92213407
2015/10/27 17:29:02-AEST::92213407-n8857954::13 :: Inserted Members
2015/10/27 17:29:02-AEST::92213407-n8857954::Created::14::92213407
2015/10/27 17:29:02-AEST::92213407-n8857954::14 :: Inserted Members
2015/10/27 17:43:43-AEST::92213407-n8857954::Created::15::92213407
2015/10/27 17:43:43-AEST::92213407-n8857954::15 :: Inserted Members
2015/10/27 17:49:01-AEST::92213407-n8857954::Name Change::Automated Tech
2015/10/27 21:26:03-AEST::92213412-emma::Created::16::92213412
2015/10/27 21:28:52-AEST::92213413-emmaa::Created::17::92213413
2015/10/27 21:29:03-AEST::92213413-emmaa::Name Change::bob
2015/10/27 21:29:36-AEST::92213412-emma::Created::18::92213412
2015/10/27 22:45:35-AEST::92213407-n8857954::Name Change::Nullifier
2015/10/27 22:48:35-AEST::92213407-n8857954::Name Change::Null