
2015/10/26 17:47:57-AEST::92213407-n8857954::Revoking::92213407
2015/10/27 13:46:46-AEST::92213408-jesh::Revoking::92213408
2015/10/27 13:46:52-AEST::92213408-jesh::Revoking::92213408
2015/10/27 13:46:59-AEST::92213408-jesh::Raising::92213408
2015/10/27 13:47:03-AEST::92213408-jesh::Raising::92213408
2015/10/27 13:47:07-AEST::92213408-jesh::Raising::92213408
2015/10/27 13:47:13-AEST::92213408-jesh::Raising::92213408
2015/10/27 13:47:26-AEST::92213408-jesh::Raising::92213408
2015/10/27 13:47:40-AEST::92213408-jesh::Raising::92213408
2015/10/27 13:47:44-AEST::92213408-jesh::Raising::92213408
2015/10/27 14:34:58-AEST::92213408-jesh::Raising::92213407
2015/10/27 14:35:03-AEST::92213408-jesh::Raising::92213407
2015/10/27 17:39:03-AEST::92213408-jesh::Raising::92213408
2015/10/27 17:39:07-AEST::92213408-jesh::Revoking::92213407
2015/10/27 17:39:09-AEST::92213408-jesh::Raising::92213407
2015/10/27 20:40:00-AEST::92213408-jesh::Revoking::92213408
2015/10/27 20:40:11-AEST::92213408-jesh::Raising::92213407
2015/10/27 20:40:13-AEST::92213408-jesh::Revoking::92213408
2015/10/27 20:40:18-AEST::92213408-jesh::Raising::92213407
2015/10/27 20:40:23-AEST::92213408-jesh::Revoking::92213408
2015/10/27 20:40:30-AEST::92213408-jesh::Raising::92213407
2015/10/27 20:41:56-AEST::92213408-jesh::Revoking::92213408
2015/10/27 20:57:34-AEST::92213408-jesh::Revoking::92213407
2015/10/27 20:57:43-AEST::92213408-jesh::Raising::92213407
2015/10/27 20:57:47-AEST::92213408-jesh::Raising::92213407
2015/10/27 21:01:11-AEST::92213408-jesh::Revoking::92213407
2015/10/27 21:01:17-AEST::92213408-jesh::Revoking::92213407
2015/10/27 21:45:48-AEST::92213408-jesh::Raising::92147934
2015/10/27 21:45:50-AEST::92213408-jesh::Raising::92147934
2015/10/27 21:45:52-AEST::92213408-jesh::Revoking::92147934
2015/10/27 21:45:54-AEST::92213408-jesh::Revoking::92147934
2015/10/27 21:46:05-AEST::92213408-jesh::Revoking::92213406
2015/10/27 22:34:36-AEST::92213407-n8857954::Revoking::92106766
2015/10/27 22:34:38-AEST::92213407-n8857954::Revoking::92138790
2015/10/27 22:34:45-AEST::92213407-n8857954::Revoking::92106766
2015/10/27 22:39:52-AEST::92213407-n8857954::Revoking::92106766
2015/10/27 22:41:12-AEST::92213407-n8857954::Revoking::92213406
2015/10/27 23:28:50-AEST::92213408-jesh::Revoking::92213408
2015/10/27 23:28:58-AEST::92213408-jesh::Raising::92213408
2015/10/27 23:29:04-AEST::92213408-jesh::Revoking::92213408
2015/10/27 23:29:39-AEST::92213408-jesh::Raising::92213408
2015/10/27 23:35:03-AEST::92213414-administrator::Revoking::92213413
2015/10/27 23:36:58-AEST::92213414-administrator::Raising::92213412
2015/10/27 23:36:59-AEST::92213414-administrator::Raising::92213412
2015/10/27 23:37:01-AEST::92213414-administrator::Raising::92213412
2015/10/27 23:37:02-AEST::92213414-administrator::Revoking::92213412
2015/10/27 23:37:04-AEST::92213414-administrator::Revoking::92213412
2015/10/27 23:38:29-AEST::92213414-administrator::Revoking::92213412
2015/10/27 23:59:09-AEST::92213407-n8857954::Group Tutor::SET::emma
2015/10/28 00:00:17-AEST::92213407-n8857954::Group Tutor::SET::jesh
2015/10/28 00:00:24-AEST::92213407-n8857954::Group Tutor::SET::emma
2015/10/28 00:10:09-AEST::92213407-n8857954::Group Tutor::SET::jesh
2015/10/28 10:00:11-AEST::92213408-jesh::Raising::92213408
2015/10/28 10:00:13-AEST::92213408-jesh::Revoking::92213408
2015/10/28 10:00:29-AEST::92213408-jesh::Raising::92213408
2015/10/28 10:45:56-AEST::92213407-n8857954::Revoking::92213408
2015/10/28 10:46:19-AEST::92213407-n8857954::Revoking::92213408
2015/10/28 11:05:31-AEST::92213414-administrator::Raising::92213412
2015/10/28 11:16:15-AEST::92213414-administrator::Revoking::92213407
2015/10/28 11:51:49-AEST::92213414-administrator::Raising::92213407
2015/10/28 12:10:25-AEST::92213414-administrator::Revoking::92213407
2015/10/28 14:05:44-AEST::92213407-n8857954::Raising::92213407
2015/10/28 14:36:31-AEST::92213414-administrator::Revoking::92213412
2015/10/28 14:38:49-AEST::92213407-n8857954::Revoking::92213412
2015/10/28 14:40:36-AEST::92213407-n8857954::Group Tutor::SET::emma
2015/10/28 18:10:54-AEST::92213407-n8857954::Revoking::92213408
2015/10/28 18:17:10-AEST::92213414-administrator::Raising::92213416
2015/10/28 18:19:16-AEST::92213407-n8857954::Group Tutor::SET::tutor
2015/10/28 18:19:31-AEST::92213407-n8857954::Group Tutor::SET::yuefengli
2015/11/05 23:38:16-AEST::92213414-administrator::Raising::92213408
2017/11/25 19:32:20-AEST::92213408-jesh::Raising::92213407
2017/11/25 19:32:22-AEST::92213407-n8857954::Revoking::92213408
2017/11/25 19:32:43-AEST::92213407-n8857954::Raising::92213408
2017/11/25 19:32:45-AEST::92213408-jesh::Raising::92213412
2017/11/25 19:32:47-AEST::92213408-jesh::Revoking::92213412
2017/11/25 19:32:47-AEST::92213407-n8857954::Raising::92213407
2017/11/25 19:35:54-AEST::92213407-n8857954::Revoking::92213408
2017/11/25 19:36:05-AEST::92213407-n8857954::Revoking::92213408