
2015/08/28 19:31:43-AEST::-::Failed::
2015/08/28 19:31:43-AEST::-::Failed::
2015/08/28 19:31:56-AEST::-::Failed::roflmonsterjh
2015/08/28 19:36:41-AEST::-::Failed::
2015/08/29 14:19:27-AEST::-::Failed::fg
2015/08/31 14:49:36-AEST::-::Failed::tjfj
2015/08/31 14:49:46-AEST::-::Failed::admin
2015/08/31 14:58:52-AEST::-::Failed::admin
2015/08/31 14:59:15-AEST::-::Failed::22134460
2015/08/31 14:59:31-AEST::-::Failed::n22134460
2015/08/31 14:59:47-AEST::-::Failed::22134460
2015/08/31 15:00:37-AEST::-::Failed::
2015/08/31 15:01:00-AEST::-::Failed::n22134460
2015/09/01 18:16:23-AEST::-::Failed::n8858594
2015/09/02 12:44:41-AEST::-::Failed::jesh
2015/09/16 11:06:20-AEST::-::Failed::812804395
2015/09/19 13:16:37-AEST::-::Failed::24332880
2015/09/19 13:40:46-AEST::-::Failed::dwinter
2015/09/22 15:21:46-AEST::-::Failed::deamon
2015/09/22 15:28:24-AEST::-::Failed::n8858594
2015/09/23 12:07:32-AEST::-::Failed::jesh
2015/10/03 04:23:12-AEST::-::Failed::jesh
2015/10/03 04:23:17-AEST::-::Failed::jesh
2015/10/04 22:16:57-AEST::-::Failed::dsfdsf
2015/10/04 22:17:00-AEST::-::Failed::jesh
2015/10/04 22:17:05-AEST::-::Failed::jesh
2015/10/05 13:57:13-AEST::-::Failed::test
2015/10/05 14:20:58-AEST::92213408-jesh::Failed::jimbo
2015/10/05 14:21:22-AEST::92213408-jesh::Failed::jimbo
2015/10/05 14:21:56-AEST::92213408-jesh::Failed::jimbo
2015/10/05 14:23:03-AEST::92213408-jesh::Failed::jimbo
2015/10/05 14:25:00-AEST::92213408-jesh::Failed::jimbo
2015/10/05 14:25:05-AEST::92213408-jesh::Failed::jimbo
2015/10/05 14:27:49-AEST::92213408-jesh::Failed::jimbo
2015/10/05 14:28:11-AEST::92213408-jesh::Failed::dfdsf
2015/10/05 14:28:21-AEST::92213408-jesh::Failed::dfdsf
2015/10/05 14:34:09-AEST::92213408-jesh::Failed::dfdsfds
2015/10/05 14:34:41-AEST::92213408-jesh::Failed::ewrwe
2015/10/05 14:35:23-AEST::92213408-jesh::Failed::ewrwe
2015/10/05 14:35:59-AEST::92213408-jesh::Failed::fdsfdsf
2015/10/05 15:15:09-AEST::92213408-jesh::Failed::dr. man
2015/10/05 23:17:35-AEST::-::(Supervisor) Failed::dr. man
2015/10/05 23:17:44-AEST::-::(Supervisor) Failed::jesh
2015/10/05 23:17:58-AEST::-::(Supervisor) Failed::jimbo
2015/10/05 23:18:40-AEST::-::(Supervisor) Failed::jimbo
2015/10/05 23:19:16-AEST::-::(Supervisor) Failed::jimbo
2015/10/05 23:21:30-AEST::92213408-jesh::(Supervisor) Failed::jimbo
2015/10/05 23:22:39-AEST::-::(Supervisor) Failed::jimbo
2015/10/05 23:23:04-AEST::-::(Supervisor) Failed::jimbo
2015/10/05 23:23:22-AEST::-::(Supervisor) Failed::jimbo
2015/10/05 23:24:38-AEST::92213408-jesh::(Supervisor) Failed::jimbo
2015/10/05 23:24:49-AEST::-::(Supervisor) Failed::jimbo
2015/10/05 23:26:52-AEST::-::(Supervisor) Failed::jimbo
2015/10/05 23:28:30-AEST::-::(Supervisor) Failed::jimbo
2015/10/05 23:29:20-AEST::-::(Supervisor) Failed::jimbo
2015/10/05 23:29:29-AEST::-::(Supervisor) Failed::jimbo
2015/10/05 23:30:10-AEST::-::(Supervisor) Failed::jimbo
2015/10/05 23:32:35-AEST::-::(Supervisor) Failed::jimbo
2015/10/05 23:32:57-AEST::-::(Supervisor) Failed::jimbo
2015/10/05 23:35:41-AEST::-::(Supervisor) Failed6a013abbe0b00c1c126d624389021efd|1d57ebc304265b6cf77cee63298708ed::jimbo
2015/10/05 23:35:44-AEST::-::(Supervisor) Failed6a013abbe0b00c1c126d624389021efd|1d57ebc304265b6cf77cee63298708ed::jimbo
2015/10/05 23:40:55-AEST::-::Failed::super
2015/10/05 23:41:00-AEST::-::(Supervisor) Failedac0a476e239b5aa41fb86fbf950e3827|0f11abf68d7164b7b93f6bec00b6d6a5::super
2015/10/05 23:45:24-AEST::-::Failed::super
2015/10/05 23:45:29-AEST::-::(Supervisor) Failed9e683342635cdf8ba3009ae1cd8b1942|1bd7ce08707b3d907ea72358fe195681::super
2015/10/05 23:46:01-AEST::-::(Supervisor) Failed9e683342635cdf8ba3009ae1cd8b1942|1bd7ce08707b3d907ea72358fe195681::super
2015/10/05 23:46:53-AEST::-::(Supervisor) Failed|81bc8f3119953dfc64917c2de998710d::dddd
2015/10/05 23:46:58-AEST::-::Failed::dddd
2015/10/05 23:47:04-AEST::-::(Supervisor) Failed|bd3bd50cbe6e1fd761feaf0746050513::dddd
2015/10/06 09:27:08-AEST::-::(Supervisor) Failed277c737c1c70537cf6ad7f4e78463960|55793d842dfa36add0283e694ef76a1b::test
2015/10/06 10:20:08-AEST::-::Failed::jesh
2015/10/06 17:34:22-AEST::-::Failed::josh
2015/10/07 00:54:56-AEST::-::Failed::jesh
2015/10/07 11:21:01-AEST::-::Failed::josh
2015/10/07 11:21:17-AEST::-::Failed::josh
2015/10/07 11:21:39-AEST::-::Failed::josh
2015/10/07 11:22:11-AEST::-::Failed::josh
2015/10/07 11:23:08-AEST::-::Failed::josh
2015/10/07 11:25:34-AEST::-::Failed::josh
2015/10/07 11:25:50-AEST::-::Failed::josh
2015/10/07 11:26:21-AEST::-::Failed::josh
2015/10/07 11:26:29-AEST::-::Failed::josh
2015/10/07 11:26:33-AEST::-::Failed::josh
2015/10/07 12:18:52-AEST::-::Failed::josh
2015/10/07 18:16:51-AEST::-::Failed::jesh
2015/10/09 05:28:34-AEST::-::Failed::josh
2015/10/09 05:28:44-AEST::-::Failed::josh
2015/10/10 15:59:57-AEST::-::(Supervisor) Failed|de1748b8e441262b29d1d482a5764578::jesh
2015/10/10 17:46:43-AEST::-::Failed::josh
2015/10/10 18:23:40-AEST::-::Failed::jesh
2015/10/10 18:53:41-AEST::-::Failed::josh
2015/10/13 09:54:33-AEST::-::Failed::jesh
2015/10/13 21:08:20-AEST::-::Failed::jesh
2015/10/13 23:28:43-AEST::-::(Supervisor) Failed|de1748b8e441262b29d1d482a5764578::jesh
2015/10/13 23:28:57-AEST::-::(Supervisor) Failed|de1748b8e441262b29d1d482a5764578::jesh
2015/10/13 23:29:42-AEST::-::Failed::josh
2015/10/14 12:13:44-AEST::-::(Supervisor) Failed293ed2260ca2afa857e52eabc122b229|14aaa047a25334cd511e35debcba5afa::josh
2015/10/14 23:21:09-AEST::-::Failed::josh
2015/10/14 23:21:17-AEST::-::(Supervisor) Failed|de1748b8e441262b29d1d482a5764578::jesh
2015/10/16 23:17:00-AEST::-::Failed::jesh
2015/10/20 08:22:21-AEST::-::Failed::josh
2015/10/20 08:22:22-AEST::-::Failed::
2015/10/23 18:31:59-AEST::-::Failed::jesh
2015/10/23 18:41:00-AEST::-::(Supervisor) Failed|ea71f5647ac47e5811cac3573d595409::jesh
2015/10/23 20:59:33-AEST::-::Failed::jesh
2015/10/23 20:59:44-AEST::-::Failed::jesh
2015/10/24 19:21:30-AEST::-::Failed::josh
2015/10/24 19:21:39-AEST::-::Failed::josh
2015/10/24 22:11:02-AEST::-::(Supervisor) Failed|de1748b8e441262b29d1d482a5764578::jesh
2015/10/24 22:11:18-AEST::-::(Supervisor) Failed|de1748b8e441262b29d1d482a5764578::jesh
2015/10/24 22:33:48-AEST::-::Failed::josh
2015/10/25 16:18:49-AEST::-::Failed::josh
2015/10/25 16:19:00-AEST::-::(Supervisor) Failed293ed2260ca2afa857e52eabc122b229|82684306b7733b2afb0702957778ba75::josh
2015/10/26 12:55:33-AEST::-::(Supervisor) Failed|de1748b8e441262b29d1d482a5764578::jesh
2015/10/26 15:21:40-AEST::-::(Supervisor) Failed|de1748b8e441262b29d1d482a5764578::jesh
2015/10/26 15:31:12-AEST::-::(Supervisor) Failed|de1748b8e441262b29d1d482a5764578::jesh
2015/10/26 15:48:14-AEST::-::Failed::josh
2015/10/26 16:32:07-AEST::-::Failed::josh
2015/10/26 17:43:47-AEST::-::Failed::jesh
2015/10/26 17:43:54-AEST::-::Failed::jesh
2015/10/26 17:44:02-AEST::-::Failed::jesh
2015/10/26 17:44:12-AEST::-::Failed::josh
2015/10/26 17:44:21-AEST::-::Failed::josh
2015/10/26 17:44:44-AEST::-::(Supervisor) Failed293ed2260ca2afa857e52eabc122b229|ab4e3824a8ccabc9b5da3b8c242feb29::josh
2015/10/26 18:28:24-AEST::-::Failed::jesh
2015/10/26 18:41:44-AEST::-::Failed::josh
2015/10/27 06:26:06-AEST::-::Failed::jesh
2015/10/27 11:04:54-AEST::-::Failed::jesh
2015/10/27 13:15:36-AEST::-::Failed::josh
2015/10/27 13:36:02-AEST::-::(Supervisor) Failed293ed2260ca2afa857e52eabc122b229|ee65679a1929379a6248424ee237871f::josh
2015/10/27 16:53:50-AEST::-::Failed::josh
2015/10/27 19:15:37-AEST::-::Failed::josh
2015/10/27 19:15:52-AEST::-::Failed::josh
2015/10/28 10:53:35-AEST::-::Failed::jesh
2015/10/28 14:28:03-AEST::-::(Supervisor) Failed|de1748b8e441262b29d1d482a5764578::jesh
2015/10/28 18:08:45-AEST::-::Failed::jesh
2015/10/28 18:09:37-AEST::-::Failed::supervisor
2015/10/28 23:44:40-AEST::-::Failed::josh
2015/10/28 23:45:20-AEST::-::Failed::josh
2015/10/30 19:09:52-AEST::-::Failed::yuefengli
2015/11/25 14:52:47-AEST::-::(Supervisor) Failedf78ca09d30a8ac7243836d684d97a7d7|9848a069d0a42632229dbf681ca2c941::supervisor
2015/12/14 16:19:54-AEST::-::(Supervisor) Failed|de1748b8e441262b29d1d482a5764578::jesh
2015/12/14 16:20:01-AEST::-::(Supervisor) Failed|de1748b8e441262b29d1d482a5764578::jesh
2016/01/01 21:19:48-AEST::-::Failed::jesh
2016/01/01 21:23:41-AEST::-::Failed::administrator
2016/01/01 21:23:46-AEST::-::Failed::admin
2016/03/23 17:29:29-AEST::-::Failed::dwinterr
2017/11/25 19:26:02-AEST::-::Failed::n8858593
2017/11/25 19:26:36-AEST::-::Failed::n8858594
2017/11/25 19:26:42-AEST::-::Failed::jesh
2017/11/25 19:26:54-AEST::-::(Supervisor) Failed|79aaeb20e4732dca120558a3714a3e77::jesh
2017/11/25 19:26:59-AEST::-::(Supervisor) Failed|62b6ea40b5bb18ae9f30c35f676c6a30::jesh
2017/11/25 19:27:03-AEST::-::Failed::jesh
2017/11/25 19:27:13-AEST::-::(Supervisor) Failed|69ec152b5e354c3bf88b80dd8555aa30::jesh
2017/11/25 19:27:22-AEST::-::(Supervisor) Failed|568295650a5d6d6a7379f9cf343b143e::jesh
2017/11/25 19:27:50-AEST::-::(Supervisor) Failed|0cd6461d3cdc20ba928a516f700cd319::jesh
2017/11/25 19:27:53-AEST::-::Failed::jesh
2017/11/25 19:28:09-AEST::-::(Supervisor) Failed|ae7b9e9b302c64a82e86f5058504e76b::jesh
2017/11/25 19:28:15-AEST::-::(Supervisor) Failed|de1748b8e441262b29d1d482a5764578::jesh
2017/11/25 19:43:35-AEST::-::(Supervisor) Failed|b82206dab2bcaea592ecf9e395219b26::n8857954
2017/11/25 19:43:40-AEST::-::(Supervisor) Failed|de1748b8e441262b29d1d482a5764578::jesh
2017/11/25 19:43:47-AEST::-::(Supervisor) Failed|de1748b8e441262b29d1d482a5764578::jesh
2017/11/25 19:43:48-AEST::-::(Supervisor) Failed|4e57f4cf74e288d9329871877fb8a908::n8858593
2017/11/25 19:43:54-AEST::-::(Supervisor) Failed|796d786fe73c7e38c2a3614eb4a978d7::n8858594