
2015/10/05 15:32:44-AEST::92213407-n8857954::REMOVED::92213407 >> 6 :: by 92213407
2015/10/24 18:00:48-AEST::92213407-n8857954::REMOVED::92213407 >> 12 :: by 92213407
2015/10/24 18:58:40-AEST::92213407-n8857954::REMOVED::92213407 >> 12 :: by 92213407
2015/10/24 18:59:41-AEST::92213407-n8857954::REMOVED::92213407 >> 10 :: by 92213407
2015/10/24 23:30:36-AEST::92213407-n8857954::REMOVED::92213409 >> 1 :: by 92213407
2015/10/25 00:12:50-AEST::92213407-n8857954::FAILED::81908605 >> 1 :: by 92213407
2015/10/25 00:18:36-AEST::92213407-n8857954::ADDED::81908605 >> 1 :: by 92213407
2015/10/25 00:31:39-AEST::92213407-n8857954::ADDED::81908605 >> 1 :: by 92213407
2015/10/25 00:34:02-AEST::92213408-jesh::ADDED::81908605 >> 1 :: by 92213408
2015/10/27 14:33:45-AEST::92213407-n8857954::ADDED::81986746 >> 1 :: by 92213407
2015/10/27 14:33:55-AEST::92213407-n8857954::REMOVED::81986746 >> 1 :: by 92213407
2015/10/27 16:58:16-AEST::92213408-jesh::REMOVED::81087636 >> 10 :: by 92213408
2015/10/27 17:02:08-AEST::92213408-jesh::FAILED::81908605 >> 10 :: by 92213408
2015/10/27 17:02:36-AEST::92213408-jesh::ADDED::81087636 >> 10 :: by 92213408
2015/10/27 17:03:35-AEST::92213408-jesh::REMOVED::81087636 >> 10 :: by 92213408
2015/10/27 17:03:42-AEST::92213408-jesh::ADDED::81087636 >> 10 :: by 92213408
2015/10/27 17:06:49-AEST::92213408-jesh::REMOVED::81087636 >> 10 :: by 92213408
2015/10/27 17:46:16-AEST::92213407-n8857954::ADDED::81087636 >> 10 :: by 92213407
2015/10/27 17:47:34-AEST::92213407-n8857954::FAILED::81908605 >> 10 :: by 92213407
2015/10/27 20:53:41-AEST::92213408-jesh::REMOVED::92213411 >> 15 :: by 92213408
2015/10/27 21:11:38-AEST::92213408-jesh::ADDED::92213411 >> 15 :: by 92213408
2015/10/27 21:30:08-AEST::92213413-emmaa::REMOVED::92213413 >> 17 :: by 92213413
2015/10/27 21:33:16-AEST::92213412-emma::ADDED::92213413 >> 18 :: by 92213412
2015/10/27 21:36:23-AEST::92213412-emma::ADDED::75560985 >> 18 :: by 92213412
2015/10/27 21:38:08-AEST::92213413-emmaa::REMOVED::75560985 >> 18 :: by 92213413
2015/10/27 21:39:51-AEST::92213412-emma::ADDED::75560985 >> 18 :: by 92213412
2015/10/28 18:20:00-AEST::92213407-n8857954::REMOVED::92213410 >> 1 :: by 92213407