
2015/10/26 20:58:36-AEST::92213407-n8857954::Failed::
2015/10/26 20:59:14-AEST::92213407-n8857954::Failed::
2015/10/26 21:01:02-AEST::92213407-n8857954::Posted::
2015/10/26 21:30:31-AEST::92213407-n8857954::Posted::
2015/10/26 21:30:36-AEST::92213407-n8857954::Posted::
2015/10/26 22:03:25-AEST::92213407-n8857954::Posted::Project status
2015/10/26 22:03:25-AEST::92213407-n8857954::Posted::Project status
2015/10/26 22:08:41-AEST::92213408-jesh::Posted::
2015/10/26 22:08:55-AEST::92213408-jesh::Posted::
2015/10/26 22:18:13-AEST::92213407-n8857954::Posted::
2015/10/26 22:18:20-AEST::92213407-n8857954::Posted::
2015/10/26 22:59:24-AEST::92213407-n8857954::Posted::
2015/10/26 22:59:55-AEST::92213407-n8857954::Posted::
2015/10/26 23:20:19-AEST::92213408-jesh::Posted::
2015/10/26 23:20:20-AEST::92213408-jesh::Posted::
2015/10/26 23:20:22-AEST::92213408-jesh::Posted::
2015/10/27 00:23:47-AEST::92213408-jesh::Posted::
2015/10/27 01:04:20-AEST::92213408-jesh::Posted::
2015/10/27 06:26:47-AEST::92213408-jesh::Posted::
2015/10/27 11:16:52-AEST::92213411-dwinterr::Posted::
2015/10/27 11:16:55-AEST::92213411-dwinterr::Posted::
2015/10/27 12:00:57-AEST::92213408-jesh::Posted::
2015/10/27 13:48:05-AEST::92213408-jesh::Posted::
2015/10/27 13:50:20-AEST::92213408-jesh::Posted::
2015/10/27 13:50:28-AEST::92213408-jesh::Posted::
2015/10/27 14:05:30-AEST::92213408-jesh::Posted::
2015/10/27 14:26:26-AEST::92213408-jesh::Posted::
2015/10/27 14:26:30-AEST::92213408-jesh::Posted::
2015/10/27 14:33:45-AEST::92213407-n8857954::Posted::
2015/10/27 14:33:55-AEST::92213407-n8857954::Posted::
2015/10/27 14:54:33-AEST::92213408-jesh::Posted::
2015/10/27 14:54:40-AEST::92213408-jesh::Posted::
2015/10/27 15:29:27-AEST::92213408-jesh::Posted::
2015/10/27 15:52:13-AEST::92213408-jesh::Posted::
2015/10/27 15:52:16-AEST::92213408-jesh::Posted::
2015/10/27 15:52:44-AEST::92213408-jesh::Posted::
2015/10/27 15:52:46-AEST::92213408-jesh::Posted::
2015/10/27 16:58:16-AEST::92213408-jesh::Posted::
2015/10/27 17:02:08-AEST::92213408-jesh::Posted::
2015/10/27 17:02:36-AEST::92213408-jesh::Posted::
2015/10/27 17:03:35-AEST::92213408-jesh::Posted::
2015/10/27 17:03:42-AEST::92213408-jesh::Posted::
2015/10/27 17:06:49-AEST::92213408-jesh::Posted::
2015/10/27 17:46:16-AEST::92213407-n8857954::Posted::
2015/10/27 17:47:34-AEST::92213407-n8857954::Posted::
2015/10/27 17:49:01-AEST::92213407-n8857954::Posted::
2015/10/27 17:51:38-AEST::92213407-n8857954::Posted::Group Creation
2015/10/27 17:51:38-AEST::92213407-n8857954::Posted::Group Creation
2015/10/27 17:52:38-AEST::92213407-n8857954::Posted::Group forming
2015/10/27 17:52:38-AEST::92213407-n8857954::Posted::Group forming
2015/10/27 18:57:37-AEST::92213408-jesh::Posted::
2015/10/27 18:58:40-AEST::92213408-jesh::Posted::
2015/10/27 18:59:53-AEST::92213408-jesh::Posted::
2015/10/27 18:59:59-AEST::92213408-jesh::Posted::
2015/10/27 19:10:39-AEST::92213408-jesh::Posted::
2015/10/27 19:10:41-AEST::92213408-jesh::Posted::
2015/10/27 20:16:20-AEST::92213408-jesh::Posted::
2015/10/27 20:16:34-AEST::92213408-jesh::Posted::
2015/10/27 20:53:41-AEST::92213408-jesh::Posted::
2015/10/27 20:54:00-AEST::92213408-jesh::Posted::
2015/10/27 21:11:38-AEST::92213408-jesh::Posted::
2015/10/27 21:29:03-AEST::92213413-emmaa::Posted::
2015/10/27 21:30:08-AEST::92213413-emmaa::Posted::
2015/10/27 21:33:16-AEST::92213412-emma::Posted::
2015/10/27 21:33:16-AEST::92213412-emma::Posted::
2015/10/27 21:34:16-AEST::92213412-emma::Posted::
2015/10/27 21:34:28-AEST::92213413-emmaa::Posted::
2015/10/27 21:34:28-AEST::92213413-emmaa::Posted::
2015/10/27 21:35:39-AEST::92213412-emma::Posted::
2015/10/27 21:35:44-AEST::92213413-emmaa::Posted::
2015/10/27 21:35:44-AEST::92213413-emmaa::Posted::
2015/10/27 21:36:10-AEST::92213413-emmaa::Posted::
2015/10/27 21:36:23-AEST::92213412-emma::Posted::
2015/10/27 21:36:23-AEST::92213412-emma::Posted::
2015/10/27 21:37:54-AEST::92213412-emma::Posted::
2015/10/27 21:38:08-AEST::92213413-emmaa::Posted::
2015/10/27 21:38:08-AEST::92213413-emmaa::Posted::
2015/10/27 21:39:37-AEST::92213413-emmaa::Posted::
2015/10/27 21:39:51-AEST::92213412-emma::Posted::
2015/10/27 21:39:51-AEST::92213412-emma::Posted::
2015/10/27 21:39:55-AEST::92213412-emma::Posted::
2015/10/27 21:40:07-AEST::92213413-emmaa::Posted::
2015/10/27 21:40:07-AEST::92213413-emmaa::Posted::
2015/10/27 21:43:32-AEST::92213412-emma::Posted::
2015/10/27 21:49:09-AEST::92213407-n8857954::Posted::
2015/10/27 22:05:58-AEST::92213407-n8857954::Posted::
2015/10/27 22:06:01-AEST::92213407-n8857954::Posted::
2015/10/27 22:06:09-AEST::92213407-n8857954::Posted::
2015/10/27 22:06:11-AEST::92213407-n8857954::Posted::
2015/10/27 22:24:30-AEST::92213413-emmaa::Posted::New post
2015/10/27 22:45:35-AEST::92213407-n8857954::Posted::
2015/10/27 22:48:35-AEST::92213407-n8857954::Posted::
2015/10/27 23:59:09-AEST::92213407-n8857954::Failed::
2015/10/28 00:00:17-AEST::92213407-n8857954::Posted::
2015/10/28 00:00:24-AEST::92213407-n8857954::Posted::
2015/10/28 00:10:09-AEST::92213407-n8857954::Posted::
2015/10/28 10:58:48-AEST::92213408-jesh::Posted::
2015/10/28 10:59:34-AEST::92213408-jesh::Posted::
2015/10/28 11:00:03-AEST::92213408-jesh::Posted::
2015/10/28 11:15:25-AEST::92213408-jesh::Posted::
2015/10/28 11:50:36-AEST::92213408-jesh::Posted::
2015/10/28 12:09:22-AEST::92213408-jesh::Posted::
2015/10/28 14:19:14-AEST::92213407-n8857954::Posted::
2015/10/28 14:26:57-AEST::92213407-n8857954::Posted::
2015/10/28 14:40:36-AEST::92213407-n8857954::Posted::
2015/10/28 18:06:08-AEST::92213407-n8857954::Posted::
2015/10/28 18:06:09-AEST::92213407-n8857954::Posted::
2015/10/28 18:06:11-AEST::92213407-n8857954::Posted::
2015/10/28 18:06:12-AEST::92213407-n8857954::Posted::
2015/10/28 18:06:14-AEST::92213407-n8857954::Posted::
2015/10/28 18:06:15-AEST::92213407-n8857954::Posted::
2015/10/28 18:06:42-AEST::92213407-n8857954::Posted::
2015/10/28 18:10:11-AEST::92213407-n8857954::Posted::
2015/10/28 18:19:16-AEST::92213407-n8857954::Posted::
2015/10/28 18:19:31-AEST::92213407-n8857954::Posted::
2015/10/28 18:20:00-AEST::92213407-n8857954::Posted::
2015/11/25 14:51:48-AEST::92213408-jesh::Posted::
2017/11/25 19:30:45-AEST::92213407-n8857954::Posted::
2017/11/25 19:36:33-AEST::92213408-jesh::Posted::
2017/11/25 19:36:34-AEST::92213408-jesh::Posted::
2017/11/25 19:38:24-AEST::92213408-jesh::Posted::
2017/11/25 19:38:28-AEST::92213408-jesh::Posted::
2017/11/25 19:38:37-AEST::92213408-jesh::Posted::
2017/11/25 19:38:38-AEST::92213408-jesh::Posted::
2017/11/25 19:38:39-AEST::92213408-jesh::Posted::
2017/11/25 19:38:39-AEST::92213408-jesh::Posted::
2017/11/25 19:38:40-AEST::92213408-jesh::Posted::
2017/11/25 19:38:57-AEST::92213408-jesh::Posted::
2017/11/25 19:39:01-AEST::92213407-n8857954::Posted::