
2015/09/15 14:55:53-AEST::92213407-n8857954::Sucess::92213407::INB302:Web:Development:
2015/09/15 15:09:07-AEST::92213407-n8857954::Sucess::92213407::INB300:Analysis::
2015/09/15 15:09:21-AEST::92213407-n8857954::Failure::92213407::INB302:Database::
2015/09/15 15:30:36-AEST::92213407-n8857954::Sucess::92213407::INB302:Web:Development:
2015/09/16 11:08:35-AEST::81087636-81087636::Sucess::81087636::INB302:Development:Application:Web
2015/09/16 11:10:06-AEST::81986746-81986746::Sucess::81986746::INB302:Research:Application:Web
2015/09/16 11:13:57-AEST::81908605-81908605::Sucess::81908605::INB302:Development:Web:
2015/09/16 12:08:18-AEST::92213407-n8857954::Sucess::92213407::INB302:Database:Web:
2015/09/22 19:32:02-AEST::92213407-n8857954::Sucess::92213407::INB302:Research:Development:Web
2015/10/09 06:27:14-AEST::92213408-jesh::Sucess::92213408::INB302:Analysis:Database:Research
2015/10/15 00:02:18-AEST::92213407-n8857954::Sucess::92213407::INB302:Web:Application:Development
2015/10/24 16:15:41-AEST::92213407-n8857954::Sucess::92213407::INB300:Application:Research:Development
2015/10/24 16:38:27-AEST::92213407-n8857954::Sucess::92213407::INB300:Analysis::
2015/10/27 13:01:18-AEST::92213408-jesh::Sucess::92213408::INB300:Application:Analysis:Database
2015/10/27 13:07:14-AEST::92213408-jesh::Sucess::92213408::INB302:Analysis:Analysis:Analysis
2015/10/27 20:16:44-AEST::92213407-n8857954::Sucess::92213407::INB302:Database:Application:
2015/10/27 20:30:36-AEST::92213407-n8857954::Sucess::92213407::INB302:Web:Analysis:Application
2015/10/27 20:30:59-AEST::92213407-n8857954::Sucess::92213407::INB302:Database:Web:Application
2015/10/27 20:31:30-AEST::92213408-jesh::Sucess::92213408::INB302:any:Application:Database
2015/10/27 21:46:46-AEST::92213413-emmaa::Sucess::92213413::INB302:Development:Application:Research
2015/10/28 10:56:52-AEST::92213408-jesh::Sucess::92213408::INB375:Application:Database:Research
2015/10/28 11:39:08-AEST::92213408-jesh::Sucess::92213408::IAB330:Analysis:Database:any
2015/10/28 14:03:24-AEST::92213407-n8857954::Sucess::92213407::INB302:Web::