
2015/09/22 17:56:47-AEST::92213407-n8857954::Uploaded::README.md
2015/09/22 18:01:05-AEST::92213407-n8857954::Uploaded::README.md
2015/09/22 18:03:06-AEST::92213407-n8857954::Uploaded::site.txt
2015/09/22 18:03:36-AEST::92213407-n8857954::Uploaded::README.md
2015/09/22 18:03:48-AEST::92213407-n8857954::Deleted::media-37::site.txt
2015/09/22 18:03:54-AEST::92213407-n8857954::Uploaded::site.txt
2015/09/22 18:06:45-AEST::92213407-n8857954::Deleted::media-38::README_0.md
2015/09/22 18:31:01-AEST::92213408-jesh::Deleted::media-39::site.txt
2015/09/22 18:31:18-AEST::92213407-n8857954::Uploaded::README.md
2015/09/22 18:39:45-AEST::92213407-n8857954::Uploaded::1380078_10201429769764479_2054867537_n.jpg
2015/10/10 21:10:38-AEST::92213407-n8857954::Uploaded::mods.txt
2015/10/10 21:10:45-AEST::92213407-n8857954::Deleted::media-42::mods.txt
2015/10/10 21:22:49-AEST::92213407-n8857954::Uploaded::mods.txt
2015/10/10 21:23:18-AEST::92213407-n8857954::Deleted::media-43::mods.txt
2015/10/10 21:23:57-AEST::92213408-jesh::Uploaded::lowresman.png
2015/10/13 14:55:20-AEST::92213407-n8857954::Uploaded::mods.txt
2015/10/13 15:40:18-AEST::92213407-n8857954::Replaced::mods.txt
2015/10/13 15:40:45-AEST::92213407-n8857954::Deleted::media-45::mods.txt
2015/10/13 15:41:50-AEST::92213407-n8857954::Uploaded::studentlistforteamworker.csv
2015/10/23 21:57:38-AEST::92213408-jesh::Uploaded::test.jpg
2015/10/23 22:00:42-AEST::92213408-jesh::Replaced::test.jpg
2015/10/23 22:02:18-AEST::92213408-jesh::Uploaded::test2.jpg
2015/10/24 21:11:08-AEST::92213408-jesh::Deleted::media-47::test.jpg
2015/10/24 21:11:12-AEST::92213408-jesh::Deleted::media-48::test2.jpg
2015/10/24 21:25:55-AEST::92213408-jesh::Uploaded::test2.jpg
2015/10/26 15:57:24-AEST::92213408-jesh::Problem::storefile
2015/10/26 15:57:24-AEST::92213408-jesh::Failed::New Bitmap Image.bmp
2015/10/26 22:59:24-AEST::92213407-n8857954::Uploaded::matrixmultiplier.txt
2015/10/26 22:59:55-AEST::92213407-n8857954::Deleted::media-50::matrixmultiplier.txt
2015/10/27 21:42:28-AEST::92213412-emma::Problem::storefile
2015/10/27 21:42:28-AEST::92213412-emma::Failed::New Bitmap Image.bmp
2015/10/27 21:42:46-AEST::92213412-emma::Problem::storefile
2015/10/27 21:42:46-AEST::92213412-emma::Failed::New Bitmap Image.bmp
2015/10/27 21:43:32-AEST::92213412-emma::Uploaded::Untitled.png
2015/10/27 21:49:09-AEST::92213407-n8857954::Uploaded::site.txt
2015/10/28 10:58:48-AEST::92213408-jesh::Uploaded::38.0.2125.104.manifest
2015/10/28 18:06:08-AEST::92213407-n8857954::Deleted::media-40::README_0.md
2015/10/28 18:06:09-AEST::92213407-n8857954::Deleted::media-41::1380078_10201429769764479_2054867537_n.jpg
2015/10/28 18:06:11-AEST::92213407-n8857954::Deleted::media-44::lowresman.png
2015/10/28 18:06:12-AEST::92213407-n8857954::Deleted::media-46::studentlistforteamworker.csv
2015/10/28 18:06:14-AEST::92213407-n8857954::Deleted::media-49::test2.jpg
2015/10/28 18:06:15-AEST::92213407-n8857954::Deleted::media-52::site.txt
2015/10/28 18:06:42-AEST::92213407-n8857954::Deleted::media-53::38.0.2125.104.manifest
2015/10/28 18:10:11-AEST::92213407-n8857954::Deleted::media-51::Untitled.png
2017/11/25 19:38:57-AEST::92213408-jesh::Uploaded::07.jpg
2017/11/25 19:39:01-AEST::92213407-n8857954::Uploaded::Screenshot (1).png