
2015/08/28 15:51:38-AEST::-::Import:1 :: Done!
2015/08/28 15:51:38-AEST::-::Import:2 :: Done!
2015/08/28 15:51:38-AEST::-::Import:3 :: Failed! - 22134460,Jecob,Grey

2015/08/28 15:53:27-AEST::-::Import:1 :: Done!
2015/08/28 15:53:27-AEST::-::Import:2 :: Failed! - 25902940,Nick,Sherme

2015/08/28 15:53:27-AEST::-::Import:3 :: Done!
2015/08/28 15:53:30-AEST::-::Import:1 :: Done!
2015/08/28 15:53:30-AEST::-::Import:2 :: Done!
2015/08/28 15:53:30-AEST::-::Import:3 :: Done!
2015/08/28 15:54:37-AEST::-::Import:1 :: Done!
2015/08/28 15:54:37-AEST::-::Import:2 :: Done!
2015/08/28 15:54:37-AEST::-::Import:3 :: Done!
2015/08/28 15:57:55-AEST::-::Import:1 :: Done!
2015/08/28 15:57:55-AEST::-::Import:2 :: Done!
2015/08/28 15:57:55-AEST::-::Import:3 :: Done!
2015/08/28 15:59:23-AEST::-::Import:1 :: Done!
2015/08/28 15:59:23-AEST::-::Import:2 :: Done!
2015/08/28 15:59:23-AEST::-::Import:3 :: Done!
2015/08/28 16:01:41-AEST::-::Import:1 :: Failed! - 24332880,Metthew,Nuhn

2015/08/28 16:01:41-AEST::-::Import:2 :: Done!
2015/08/28 16:01:41-AEST::-::Import:3 :: Done!
2015/08/28 16:01:41-AEST::-::Import:4 :: Done!
2015/08/28 16:01:41-AEST::-::Import:5 :: Failed! - 50687977 ,Victor,Alverez

2015/08/28 16:01:41-AEST::-::Import:6 :: Failed! - 50958474 ,Tom,Gee Kee

2015/08/28 16:01:41-AEST::-::Import:7 :: Failed! - 60821693 ,Alex,Werdle

2015/08/28 16:01:41-AEST::-::Import:8 :: Done!
2015/08/28 16:02:24-AEST::-::Import:1 :: Done!
2015/08/28 16:02:24-AEST::-::Import:2 :: Done!
2015/08/28 16:02:24-AEST::-::Import:3 :: Done!
2015/08/28 16:02:24-AEST::-::Import:4 :: Failed! - 50420938 ,Metthew,Wilmen

2015/08/28 16:02:24-AEST::-::Import:5 :: Done!
2015/08/28 16:02:24-AEST::-::Import:6 :: Done!
2015/08/28 16:02:24-AEST::-::Import:7 :: Done!
2015/08/28 16:02:24-AEST::-::Import:8 :: Done!
2015/08/28 16:02:28-AEST::-::Import:1 :: Done!
2015/08/28 16:02:28-AEST::-::Import:2 :: Done!
2015/08/28 16:02:28-AEST::-::Import:3 :: Done!
2015/08/28 16:02:28-AEST::-::Import:4 :: Done!
2015/08/28 16:02:28-AEST::-::Import:5 :: Done!
2015/08/28 16:02:28-AEST::-::Import:6 :: Done!
2015/08/28 16:02:28-AEST::-::Import:7 :: Done!
2015/08/28 16:02:28-AEST::-::Import:8 :: Done!
2015/08/28 16:02:31-AEST::-::Import:1 :: Done!
2015/08/28 16:02:31-AEST::-::Import:2 :: Failed! - 25902940,Nick,Sherme

2015/08/28 16:02:31-AEST::-::Import:3 :: Done!
2015/08/28 16:02:31-AEST::-::Import:4 :: Done!
2015/08/28 16:02:31-AEST::-::Import:5 :: Done!
2015/08/28 16:02:31-AEST::-::Import:6 :: Done!
2015/08/28 16:02:31-AEST::-::Import:7 :: Done!
2015/08/28 16:02:31-AEST::-::Import:8 :: Done!
2015/08/28 16:02:33-AEST::-::Import:1 :: Done!
2015/08/28 16:02:33-AEST::-::Import:2 :: Done!
2015/08/28 16:02:33-AEST::-::Import:3 :: Done!
2015/08/28 16:02:33-AEST::-::Import:4 :: Done!
2015/08/28 16:02:33-AEST::-::Import:5 :: Done!
2015/08/28 16:02:33-AEST::-::Import:6 :: Done!
2015/08/28 16:02:33-AEST::-::Import:7 :: Done!
2015/08/28 16:02:33-AEST::-::Import:8 :: Done!
2015/08/28 16:03:55-AEST::-::Import:1 :: Done!
2015/08/28 16:03:55-AEST::-::Import:2 :: Done!
2015/08/28 16:03:55-AEST::-::Import:3 :: Failed! - 22134460,Jecob,Grey

2015/08/28 16:03:55-AEST::-::Import:4 :: Done!
2015/08/28 16:03:55-AEST::-::Import:5 :: Done!
2015/08/28 16:03:55-AEST::-::Import:6 :: Done!
2015/08/28 16:03:55-AEST::-::Import:7 :: Done!
2015/08/28 16:03:55-AEST::-::Import:8 :: Done!
2015/08/28 16:03:55-AEST::-::Import:9 :: Failed! - 70203403 ,Moneer Akeb M,Herredine

2015/08/28 16:03:55-AEST::-::Import:10 :: Failed! - 72027558 ,Ahmed Omer M,Lene

2015/08/28 16:03:55-AEST::-::Import:11 :: Done!
2015/08/28 16:03:55-AEST::-::Import:12 :: Done!
2015/08/28 16:03:55-AEST::-::Import:13 :: Done!
2015/08/28 16:03:55-AEST::-::Import:14 :: Done!
2015/08/28 16:03:55-AEST::-::Import:15 :: Done!
2015/08/28 16:03:55-AEST::-::Import:16 :: Done!
2015/08/28 16:03:55-AEST::-::Import:17 :: Done!
2015/08/28 16:03:55-AEST::-::Import:18 :: Done!
2015/08/28 16:03:55-AEST::-::Import:19 :: Done!
2015/08/28 16:03:55-AEST::-::Import:20 :: Done!
2015/08/28 16:03:55-AEST::-::Import:21 :: Done!
2015/08/28 16:03:55-AEST::-::Import:22 :: Done!
2015/08/28 16:03:55-AEST::-::Import:23 :: Failed! - 81104395 ,Abdulleh Abduleziz N,McCebe

2015/08/28 16:03:55-AEST::-::Import:24 :: Done!
2015/08/28 16:03:55-AEST::-::Import:25 :: Done!
2015/08/28 16:03:55-AEST::-::Import:26 :: Done!
2015/08/28 16:03:55-AEST::-::Import:27 :: Done!
2015/08/28 16:03:55-AEST::-::Import:28 :: Done!
2015/08/28 16:03:55-AEST::-::Import:29 :: Done!
2015/08/28 16:03:55-AEST::-::Import:30 :: Done!
2015/08/28 16:03:55-AEST::-::Import:31 :: Done!
2015/08/28 16:03:55-AEST::-::Import:32 :: Done!
2015/08/28 16:03:55-AEST::-::Import:33 :: Failed! - 81430471 ,Duncen,Sentry

2015/08/28 16:03:55-AEST::-::Import:34 :: Done!
2015/08/28 16:03:55-AEST::-::Import:35 :: Done!
2015/08/28 16:03:55-AEST::-::Import:36 :: Done!
2015/08/28 16:03:55-AEST::-::Import:37 :: Done!
2015/08/28 16:03:55-AEST::-::Import:38 :: Done!
2015/08/28 16:03:55-AEST::-::Import:39 :: Done!
2015/08/28 16:03:55-AEST::-::Import:40 :: Done!
2015/08/28 16:03:55-AEST::-::Import:41 :: Failed! - 81585911 ,Tristen,Henlon

2015/08/28 16:03:55-AEST::-::Import:42 :: Done!
2015/08/28 16:03:55-AEST::-::Import:43 :: Done!
2015/08/28 16:03:55-AEST::-::Import:44 :: Failed! - 81594945 ,Petrick,Tincknell

2015/08/28 16:03:55-AEST::-::Import:45 :: Done!
2015/08/28 16:03:55-AEST::-::Import:46 :: Done!
2015/08/28 16:03:55-AEST::-::Import:47 :: Done!
2015/08/28 16:03:55-AEST::-::Import:48 :: Failed! - 81628769 ,Andrew,Zheng

2015/08/28 16:03:55-AEST::-::Import:49 :: Done!
2015/08/28 16:03:55-AEST::-::Import:50 :: Done!
2015/08/28 16:03:55-AEST::-::Import:51 :: Done!
2015/08/28 16:03:55-AEST::-::Import:52 :: Done!
2015/08/28 16:03:55-AEST::-::Import:53 :: Done!
2015/08/28 16:03:55-AEST::-::Import:54 :: Done!
2015/08/28 16:03:55-AEST::-::Import:55 :: Done!
2015/08/28 16:03:55-AEST::-::Import:56 :: Done!
2015/08/28 16:03:55-AEST::-::Import:57 :: Done!
2015/08/28 16:03:55-AEST::-::Import:58 :: Done!
2015/08/28 16:03:55-AEST::-::Import:59 :: Done!
2015/08/28 16:03:55-AEST::-::Import:60 :: Done!
2015/08/28 16:03:55-AEST::-::Import:61 :: Done!
2015/08/28 16:03:55-AEST::-::Import:62 :: Done!
2015/08/28 16:03:55-AEST::-::Import:63 :: Done!
2015/08/28 16:03:55-AEST::-::Import:64 :: Done!
2015/08/28 16:03:55-AEST::-::Import:65 :: Done!
2015/08/28 16:03:55-AEST::-::Import:66 :: Done!
2015/08/28 16:03:55-AEST::-::Import:67 :: Done!
2015/08/28 16:03:55-AEST::-::Import:68 :: Done!
2015/08/28 16:03:55-AEST::-::Import:69 :: Done!
2015/08/28 16:03:55-AEST::-::Import:70 :: Failed! - 81750289 ,Semuel,Osmenegeoglu

2015/08/28 16:03:55-AEST::-::Import:71 :: Done!
2015/08/28 16:03:55-AEST::-::Import:72 :: Done!
2015/08/28 16:03:55-AEST::-::Import:73 :: Done!
2015/08/28 16:03:55-AEST::-::Import:74 :: Done!
2015/08/28 16:03:55-AEST::-::Import:75 :: Done!
2015/08/28 16:03:55-AEST::-::Import:76 :: Failed! - 81811229 ,Jene,Hemmill

2015/08/28 16:03:55-AEST::-::Import:77 :: Done!
2015/08/28 16:03:55-AEST::-::Import:78 :: Done!
2015/08/28 16:03:55-AEST::-::Import:79 :: Done!
2015/08/28 16:03:55-AEST::-::Import:80 :: Done!
2015/08/28 16:03:55-AEST::-::Import:81 :: Done!
2015/08/28 16:03:55-AEST::-::Import:82 :: Failed! - 81842205 ,Cleerence Lizendro,Nichol

2015/08/28 16:03:55-AEST::-::Import:83 :: Failed! - 81847380 ,Zhenyu,Howell

2015/08/28 16:03:55-AEST::-::Import:84 :: Done!
2015/08/28 16:03:55-AEST::-::Import:85 :: Done!
2015/08/28 16:03:55-AEST::-::Import:86 :: Done!
2015/08/28 16:03:55-AEST::-::Import:87 :: Done!
2015/08/28 16:03:55-AEST::-::Import:88 :: Done!
2015/08/28 16:03:55-AEST::-::Import:89 :: Done!
2015/08/28 16:03:55-AEST::-::Import:90 :: Done!
2015/08/28 16:03:55-AEST::-::Import:91 :: Done!
2015/08/28 16:03:55-AEST::-::Import:92 :: Done!
2015/08/28 16:03:55-AEST::-::Import:93 :: Done!
2015/08/28 16:03:55-AEST::-::Import:94 :: Done!
2015/08/28 16:03:55-AEST::-::Import:95 :: Failed! - 81925542 ,Shennon,Dheliwel

2015/08/28 16:03:55-AEST::-::Import:96 :: Failed! - 81934053 ,Deyne,Zheng

2015/08/28 16:03:55-AEST::-::Import:97 :: Failed! - 81935173 ,Hoeng,Me

2015/08/28 16:03:55-AEST::-::Import:98 :: Failed! - 81935254 ,Brett,Aw

2015/08/28 16:03:55-AEST::-::Import:99 :: Done!
2015/08/28 16:03:55-AEST::-::Import:100 :: Failed! - 81941866 ,Xin,O'Celleghen

2015/08/28 16:03:55-AEST::-::Import:101 :: Done!
2015/08/28 16:03:55-AEST::-::Import:102 :: Done!
2015/08/28 16:03:55-AEST::-::Import:103 :: Failed! - 81963398 ,Jessie,Orr

2015/08/28 16:03:55-AEST::-::Import:104 :: Done!
2015/08/28 16:03:55-AEST::-::Import:105 :: Done!
2015/08/28 16:03:55-AEST::-::Import:106 :: Failed! - 81986746 ,Metthew,Jeideep Singh

2015/08/28 16:03:55-AEST::-::Import:107 :: Done!
2015/08/28 16:03:55-AEST::-::Import:108 :: Done!
2015/08/28 16:03:55-AEST::-::Import:109 :: Done!
2015/08/28 16:03:55-AEST::-::Import:110 :: Done!
2015/08/28 16:03:55-AEST::-::Import:111 :: Done!
2015/08/28 16:03:55-AEST::-::Import:112 :: Failed! - 92014560 ,Devid,Norris

2015/08/28 16:03:55-AEST::-::Import:113 :: Done!
2015/08/28 16:03:55-AEST::-::Import:114 :: Done!
2015/08/28 16:03:55-AEST::-::Import:115 :: Done!
2015/08/28 16:03:55-AEST::-::Import:116 :: Done!
2015/08/28 16:03:55-AEST::-::Import:117 :: Done!
2015/08/28 16:03:55-AEST::-::Import:118 :: Done!
2015/08/28 16:03:55-AEST::-::Import:119 :: Done!
2015/08/28 16:03:55-AEST::-::Import:120 :: Done!
2015/08/28 16:03:55-AEST::-::Import:121 :: Failed! - 92213406 ,Lee,Joyce
2015/08/28 16:03:57-AEST::-::Import:1 :: Done!
2015/08/28 16:03:57-AEST::-::Import:2 :: Done!
2015/08/28 16:03:57-AEST::-::Import:3 :: Done!
2015/08/28 16:03:57-AEST::-::Import:4 :: Done!
2015/08/28 16:03:57-AEST::-::Import:5 :: Done!
2015/08/28 16:03:57-AEST::-::Import:6 :: Done!
2015/08/28 16:03:57-AEST::-::Import:7 :: Done!
2015/08/28 16:03:57-AEST::-::Import:8 :: Failed! - 70143494 ,Thenh Dung,Dwyer

2015/08/28 16:03:57-AEST::-::Import:9 :: Done!
2015/08/28 16:03:57-AEST::-::Import:10 :: Done!
2015/08/28 16:03:57-AEST::-::Import:11 :: Done!
2015/08/28 16:03:57-AEST::-::Import:12 :: Failed! - 73730988 ,Yezeed Bender M,Perker

2015/08/28 16:03:57-AEST::-::Import:13 :: Done!
2015/08/28 16:03:57-AEST::-::Import:14 :: Failed! - 76310588 ,Aden,Nguyen

2015/08/28 16:03:57-AEST::-::Import:15 :: Failed! - 76810704 ,Christopher,Albeqmi

2015/08/28 16:03:57-AEST::-::Import:16 :: Done!
2015/08/28 16:03:57-AEST::-::Import:17 :: Done!
2015/08/28 16:03:57-AEST::-::Import:18 :: Done!
2015/08/28 16:03:57-AEST::-::Import:19 :: Failed! - 81037256 ,Williem,Du Plessis

2015/08/28 16:03:57-AEST::-::Import:20 :: Failed! - 81087636 ,Moeyed Awedh A,Jones

2015/08/28 16:03:57-AEST::-::Import:21 :: Done!
2015/08/28 16:03:57-AEST::-::Import:22 :: Failed! - 81099596 ,Minh Phet,Mecpherson

2015/08/28 16:03:57-AEST::-::Import:23 :: Done!
2015/08/28 16:03:57-AEST::-::Import:24 :: Failed! - 81280495 ,Deniel,Wheeler

2015/08/28 16:03:57-AEST::-::Import:25 :: Done!
2015/08/28 16:03:57-AEST::-::Import:26 :: Done!
2015/08/28 16:03:57-AEST::-::Import:27 :: Done!
2015/08/28 16:03:57-AEST::-::Import:28 :: Done!
2015/08/28 16:03:57-AEST::-::Import:29 :: Failed! - 81388083 ,Qieoqi,Alghuneim

2015/08/28 16:03:57-AEST::-::Import:30 :: Failed! - 81389772 ,Guy,Duong

2015/08/28 16:03:57-AEST::-::Import:31 :: Failed! - 81400962 ,Metthew,Stirling

2015/08/28 16:03:57-AEST::-::Import:32 :: Failed! - 81403571 ,Steven,Spencer

2015/08/28 16:03:57-AEST::-::Import:33 :: Done!
2015/08/28 16:03:57-AEST::-::Import:34 :: Done!
2015/08/28 16:03:57-AEST::-::Import:35 :: Done!
2015/08/28 16:03:57-AEST::-::Import:36 :: Done!
2015/08/28 16:03:57-AEST::-::Import:37 :: Done!
2015/08/28 16:03:57-AEST::-::Import:38 :: Done!
2015/08/28 16:03:57-AEST::-::Import:39 :: Done!
2015/08/28 16:03:57-AEST::-::Import:40 :: Done!
2015/08/28 16:03:57-AEST::-::Import:41 :: Done!
2015/08/28 16:03:57-AEST::-::Import:42 :: Failed! - 81590397 ,Yu,Theggerd

2015/08/28 16:03:57-AEST::-::Import:43 :: Done!
2015/08/28 16:03:57-AEST::-::Import:44 :: Done!
2015/08/28 16:03:57-AEST::-::Import:45 :: Failed! - 81595003 ,Zehui,Lloyd

2015/08/28 16:03:57-AEST::-::Import:46 :: Failed! - 81596972 ,Seud Abduleziz M,Berkhout

2015/08/28 16:03:57-AEST::-::Import:47 :: Done!
2015/08/28 16:03:57-AEST::-::Import:48 :: Done!
2015/08/28 16:03:57-AEST::-::Import:49 :: Done!
2015/08/28 16:03:57-AEST::-::Import:50 :: Failed! - 81637342 ,Metthew,Beggermen

2015/08/28 16:03:57-AEST::-::Import:51 :: Done!
2015/08/28 16:03:57-AEST::-::Import:52 :: Done!
2015/08/28 16:03:57-AEST::-::Import:53 :: Done!
2015/08/28 16:03:57-AEST::-::Import:54 :: Failed! - 81684243 ,Chun Hin Justin,Metchett

2015/08/28 16:03:57-AEST::-::Import:55 :: Done!
2015/08/28 16:03:57-AEST::-::Import:56 :: Done!
2015/08/28 16:03:57-AEST::-::Import:57 :: Done!
2015/08/28 16:03:57-AEST::-::Import:58 :: Failed! - 81701709 ,Yunshi,Chung

2015/08/28 16:03:57-AEST::-::Import:59 :: Failed! - 81701873 ,Hui Sheng,Bhimeni

2015/08/28 16:03:57-AEST::-::Import:60 :: Failed! - 81702462 ,Chun-Ting,Ho

2015/08/28 16:03:57-AEST::-::Import:61 :: Done!
2015/08/28 16:03:57-AEST::-::Import:62 :: Done!
2015/08/28 16:03:57-AEST::-::Import:63 :: Done!
2015/08/28 16:03:57-AEST::-::Import:64 :: Done!
2015/08/28 16:03:57-AEST::-::Import:65 :: Done!
2015/08/28 16:03:57-AEST::-::Import:66 :: Done!
2015/08/28 16:03:57-AEST::-::Import:67 :: Done!
2015/08/28 16:03:57-AEST::-::Import:68 :: Done!
2015/08/28 16:03:57-AEST::-::Import:69 :: Failed! - 81747300 ,Derren,Offord

2015/08/28 16:03:57-AEST::-::Import:70 :: Done!
2015/08/28 16:03:57-AEST::-::Import:71 :: Failed! - 81770344 ,Joseph,Choi

2015/08/28 16:03:57-AEST::-::Import:72 :: Done!
2015/08/28 16:03:57-AEST::-::Import:73 :: Done!
2015/08/28 16:03:57-AEST::-::Import:74 :: Done!
2015/08/28 16:03:57-AEST::-::Import:75 :: Done!
2015/08/28 16:03:57-AEST::-::Import:76 :: Done!
2015/08/28 16:03:57-AEST::-::Import:77 :: Done!
2015/08/28 16:03:57-AEST::-::Import:78 :: Done!
2015/08/28 16:03:57-AEST::-::Import:79 :: Done!
2015/08/28 16:03:57-AEST::-::Import:80 :: Done!
2015/08/28 16:03:57-AEST::-::Import:81 :: Failed! - 81824657 ,Albert,Rees

2015/08/28 16:03:57-AEST::-::Import:82 :: Done!
2015/08/28 16:03:57-AEST::-::Import:83 :: Done!
2015/08/28 16:03:57-AEST::-::Import:84 :: Done!
2015/08/28 16:03:57-AEST::-::Import:85 :: Failed! - 81873291 ,Steven,Young

2015/08/28 16:03:57-AEST::-::Import:86 :: Done!
2015/08/28 16:03:57-AEST::-::Import:87 :: Done!
2015/08/28 16:03:57-AEST::-::Import:88 :: Done!
2015/08/28 16:03:57-AEST::-::Import:89 :: Done!
2015/08/28 16:03:57-AEST::-::Import:90 :: Done!
2015/08/28 16:03:57-AEST::-::Import:91 :: Done!
2015/08/28 16:03:57-AEST::-::Import:92 :: Done!
2015/08/28 16:03:57-AEST::-::Import:93 :: Failed! - 81918392 ,Cho Yen,Krotilove

2015/08/28 16:03:57-AEST::-::Import:94 :: Failed! - 81923078 ,Junior,Koey

2015/08/28 16:03:57-AEST::-::Import:95 :: Failed! - 81925542 ,Shennon,Dheliwel

2015/08/28 16:03:57-AEST::-::Import:96 :: Failed! - 81934053 ,Deyne,Zheng

2015/08/28 16:03:57-AEST::-::Import:97 :: Done!
2015/08/28 16:03:57-AEST::-::Import:98 :: Done!
2015/08/28 16:03:57-AEST::-::Import:99 :: Failed! - 81938024 ,Jinxiong,Hui

2015/08/28 16:03:57-AEST::-::Import:100 :: Failed! - 81941866 ,Xin,O'Celleghen

2015/08/28 16:03:57-AEST::-::Import:101 :: Done!
2015/08/28 16:03:57-AEST::-::Import:102 :: Done!
2015/08/28 16:03:57-AEST::-::Import:103 :: Done!
2015/08/28 16:03:57-AEST::-::Import:104 :: Done!
2015/08/28 16:03:57-AEST::-::Import:105 :: Failed! - 81979821 ,Seedit,Weng

2015/08/28 16:03:57-AEST::-::Import:106 :: Done!
2015/08/28 16:03:57-AEST::-::Import:107 :: Done!
2015/08/28 16:03:57-AEST::-::Import:108 :: Failed! - 92013164 ,Sooji,Bretic

2015/08/28 16:03:57-AEST::-::Import:109 :: Done!
2015/08/28 16:03:57-AEST::-::Import:110 :: Done!
2015/08/28 16:03:57-AEST::-::Import:111 :: Done!
2015/08/28 16:03:57-AEST::-::Import:112 :: Done!
2015/08/28 16:03:57-AEST::-::Import:113 :: Done!
2015/08/28 16:03:57-AEST::-::Import:114 :: Done!
2015/08/28 16:03:57-AEST::-::Import:115 :: Done!
2015/08/28 16:03:57-AEST::-::Import:116 :: Done!
2015/08/28 16:03:57-AEST::-::Import:117 :: Done!
2015/08/28 16:03:57-AEST::-::Import:118 :: Failed! - 92138790 ,Reuben,Heckenberg

2015/08/28 16:03:57-AEST::-::Import:119 :: Done!
2015/08/28 16:03:57-AEST::-::Import:120 :: Done!
2015/08/28 16:03:57-AEST::-::Import:121 :: Done!
2015/08/28 16:03:58-AEST::-::Import:1 :: Done!
2015/08/28 16:03:58-AEST::-::Import:2 :: Failed! - 25902940,Nick,Sherme

2015/08/28 16:03:58-AEST::-::Import:3 :: Done!
2015/08/28 16:03:58-AEST::-::Import:4 :: Done!
2015/08/28 16:03:58-AEST::-::Import:5 :: Done!
2015/08/28 16:03:58-AEST::-::Import:6 :: Done!
2015/08/28 16:03:58-AEST::-::Import:7 :: Failed! - 60821693 ,Alex,Werdle

2015/08/28 16:03:58-AEST::-::Import:8 :: Done!
2015/08/28 16:03:58-AEST::-::Import:9 :: Failed! - 70203403 ,Moneer Akeb M,Herredine

2015/08/28 16:03:58-AEST::-::Import:10 :: Done!
2015/08/28 16:03:58-AEST::-::Import:11 :: Done!
2015/08/28 16:03:58-AEST::-::Import:12 :: Done!
2015/08/28 16:03:58-AEST::-::Import:13 :: Failed! - 75560985 ,Frederick,Brey

2015/08/28 16:03:58-AEST::-::Import:14 :: Failed! - 76310588 ,Aden,Nguyen

2015/08/28 16:03:58-AEST::-::Import:15 :: Done!
2015/08/28 16:03:58-AEST::-::Import:16 :: Failed! - 76936702 ,John,Alghemdi

2015/08/28 16:03:58-AEST::-::Import:17 :: Done!
2015/08/28 16:03:58-AEST::-::Import:18 :: Failed! - 81024766 ,Mertin,Alherbi

2015/08/28 16:03:58-AEST::-::Import:19 :: Done!
2015/08/28 16:03:58-AEST::-::Import:20 :: Failed! - 81087636 ,Moeyed Awedh A,Jones

2015/08/28 16:03:58-AEST::-::Import:21 :: Failed! - 81095281 ,Shun-Wen,Begey

2015/08/28 16:03:58-AEST::-::Import:22 :: Failed! - 81099596 ,Minh Phet,Mecpherson

2015/08/28 16:03:58-AEST::-::Import:23 :: Done!
2015/08/28 16:03:58-AEST::-::Import:24 :: Done!
2015/08/28 16:03:58-AEST::-::Import:25 :: Done!
2015/08/28 16:03:58-AEST::-::Import:26 :: Done!
2015/08/28 16:03:58-AEST::-::Import:27 :: Done!
2015/08/28 16:03:58-AEST::-::Import:28 :: Done!
2015/08/28 16:03:58-AEST::-::Import:29 :: Done!
2015/08/28 16:03:58-AEST::-::Import:30 :: Failed! - 81389772 ,Guy,Duong

2015/08/28 16:03:58-AEST::-::Import:31 :: Done!
2015/08/28 16:03:58-AEST::-::Import:32 :: Failed! - 81403571 ,Steven,Spencer

2015/08/28 16:03:58-AEST::-::Import:33 :: Done!
2015/08/28 16:03:58-AEST::-::Import:34 :: Done!
2015/08/28 16:03:58-AEST::-::Import:35 :: Done!
2015/08/28 16:03:58-AEST::-::Import:36 :: Done!
2015/08/28 16:03:58-AEST::-::Import:37 :: Done!
2015/08/28 16:03:58-AEST::-::Import:38 :: Done!
2015/08/28 16:03:58-AEST::-::Import:39 :: Done!
2015/08/28 16:03:58-AEST::-::Import:40 :: Done!
2015/08/28 16:03:58-AEST::-::Import:41 :: Done!
2015/08/28 16:03:58-AEST::-::Import:42 :: Done!
2015/08/28 16:03:58-AEST::-::Import:43 :: Failed! - 81594473 ,Tee Jun,Ten

2015/08/28 16:03:58-AEST::-::Import:44 :: Done!
2015/08/28 16:03:58-AEST::-::Import:45 :: Done!
2015/08/28 16:03:58-AEST::-::Import:46 :: Failed! - 81596972 ,Seud Abduleziz M,Berkhout

2015/08/28 16:03:58-AEST::-::Import:47 :: Failed! - 81620954 ,Abduleziz Mensour G,Allen

2015/08/28 16:03:58-AEST::-::Import:48 :: Done!
2015/08/28 16:03:58-AEST::-::Import:49 :: Done!
2015/08/28 16:03:58-AEST::-::Import:50 :: Done!
2015/08/28 16:03:58-AEST::-::Import:51 :: Failed! - 81646236 ,Zilu,Zheng

2015/08/28 16:03:58-AEST::-::Import:52 :: Done!
2015/08/28 16:03:58-AEST::-::Import:53 :: Done!
2015/08/28 16:03:58-AEST::-::Import:54 :: Done!
2015/08/28 16:03:58-AEST::-::Import:55 :: Done!
2015/08/28 16:03:58-AEST::-::Import:56 :: Failed! - 81689750 ,Chun Pui,Brown

2015/08/28 16:03:58-AEST::-::Import:57 :: Failed! - 81699437 ,Kin Fu,Yeng

2015/08/28 16:03:58-AEST::-::Import:58 :: Done!
2015/08/28 16:03:58-AEST::-::Import:59 :: Done!
2015/08/28 16:03:58-AEST::-::Import:60 :: Done!
2015/08/28 16:03:58-AEST::-::Import:61 :: Failed! - 81703817 ,Ashite Menoj,Alsellom

2015/08/28 16:03:58-AEST::-::Import:62 :: Done!
2015/08/28 16:03:58-AEST::-::Import:63 :: Failed! - 81710414 ,Scott,Wong

2015/08/28 16:03:58-AEST::-::Import:64 :: Done!
2015/08/28 16:03:58-AEST::-::Import:65 :: Failed! - 81718563 ,Chi-Kit,Kwen

2015/08/28 16:03:58-AEST::-::Import:66 :: Failed! - 81720347 ,Dongmin,Chen

2015/08/28 16:03:58-AEST::-::Import:67 :: Done!
2015/08/28 16:03:58-AEST::-::Import:68 :: Done!
2015/08/28 16:03:58-AEST::-::Import:69 :: Done!
2015/08/28 16:03:58-AEST::-::Import:70 :: Done!
2015/08/28 16:03:58-AEST::-::Import:71 :: Done!
2015/08/28 16:03:58-AEST::-::Import:72 :: Done!
2015/08/28 16:03:58-AEST::-::Import:73 :: Done!
2015/08/28 16:03:58-AEST::-::Import:74 :: Done!
2015/08/28 16:03:58-AEST::-::Import:75 :: Done!
2015/08/28 16:03:58-AEST::-::Import:76 :: Done!
2015/08/28 16:03:58-AEST::-::Import:77 :: Done!
2015/08/28 16:03:58-AEST::-::Import:78 :: Done!
2015/08/28 16:03:58-AEST::-::Import:79 :: Done!
2015/08/28 16:03:58-AEST::-::Import:80 :: Failed! - 81824240 ,Jemes,Ivicevic

2015/08/28 16:03:58-AEST::-::Import:81 :: Done!
2015/08/28 16:03:58-AEST::-::Import:82 :: Done!
2015/08/28 16:03:58-AEST::-::Import:83 :: Done!
2015/08/28 16:03:58-AEST::-::Import:84 :: Done!
2015/08/28 16:03:58-AEST::-::Import:85 :: Done!
2015/08/28 16:03:58-AEST::-::Import:86 :: Done!
2015/08/28 16:03:58-AEST::-::Import:87 :: Done!
2015/08/28 16:03:58-AEST::-::Import:88 :: Done!
2015/08/28 16:03:58-AEST::-::Import:89 :: Done!
2015/08/28 16:03:58-AEST::-::Import:90 :: Done!
2015/08/28 16:03:58-AEST::-::Import:91 :: Done!
2015/08/28 16:03:58-AEST::-::Import:92 :: Done!
2015/08/28 16:03:58-AEST::-::Import:93 :: Done!
2015/08/28 16:03:58-AEST::-::Import:94 :: Done!
2015/08/28 16:03:58-AEST::-::Import:95 :: Done!
2015/08/28 16:03:58-AEST::-::Import:96 :: Done!
2015/08/28 16:03:58-AEST::-::Import:97 :: Done!
2015/08/28 16:03:58-AEST::-::Import:98 :: Done!
2015/08/28 16:03:58-AEST::-::Import:99 :: Done!
2015/08/28 16:03:58-AEST::-::Import:100 :: Failed! - 81941866 ,Xin,O'Celleghen

2015/08/28 16:03:58-AEST::-::Import:101 :: Done!
2015/08/28 16:03:58-AEST::-::Import:102 :: Done!
2015/08/28 16:03:58-AEST::-::Import:103 :: Done!
2015/08/28 16:03:58-AEST::-::Import:104 :: Done!
2015/08/28 16:03:58-AEST::-::Import:105 :: Done!
2015/08/28 16:03:58-AEST::-::Import:106 :: Done!
2015/08/28 16:03:58-AEST::-::Import:107 :: Done!
2015/08/28 16:03:58-AEST::-::Import:108 :: Done!
2015/08/28 16:03:58-AEST::-::Import:109 :: Done!
2015/08/28 16:03:58-AEST::-::Import:110 :: Done!
2015/08/28 16:03:58-AEST::-::Import:111 :: Failed! - 92014497 ,Gie,Scott

2015/08/28 16:03:58-AEST::-::Import:112 :: Done!
2015/08/28 16:03:58-AEST::-::Import:113 :: Done!
2015/08/28 16:03:58-AEST::-::Import:114 :: Done!
2015/08/28 16:03:58-AEST::-::Import:115 :: Done!
2015/08/28 16:03:58-AEST::-::Import:116 :: Done!
2015/08/28 16:03:58-AEST::-::Import:117 :: Done!
2015/08/28 16:03:58-AEST::-::Import:118 :: Done!
2015/08/28 16:03:58-AEST::-::Import:119 :: Done!
2015/08/28 16:03:58-AEST::-::Import:120 :: Done!
2015/08/28 16:03:58-AEST::-::Import:121 :: Failed! - 92213406 ,Lee,Joyce
2015/08/28 16:03:59-AEST::-::Import:1 :: Done!
2015/08/28 16:03:59-AEST::-::Import:2 :: Done!
2015/08/28 16:03:59-AEST::-::Import:3 :: Done!
2015/08/28 16:03:59-AEST::-::Import:4 :: Done!
2015/08/28 16:03:59-AEST::-::Import:5 :: Failed! - 50687977 ,Victor,Alverez

2015/08/28 16:03:59-AEST::-::Import:6 :: Failed! - 50958474 ,Tom,Gee Kee

2015/08/28 16:03:59-AEST::-::Import:7 :: Done!
2015/08/28 16:03:59-AEST::-::Import:8 :: Done!
2015/08/28 16:03:59-AEST::-::Import:9 :: Done!
2015/08/28 16:03:59-AEST::-::Import:10 :: Done!
2015/08/28 16:03:59-AEST::-::Import:11 :: Failed! - 72027639 ,Heng Yung,Puc

2015/08/28 16:03:59-AEST::-::Import:12 :: Failed! - 73730988 ,Yezeed Bender M,Perker

2015/08/28 16:03:59-AEST::-::Import:13 :: Done!
2015/08/28 16:03:59-AEST::-::Import:14 :: Done!
2015/08/28 16:03:59-AEST::-::Import:15 :: Done!
2015/08/28 16:03:59-AEST::-::Import:16 :: Done!
2015/08/28 16:03:59-AEST::-::Import:17 :: Failed! - 81004412 ,Leurence,Mek

2015/08/28 16:03:59-AEST::-::Import:18 :: Done!
2015/08/28 16:03:59-AEST::-::Import:19 :: Done!
2015/08/28 16:03:59-AEST::-::Import:20 :: Done!
2015/08/28 16:03:59-AEST::-::Import:21 :: Done!
2015/08/28 16:03:59-AEST::-::Import:22 :: Done!
2015/08/28 16:03:59-AEST::-::Import:23 :: Done!
2015/08/28 16:03:59-AEST::-::Import:24 :: Done!
2015/08/28 16:03:59-AEST::-::Import:25 :: Done!
2015/08/28 16:03:59-AEST::-::Import:26 :: Done!
2015/08/28 16:03:59-AEST::-::Import:27 :: Done!
2015/08/28 16:03:59-AEST::-::Import:28 :: Done!
2015/08/28 16:03:59-AEST::-::Import:29 :: Done!
2015/08/28 16:03:59-AEST::-::Import:30 :: Done!
2015/08/28 16:03:59-AEST::-::Import:31 :: Done!
2015/08/28 16:03:59-AEST::-::Import:32 :: Done!
2015/08/28 16:03:59-AEST::-::Import:33 :: Done!
2015/08/28 16:03:59-AEST::-::Import:34 :: Done!
2015/08/28 16:03:59-AEST::-::Import:35 :: Done!
2015/08/28 16:03:59-AEST::-::Import:36 :: Done!
2015/08/28 16:03:59-AEST::-::Import:37 :: Done!
2015/08/28 16:03:59-AEST::-::Import:38 :: Failed! - 81578443 ,Metthew,Lomes

2015/08/28 16:03:59-AEST::-::Import:39 :: Done!
2015/08/28 16:03:59-AEST::-::Import:40 :: Done!
2015/08/28 16:03:59-AEST::-::Import:41 :: Failed! - 81585911 ,Tristen,Henlon

2015/08/28 16:03:59-AEST::-::Import:42 :: Done!
2015/08/28 16:03:59-AEST::-::Import:43 :: Done!
2015/08/28 16:03:59-AEST::-::Import:44 :: Done!
2015/08/28 16:03:59-AEST::-::Import:45 :: Failed! - 81595003 ,Zehui,Lloyd

2015/08/28 16:03:59-AEST::-::Import:46 :: Failed! - 81596972 ,Seud Abduleziz M,Berkhout

2015/08/28 16:03:59-AEST::-::Import:47 :: Done!
2015/08/28 16:03:59-AEST::-::Import:48 :: Done!
2015/08/28 16:03:59-AEST::-::Import:49 :: Failed! - 81633959 ,Timothy,Jeon

2015/08/28 16:03:59-AEST::-::Import:50 :: Done!
2015/08/28 16:03:59-AEST::-::Import:51 :: Done!
2015/08/28 16:03:59-AEST::-::Import:52 :: Done!
2015/08/28 16:03:59-AEST::-::Import:53 :: Done!
2015/08/28 16:03:59-AEST::-::Import:54 :: Done!
2015/08/28 16:03:59-AEST::-::Import:55 :: Failed! - 81686998 ,Seed Abduleziz S,Merdon

2015/08/28 16:03:59-AEST::-::Import:56 :: Done!
2015/08/28 16:03:59-AEST::-::Import:57 :: Done!
2015/08/28 16:03:59-AEST::-::Import:58 :: Done!
2015/08/28 16:03:59-AEST::-::Import:59 :: Done!
2015/08/28 16:03:59-AEST::-::Import:60 :: Failed! - 81702462 ,Chun-Ting,Ho

2015/08/28 16:03:59-AEST::-::Import:61 :: Done!
2015/08/28 16:03:59-AEST::-::Import:62 :: Failed! - 81706638 ,Mo Tin,Chen

2015/08/28 16:03:59-AEST::-::Import:63 :: Done!
2015/08/28 16:03:59-AEST::-::Import:64 :: Failed! - 81716145 ,Keen,Sun

2015/08/28 16:03:59-AEST::-::Import:65 :: Done!
2015/08/28 16:03:59-AEST::-::Import:66 :: Done!
2015/08/28 16:03:59-AEST::-::Import:67 :: Done!
2015/08/28 16:03:59-AEST::-::Import:68 :: Done!
2015/08/28 16:03:59-AEST::-::Import:69 :: Done!
2015/08/28 16:03:59-AEST::-::Import:70 :: Done!
2015/08/28 16:03:59-AEST::-::Import:71 :: Done!
2015/08/28 16:03:59-AEST::-::Import:72 :: Failed! - 81777284 ,Alyksendr,Lee

2015/08/28 16:03:59-AEST::-::Import:73 :: Done!
2015/08/28 16:03:59-AEST::-::Import:74 :: Failed! - 81805644 ,Frenkie,Bercley

2015/08/28 16:03:59-AEST::-::Import:75 :: Done!
2015/08/28 16:03:59-AEST::-::Import:76 :: Done!
2015/08/28 16:03:59-AEST::-::Import:77 :: Done!
2015/08/28 16:03:59-AEST::-::Import:78 :: Done!
2015/08/28 16:03:59-AEST::-::Import:79 :: Failed! - 81824193 ,Sem,Remington

2015/08/28 16:03:59-AEST::-::Import:80 :: Failed! - 81824240 ,Jemes,Ivicevic

2015/08/28 16:03:59-AEST::-::Import:81 :: Done!
2015/08/28 16:03:59-AEST::-::Import:82 :: Done!
2015/08/28 16:03:59-AEST::-::Import:83 :: Failed! - 81847380 ,Zhenyu,Howell

2015/08/28 16:03:59-AEST::-::Import:84 :: Done!
2015/08/28 16:03:59-AEST::-::Import:85 :: Done!
2015/08/28 16:03:59-AEST::-::Import:86 :: Failed! - 81887705 ,Cellum,Freser

2015/08/28 16:03:59-AEST::-::Import:87 :: Done!
2015/08/28 16:03:59-AEST::-::Import:88 :: Done!
2015/08/28 16:03:59-AEST::-::Import:89 :: Done!
2015/08/28 16:03:59-AEST::-::Import:90 :: Done!
2015/08/28 16:03:59-AEST::-::Import:91 :: Failed! - 81909253 ,Sheohue,Stone

2015/08/28 16:03:59-AEST::-::Import:92 :: Done!
2015/08/28 16:03:59-AEST::-::Import:93 :: Done!
2015/08/28 16:03:59-AEST::-::Import:94 :: Done!
2015/08/28 16:03:59-AEST::-::Import:95 :: Failed! - 81925542 ,Shennon,Dheliwel

2015/08/28 16:03:59-AEST::-::Import:96 :: Done!
2015/08/28 16:03:59-AEST::-::Import:97 :: Done!
2015/08/28 16:03:59-AEST::-::Import:98 :: Done!
2015/08/28 16:03:59-AEST::-::Import:99 :: Done!
2015/08/28 16:03:59-AEST::-::Import:100 :: Failed! - 81941866 ,Xin,O'Celleghen

2015/08/28 16:03:59-AEST::-::Import:101 :: Failed! - 81942161 ,Ven,Kempen

2015/08/28 16:03:59-AEST::-::Import:102 :: Done!
2015/08/28 16:03:59-AEST::-::Import:103 :: Done!
2015/08/28 16:03:59-AEST::-::Import:104 :: Done!
2015/08/28 16:03:59-AEST::-::Import:105 :: Failed! - 81979821 ,Seedit,Weng

2015/08/28 16:03:59-AEST::-::Import:106 :: Done!
2015/08/28 16:03:59-AEST::-::Import:107 :: Done!
2015/08/28 16:03:59-AEST::-::Import:108 :: Done!
2015/08/28 16:03:59-AEST::-::Import:109 :: Done!
2015/08/28 16:03:59-AEST::-::Import:110 :: Failed! - 92014098 ,Jecob,Khen

2015/08/28 16:03:59-AEST::-::Import:111 :: Done!
2015/08/28 16:03:59-AEST::-::Import:112 :: Done!
2015/08/28 16:03:59-AEST::-::Import:113 :: Failed! - 92029036 ,Steven,Lim

2015/08/28 16:03:59-AEST::-::Import:114 :: Failed! - 92074147 ,Keith,Jones

2015/08/28 16:03:59-AEST::-::Import:115 :: Failed! - 92101900 ,Alex,He

2015/08/28 16:03:59-AEST::-::Import:116 :: Done!
2015/08/28 16:03:59-AEST::-::Import:117 :: Done!
2015/08/28 16:03:59-AEST::-::Import:118 :: Done!
2015/08/28 16:03:59-AEST::-::Import:119 :: Done!
2015/08/28 16:03:59-AEST::-::Import:120 :: Done!
2015/08/28 16:03:59-AEST::-::Import:121 :: Done!
2015/08/28 16:04:00-AEST::-::Import:1 :: Failed! - 24332880,Metthew,Nuhn

2015/08/28 16:04:00-AEST::-::Import:2 :: Done!
2015/08/28 16:04:00-AEST::-::Import:3 :: Failed! - 22134460,Jecob,Grey

2015/08/28 16:04:00-AEST::-::Import:4 :: Done!
2015/08/28 16:04:00-AEST::-::Import:5 :: Done!
2015/08/28 16:04:00-AEST::-::Import:6 :: Done!
2015/08/28 16:04:00-AEST::-::Import:7 :: Done!
2015/08/28 16:04:00-AEST::-::Import:8 :: Done!
2015/08/28 16:04:00-AEST::-::Import:9 :: Done!
2015/08/28 16:04:00-AEST::-::Import:10 :: Done!
2015/08/28 16:04:00-AEST::-::Import:11 :: Failed! - 72027639 ,Heng Yung,Puc

2015/08/28 16:04:00-AEST::-::Import:12 :: Done!
2015/08/28 16:04:00-AEST::-::Import:13 :: Done!
2015/08/28 16:04:00-AEST::-::Import:14 :: Done!
2015/08/28 16:04:00-AEST::-::Import:15 :: Done!
2015/08/28 16:04:00-AEST::-::Import:16 :: Done!
2015/08/28 16:04:00-AEST::-::Import:17 :: Done!
2015/08/28 16:04:00-AEST::-::Import:18 :: Done!
2015/08/28 16:04:00-AEST::-::Import:19 :: Done!
2015/08/28 16:04:00-AEST::-::Import:20 :: Failed! - 81087636 ,Moeyed Awedh A,Jones

2015/08/28 16:04:00-AEST::-::Import:21 :: Done!
2015/08/28 16:04:00-AEST::-::Import:22 :: Failed! - 81099596 ,Minh Phet,Mecpherson

2015/08/28 16:04:00-AEST::-::Import:23 :: Done!
2015/08/28 16:04:00-AEST::-::Import:24 :: Done!
2015/08/28 16:04:00-AEST::-::Import:25 :: Done!
2015/08/28 16:04:00-AEST::-::Import:26 :: Done!
2015/08/28 16:04:00-AEST::-::Import:27 :: Done!
2015/08/28 16:04:00-AEST::-::Import:28 :: Done!
2015/08/28 16:04:00-AEST::-::Import:29 :: Done!
2015/08/28 16:04:00-AEST::-::Import:30 :: Failed! - 81389772 ,Guy,Duong

2015/08/28 16:04:00-AEST::-::Import:31 :: Failed! - 81400962 ,Metthew,Stirling

2015/08/28 16:04:00-AEST::-::Import:32 :: Done!
2015/08/28 16:04:00-AEST::-::Import:33 :: Done!
2015/08/28 16:04:00-AEST::-::Import:34 :: Done!
2015/08/28 16:04:00-AEST::-::Import:35 :: Done!
2015/08/28 16:04:00-AEST::-::Import:36 :: Done!
2015/08/28 16:04:00-AEST::-::Import:37 :: Done!
2015/08/28 16:04:00-AEST::-::Import:38 :: Done!
2015/08/28 16:04:00-AEST::-::Import:39 :: Failed! - 81581142 ,Edwerd,Meyers

2015/08/28 16:04:00-AEST::-::Import:40 :: Done!
2015/08/28 16:04:00-AEST::-::Import:41 :: Done!
2015/08/28 16:04:00-AEST::-::Import:42 :: Done!
2015/08/28 16:04:00-AEST::-::Import:43 :: Done!
2015/08/28 16:04:00-AEST::-::Import:44 :: Done!
2015/08/28 16:04:00-AEST::-::Import:45 :: Done!
2015/08/28 16:04:00-AEST::-::Import:46 :: Done!
2015/08/28 16:04:00-AEST::-::Import:47 :: Failed! - 81620954 ,Abduleziz Mensour G,Allen

2015/08/28 16:04:00-AEST::-::Import:48 :: Done!
2015/08/28 16:04:00-AEST::-::Import:49 :: Done!
2015/08/28 16:04:00-AEST::-::Import:50 :: Done!
2015/08/28 16:04:00-AEST::-::Import:51 :: Done!
2015/08/28 16:04:00-AEST::-::Import:52 :: Done!
2015/08/28 16:04:00-AEST::-::Import:53 :: Done!
2015/08/28 16:04:00-AEST::-::Import:54 :: Done!
2015/08/28 16:04:00-AEST::-::Import:55 :: Failed! - 81686998 ,Seed Abduleziz S,Merdon

2015/08/28 16:04:00-AEST::-::Import:56 :: Done!
2015/08/28 16:04:00-AEST::-::Import:57 :: Done!
2015/08/28 16:04:00-AEST::-::Import:58 :: Done!
2015/08/28 16:04:00-AEST::-::Import:59 :: Done!
2015/08/28 16:04:00-AEST::-::Import:60 :: Done!
2015/08/28 16:04:00-AEST::-::Import:61 :: Failed! - 81703817 ,Ashite Menoj,Alsellom

2015/08/28 16:04:00-AEST::-::Import:62 :: Failed! - 81706638 ,Mo Tin,Chen

2015/08/28 16:04:00-AEST::-::Import:63 :: Done!
2015/08/28 16:04:00-AEST::-::Import:64 :: Done!
2015/08/28 16:04:00-AEST::-::Import:65 :: Done!
2015/08/28 16:04:00-AEST::-::Import:66 :: Done!
2015/08/28 16:04:00-AEST::-::Import:67 :: Done!
2015/08/28 16:04:00-AEST::-::Import:68 :: Done!
2015/08/28 16:04:00-AEST::-::Import:69 :: Done!
2015/08/28 16:04:00-AEST::-::Import:70 :: Done!
2015/08/28 16:04:00-AEST::-::Import:71 :: Done!
2015/08/28 16:04:00-AEST::-::Import:72 :: Failed! - 81777284 ,Alyksendr,Lee

2015/08/28 16:04:00-AEST::-::Import:73 :: Done!
2015/08/28 16:04:00-AEST::-::Import:74 :: Done!
2015/08/28 16:04:00-AEST::-::Import:75 :: Failed! - 81806713 ,Jorden,Thomes

2015/08/28 16:04:00-AEST::-::Import:76 :: Done!
2015/08/28 16:04:00-AEST::-::Import:77 :: Done!
2015/08/28 16:04:00-AEST::-::Import:78 :: Done!
2015/08/28 16:04:00-AEST::-::Import:79 :: Done!
2015/08/28 16:04:00-AEST::-::Import:80 :: Failed! - 81824240 ,Jemes,Ivicevic

2015/08/28 16:04:00-AEST::-::Import:81 :: Done!
2015/08/28 16:04:00-AEST::-::Import:82 :: Done!
2015/08/28 16:04:00-AEST::-::Import:83 :: Done!
2015/08/28 16:04:00-AEST::-::Import:84 :: Done!
2015/08/28 16:04:00-AEST::-::Import:85 :: Done!
2015/08/28 16:04:00-AEST::-::Import:86 :: Done!
2015/08/28 16:04:00-AEST::-::Import:87 :: Done!
2015/08/28 16:04:00-AEST::-::Import:88 :: Done!
2015/08/28 16:04:00-AEST::-::Import:89 :: Done!
2015/08/28 16:04:00-AEST::-::Import:90 :: Done!
2015/08/28 16:04:00-AEST::-::Import:91 :: Done!
2015/08/28 16:04:00-AEST::-::Import:92 :: Failed! - 81911622 ,Peir Gen,Terry

2015/08/28 16:04:00-AEST::-::Import:93 :: Failed! - 81918392 ,Cho Yen,Krotilove

2015/08/28 16:04:00-AEST::-::Import:94 :: Failed! - 81923078 ,Junior,Koey

2015/08/28 16:04:00-AEST::-::Import:95 :: Done!
2015/08/28 16:04:00-AEST::-::Import:96 :: Done!
2015/08/28 16:04:00-AEST::-::Import:97 :: Done!
2015/08/28 16:04:00-AEST::-::Import:98 :: Done!
2015/08/28 16:04:00-AEST::-::Import:99 :: Done!
2015/08/28 16:04:00-AEST::-::Import:100 :: Failed! - 81941866 ,Xin,O'Celleghen

2015/08/28 16:04:00-AEST::-::Import:101 :: Done!
2015/08/28 16:04:00-AEST::-::Import:102 :: Failed! - 81961221 ,Yuet Yiu,Nguyen

2015/08/28 16:04:00-AEST::-::Import:103 :: Done!
2015/08/28 16:04:00-AEST::-::Import:104 :: Done!
2015/08/28 16:04:00-AEST::-::Import:105 :: Done!
2015/08/28 16:04:00-AEST::-::Import:106 :: Done!
2015/08/28 16:04:00-AEST::-::Import:107 :: Done!
2015/08/28 16:04:00-AEST::-::Import:108 :: Done!
2015/08/28 16:04:00-AEST::-::Import:109 :: Done!
2015/08/28 16:04:00-AEST::-::Import:110 :: Done!
2015/08/28 16:04:00-AEST::-::Import:111 :: Done!
2015/08/28 16:04:00-AEST::-::Import:112 :: Done!
2015/08/28 16:04:00-AEST::-::Import:113 :: Done!
2015/08/28 16:04:00-AEST::-::Import:114 :: Failed! - 92074147 ,Keith,Jones

2015/08/28 16:04:00-AEST::-::Import:115 :: Failed! - 92101900 ,Alex,He

2015/08/28 16:04:00-AEST::-::Import:116 :: Done!
2015/08/28 16:04:00-AEST::-::Import:117 :: Failed! - 92138099 ,Jerry,Sunge

2015/08/28 16:04:00-AEST::-::Import:118 :: Done!
2015/08/28 16:04:00-AEST::-::Import:119 :: Failed! - 92147934 ,Devid,Weidt

2015/08/28 16:04:00-AEST::-::Import:120 :: Done!
2015/08/28 16:04:00-AEST::-::Import:121 :: Failed! - 92213406 ,Lee,Joyce
2015/08/28 16:04:01-AEST::-::Import:1 :: Failed! - 24332880,Metthew,Nuhn

2015/08/28 16:04:01-AEST::-::Import:2 :: Done!
2015/08/28 16:04:01-AEST::-::Import:3 :: Done!
2015/08/28 16:04:01-AEST::-::Import:4 :: Done!
2015/08/28 16:04:01-AEST::-::Import:5 :: Done!
2015/08/28 16:04:01-AEST::-::Import:6 :: Failed! - 50958474 ,Tom,Gee Kee

2015/08/28 16:04:01-AEST::-::Import:7 :: Done!
2015/08/28 16:04:01-AEST::-::Import:8 :: Done!
2015/08/28 16:04:01-AEST::-::Import:9 :: Done!
2015/08/28 16:04:01-AEST::-::Import:10 :: Done!
2015/08/28 16:04:01-AEST::-::Import:11 :: Done!
2015/08/28 16:04:01-AEST::-::Import:12 :: Done!
2015/08/28 16:04:01-AEST::-::Import:13 :: Done!
2015/08/28 16:04:01-AEST::-::Import:14 :: Done!
2015/08/28 16:04:01-AEST::-::Import:15 :: Failed! - 76810704 ,Christopher,Albeqmi

2015/08/28 16:04:01-AEST::-::Import:16 :: Done!
2015/08/28 16:04:01-AEST::-::Import:17 :: Done!
2015/08/28 16:04:01-AEST::-::Import:18 :: Failed! - 81024766 ,Mertin,Alherbi

2015/08/28 16:04:01-AEST::-::Import:19 :: Done!
2015/08/28 16:04:01-AEST::-::Import:20 :: Failed! - 81087636 ,Moeyed Awedh A,Jones

2015/08/28 16:04:01-AEST::-::Import:21 :: Done!
2015/08/28 16:04:01-AEST::-::Import:22 :: Done!
2015/08/28 16:04:01-AEST::-::Import:23 :: Done!
2015/08/28 16:04:01-AEST::-::Import:24 :: Failed! - 81280495 ,Deniel,Wheeler

2015/08/28 16:04:01-AEST::-::Import:25 :: Done!
2015/08/28 16:04:01-AEST::-::Import:26 :: Done!
2015/08/28 16:04:01-AEST::-::Import:27 :: Done!
2015/08/28 16:04:01-AEST::-::Import:28 :: Done!
2015/08/28 16:04:01-AEST::-::Import:29 :: Done!
2015/08/28 16:04:01-AEST::-::Import:30 :: Failed! - 81389772 ,Guy,Duong

2015/08/28 16:04:01-AEST::-::Import:31 :: Done!
2015/08/28 16:04:01-AEST::-::Import:32 :: Done!
2015/08/28 16:04:01-AEST::-::Import:33 :: Done!
2015/08/28 16:04:01-AEST::-::Import:34 :: Done!
2015/08/28 16:04:01-AEST::-::Import:35 :: Failed! - 81505217 ,Micheel,Xu

2015/08/28 16:04:01-AEST::-::Import:36 :: Failed! - 81573557 ,Imren,Richerds

2015/08/28 16:04:01-AEST::-::Import:37 :: Done!
2015/08/28 16:04:01-AEST::-::Import:38 :: Done!
2015/08/28 16:04:01-AEST::-::Import:39 :: Failed! - 81581142 ,Edwerd,Meyers

2015/08/28 16:04:01-AEST::-::Import:40 :: Done!
2015/08/28 16:04:01-AEST::-::Import:41 :: Done!
2015/08/28 16:04:01-AEST::-::Import:42 :: Done!
2015/08/28 16:04:01-AEST::-::Import:43 :: Done!
2015/08/28 16:04:01-AEST::-::Import:44 :: Done!
2015/08/28 16:04:01-AEST::-::Import:45 :: Done!
2015/08/28 16:04:01-AEST::-::Import:46 :: Done!
2015/08/28 16:04:01-AEST::-::Import:47 :: Done!
2015/08/28 16:04:01-AEST::-::Import:48 :: Done!
2015/08/28 16:04:01-AEST::-::Import:49 :: Done!
2015/08/28 16:04:01-AEST::-::Import:50 :: Failed! - 81637342 ,Metthew,Beggermen

2015/08/28 16:04:01-AEST::-::Import:51 :: Done!
2015/08/28 16:04:01-AEST::-::Import:52 :: Done!
2015/08/28 16:04:01-AEST::-::Import:53 :: Done!
2015/08/28 16:04:01-AEST::-::Import:54 :: Done!
2015/08/28 16:04:01-AEST::-::Import:55 :: Failed! - 81686998 ,Seed Abduleziz S,Merdon

2015/08/28 16:04:01-AEST::-::Import:56 :: Done!
2015/08/28 16:04:01-AEST::-::Import:57 :: Done!
2015/08/28 16:04:01-AEST::-::Import:58 :: Failed! - 81701709 ,Yunshi,Chung

2015/08/28 16:04:01-AEST::-::Import:59 :: Done!
2015/08/28 16:04:01-AEST::-::Import:60 :: Done!
2015/08/28 16:04:01-AEST::-::Import:61 :: Done!
2015/08/28 16:04:01-AEST::-::Import:62 :: Failed! - 81706638 ,Mo Tin,Chen

2015/08/28 16:04:01-AEST::-::Import:63 :: Done!
2015/08/28 16:04:01-AEST::-::Import:64 :: Done!
2015/08/28 16:04:01-AEST::-::Import:65 :: Failed! - 81718563 ,Chi-Kit,Kwen

2015/08/28 16:04:01-AEST::-::Import:66 :: Failed! - 81720347 ,Dongmin,Chen

2015/08/28 16:04:01-AEST::-::Import:67 :: Done!
2015/08/28 16:04:01-AEST::-::Import:68 :: Done!
2015/08/28 16:04:01-AEST::-::Import:69 :: Done!
2015/08/28 16:04:01-AEST::-::Import:70 :: Done!
2015/08/28 16:04:01-AEST::-::Import:71 :: Done!
2015/08/28 16:04:01-AEST::-::Import:72 :: Done!
2015/08/28 16:04:01-AEST::-::Import:73 :: Done!
2015/08/28 16:04:01-AEST::-::Import:74 :: Done!
2015/08/28 16:04:01-AEST::-::Import:75 :: Done!
2015/08/28 16:04:01-AEST::-::Import:76 :: Done!
2015/08/28 16:04:01-AEST::-::Import:77 :: Done!
2015/08/28 16:04:01-AEST::-::Import:78 :: Done!
2015/08/28 16:04:01-AEST::-::Import:79 :: Done!
2015/08/28 16:04:01-AEST::-::Import:80 :: Failed! - 81824240 ,Jemes,Ivicevic

2015/08/28 16:04:01-AEST::-::Import:81 :: Done!
2015/08/28 16:04:01-AEST::-::Import:82 :: Done!
2015/08/28 16:04:01-AEST::-::Import:83 :: Done!
2015/08/28 16:04:01-AEST::-::Import:84 :: Done!
2015/08/28 16:04:01-AEST::-::Import:85 :: Failed! - 81873291 ,Steven,Young

2015/08/28 16:04:01-AEST::-::Import:86 :: Done!
2015/08/28 16:04:01-AEST::-::Import:87 :: Done!
2015/08/28 16:04:01-AEST::-::Import:88 :: Done!
2015/08/28 16:04:01-AEST::-::Import:89 :: Done!
2015/08/28 16:04:01-AEST::-::Import:90 :: Done!
2015/08/28 16:04:01-AEST::-::Import:91 :: Done!
2015/08/28 16:04:01-AEST::-::Import:92 :: Done!
2015/08/28 16:04:01-AEST::-::Import:93 :: Done!
2015/08/28 16:04:01-AEST::-::Import:94 :: Done!
2015/08/28 16:04:01-AEST::-::Import:95 :: Done!
2015/08/28 16:04:01-AEST::-::Import:96 :: Done!
2015/08/28 16:04:01-AEST::-::Import:97 :: Done!
2015/08/28 16:04:01-AEST::-::Import:98 :: Done!
2015/08/28 16:04:01-AEST::-::Import:99 :: Failed! - 81938024 ,Jinxiong,Hui

2015/08/28 16:04:01-AEST::-::Import:100 :: Failed! - 81941866 ,Xin,O'Celleghen

2015/08/28 16:04:01-AEST::-::Import:101 :: Done!
2015/08/28 16:04:01-AEST::-::Import:102 :: Done!
2015/08/28 16:04:01-AEST::-::Import:103 :: Done!
2015/08/28 16:04:01-AEST::-::Import:104 :: Done!
2015/08/28 16:04:01-AEST::-::Import:105 :: Done!
2015/08/28 16:04:01-AEST::-::Import:106 :: Done!
2015/08/28 16:04:01-AEST::-::Import:107 :: Done!
2015/08/28 16:04:01-AEST::-::Import:108 :: Done!
2015/08/28 16:04:01-AEST::-::Import:109 :: Done!
2015/08/28 16:04:01-AEST::-::Import:110 :: Failed! - 92014098 ,Jecob,Khen

2015/08/28 16:04:01-AEST::-::Import:111 :: Done!
2015/08/28 16:04:01-AEST::-::Import:112 :: Done!
2015/08/28 16:04:01-AEST::-::Import:113 :: Failed! - 92029036 ,Steven,Lim

2015/08/28 16:04:01-AEST::-::Import:114 :: Done!
2015/08/28 16:04:01-AEST::-::Import:115 :: Failed! - 92101900 ,Alex,He

2015/08/28 16:04:01-AEST::-::Import:116 :: Done!
2015/08/28 16:04:01-AEST::-::Import:117 :: Failed! - 92138099 ,Jerry,Sunge

2015/08/28 16:04:01-AEST::-::Import:118 :: Done!
2015/08/28 16:04:01-AEST::-::Import:119 :: Done!
2015/08/28 16:04:01-AEST::-::Import:120 :: Done!
2015/08/28 16:04:01-AEST::-::Import:121 :: Done!
2015/08/28 16:04:02-AEST::-::Import:1 :: Done!
2015/08/28 16:04:02-AEST::-::Import:2 :: Failed! - 25902940,Nick,Sherme

2015/08/28 16:04:02-AEST::-::Import:3 :: Done!
2015/08/28 16:04:02-AEST::-::Import:4 :: Failed! - 50420938 ,Metthew,Wilmen

2015/08/28 16:04:02-AEST::-::Import:5 :: Done!
2015/08/28 16:04:02-AEST::-::Import:6 :: Failed! - 50958474 ,Tom,Gee Kee

2015/08/28 16:04:02-AEST::-::Import:7 :: Done!
2015/08/28 16:04:02-AEST::-::Import:8 :: Done!
2015/08/28 16:04:02-AEST::-::Import:9 :: Done!
2015/08/28 16:04:02-AEST::-::Import:10 :: Done!
2015/08/28 16:04:02-AEST::-::Import:11 :: Done!
2015/08/28 16:04:02-AEST::-::Import:12 :: Done!
2015/08/28 16:04:02-AEST::-::Import:13 :: Done!
2015/08/28 16:04:02-AEST::-::Import:14 :: Done!
2015/08/28 16:04:02-AEST::-::Import:15 :: Failed! - 76810704 ,Christopher,Albeqmi

2015/08/28 16:04:02-AEST::-::Import:16 :: Done!
2015/08/28 16:04:02-AEST::-::Import:17 :: Done!
2015/08/28 16:04:02-AEST::-::Import:18 :: Done!
2015/08/28 16:04:02-AEST::-::Import:19 :: Failed! - 81037256 ,Williem,Du Plessis

2015/08/28 16:04:02-AEST::-::Import:20 :: Failed! - 81087636 ,Moeyed Awedh A,Jones

2015/08/28 16:04:02-AEST::-::Import:21 :: Failed! - 81095281 ,Shun-Wen,Begey

2015/08/28 16:04:02-AEST::-::Import:22 :: Done!
2015/08/28 16:04:02-AEST::-::Import:23 :: Done!
2015/08/28 16:04:02-AEST::-::Import:24 :: Failed! - 81280495 ,Deniel,Wheeler

2015/08/28 16:04:02-AEST::-::Import:25 :: Done!
2015/08/28 16:04:02-AEST::-::Import:26 :: Done!
2015/08/28 16:04:02-AEST::-::Import:27 :: Failed! - 81371555 ,Cemeron,Shih

2015/08/28 16:04:02-AEST::-::Import:28 :: Done!
2015/08/28 16:04:02-AEST::-::Import:29 :: Failed! - 81388083 ,Qieoqi,Alghuneim

2015/08/28 16:04:02-AEST::-::Import:30 :: Done!
2015/08/28 16:04:02-AEST::-::Import:31 :: Done!
2015/08/28 16:04:02-AEST::-::Import:32 :: Done!
2015/08/28 16:04:02-AEST::-::Import:33 :: Done!
2015/08/28 16:04:02-AEST::-::Import:34 :: Done!
2015/08/28 16:04:02-AEST::-::Import:35 :: Done!
2015/08/28 16:04:02-AEST::-::Import:36 :: Done!
2015/08/28 16:04:02-AEST::-::Import:37 :: Done!
2015/08/28 16:04:02-AEST::-::Import:38 :: Failed! - 81578443 ,Metthew,Lomes

2015/08/28 16:04:02-AEST::-::Import:39 :: Done!
2015/08/28 16:04:02-AEST::-::Import:40 :: Failed! - 81583820 ,Letheem,Kroes

2015/08/28 16:04:02-AEST::-::Import:41 :: Done!
2015/08/28 16:04:02-AEST::-::Import:42 :: Failed! - 81590397 ,Yu,Theggerd

2015/08/28 16:04:02-AEST::-::Import:43 :: Done!
2015/08/28 16:04:02-AEST::-::Import:44 :: Done!
2015/08/28 16:04:02-AEST::-::Import:45 :: Done!
2015/08/28 16:04:02-AEST::-::Import:46 :: Done!
2015/08/28 16:04:02-AEST::-::Import:47 :: Done!
2015/08/28 16:04:02-AEST::-::Import:48 :: Failed! - 81628769 ,Andrew,Zheng

2015/08/28 16:04:02-AEST::-::Import:49 :: Done!
2015/08/28 16:04:02-AEST::-::Import:50 :: Done!
2015/08/28 16:04:02-AEST::-::Import:51 :: Failed! - 81646236 ,Zilu,Zheng

2015/08/28 16:04:02-AEST::-::Import:52 :: Done!
2015/08/28 16:04:02-AEST::-::Import:53 :: Done!
2015/08/28 16:04:02-AEST::-::Import:54 :: Done!
2015/08/28 16:04:02-AEST::-::Import:55 :: Done!
2015/08/28 16:04:02-AEST::-::Import:56 :: Done!
2015/08/28 16:04:02-AEST::-::Import:57 :: Done!
2015/08/28 16:04:02-AEST::-::Import:58 :: Done!
2015/08/28 16:04:02-AEST::-::Import:59 :: Done!
2015/08/28 16:04:02-AEST::-::Import:60 :: Done!
2015/08/28 16:04:02-AEST::-::Import:61 :: Done!
2015/08/28 16:04:02-AEST::-::Import:62 :: Failed! - 81706638 ,Mo Tin,Chen

2015/08/28 16:04:02-AEST::-::Import:63 :: Done!
2015/08/28 16:04:02-AEST::-::Import:64 :: Done!
2015/08/28 16:04:02-AEST::-::Import:65 :: Done!
2015/08/28 16:04:02-AEST::-::Import:66 :: Done!
2015/08/28 16:04:02-AEST::-::Import:67 :: Failed! - 81721025 ,Chern Loon,Dhuleshie

2015/08/28 16:04:02-AEST::-::Import:68 :: Done!
2015/08/28 16:04:02-AEST::-::Import:69 :: Done!
2015/08/28 16:04:02-AEST::-::Import:70 :: Done!
2015/08/28 16:04:02-AEST::-::Import:71 :: Done!
2015/08/28 16:04:02-AEST::-::Import:72 :: Failed! - 81777284 ,Alyksendr,Lee

2015/08/28 16:04:02-AEST::-::Import:73 :: Done!
2015/08/28 16:04:02-AEST::-::Import:74 :: Done!
2015/08/28 16:04:02-AEST::-::Import:75 :: Done!
2015/08/28 16:04:02-AEST::-::Import:76 :: Failed! - 81811229 ,Jene,Hemmill

2015/08/28 16:04:02-AEST::-::Import:77 :: Done!
2015/08/28 16:04:02-AEST::-::Import:78 :: Done!
2015/08/28 16:04:02-AEST::-::Import:79 :: Done!
2015/08/28 16:04:02-AEST::-::Import:80 :: Failed! - 81824240 ,Jemes,Ivicevic

2015/08/28 16:04:02-AEST::-::Import:81 :: Done!
2015/08/28 16:04:02-AEST::-::Import:82 :: Failed! - 81842205 ,Cleerence Lizendro,Nichol

2015/08/28 16:04:02-AEST::-::Import:83 :: Done!
2015/08/28 16:04:02-AEST::-::Import:84 :: Done!
2015/08/28 16:04:02-AEST::-::Import:85 :: Done!
2015/08/28 16:04:02-AEST::-::Import:86 :: Done!
2015/08/28 16:04:02-AEST::-::Import:87 :: Done!
2015/08/28 16:04:02-AEST::-::Import:88 :: Done!
2015/08/28 16:04:02-AEST::-::Import:89 :: Done!
2015/08/28 16:04:02-AEST::-::Import:90 :: Done!
2015/08/28 16:04:02-AEST::-::Import:91 :: Done!
2015/08/28 16:04:02-AEST::-::Import:92 :: Done!
2015/08/28 16:04:02-AEST::-::Import:93 :: Done!
2015/08/28 16:04:02-AEST::-::Import:94 :: Done!
2015/08/28 16:04:02-AEST::-::Import:95 :: Failed! - 81925542 ,Shennon,Dheliwel

2015/08/28 16:04:02-AEST::-::Import:96 :: Done!
2015/08/28 16:04:02-AEST::-::Import:97 :: Done!
2015/08/28 16:04:02-AEST::-::Import:98 :: Done!
2015/08/28 16:04:02-AEST::-::Import:99 :: Done!
2015/08/28 16:04:02-AEST::-::Import:100 :: Failed! - 81941866 ,Xin,O'Celleghen

2015/08/28 16:04:02-AEST::-::Import:101 :: Done!
2015/08/28 16:04:02-AEST::-::Import:102 :: Failed! - 81961221 ,Yuet Yiu,Nguyen

2015/08/28 16:04:02-AEST::-::Import:103 :: Done!
2015/08/28 16:04:02-AEST::-::Import:104 :: Done!
2015/08/28 16:04:02-AEST::-::Import:105 :: Done!
2015/08/28 16:04:02-AEST::-::Import:106 :: Done!
2015/08/28 16:04:02-AEST::-::Import:107 :: Failed! - 81994480 ,Benjemin,To

2015/08/28 16:04:02-AEST::-::Import:108 :: Done!
2015/08/28 16:04:02-AEST::-::Import:109 :: Done!
2015/08/28 16:04:02-AEST::-::Import:110 :: Done!
2015/08/28 16:04:02-AEST::-::Import:111 :: Done!
2015/08/28 16:04:02-AEST::-::Import:112 :: Done!
2015/08/28 16:04:02-AEST::-::Import:113 :: Done!
2015/08/28 16:04:02-AEST::-::Import:114 :: Done!
2015/08/28 16:04:02-AEST::-::Import:115 :: Done!
2015/08/28 16:04:02-AEST::-::Import:116 :: Failed! - 92106766 ,Jose,Ven

2015/08/28 16:04:02-AEST::-::Import:117 :: Done!
2015/08/28 16:04:02-AEST::-::Import:118 :: Failed! - 92138790 ,Reuben,Heckenberg

2015/08/28 16:04:02-AEST::-::Import:119 :: Done!
2015/08/28 16:04:02-AEST::-::Import:120 :: Done!
2015/08/28 16:04:02-AEST::-::Import:121 :: Done!
2015/08/28 16:04:09-AEST::-::Import:1 :: Done!
2015/08/28 16:04:09-AEST::-::Import:2 :: Done!
2015/08/28 16:04:09-AEST::-::Import:3 :: Done!
2015/08/28 16:04:09-AEST::-::Import:4 :: Done!
2015/08/28 16:04:09-AEST::-::Import:5 :: Done!
2015/08/28 16:04:09-AEST::-::Import:6 :: Done!
2015/08/28 16:04:09-AEST::-::Import:7 :: Done!
2015/08/28 16:04:09-AEST::-::Import:8 :: Done!
2015/08/28 16:04:09-AEST::-::Import:9 :: Done!
2015/08/28 16:04:09-AEST::-::Import:10 :: Failed! - 72027558 ,Ahmed Omer M,Lene

2015/08/28 16:04:09-AEST::-::Import:11 :: Done!
2015/08/28 16:04:09-AEST::-::Import:12 :: Done!
2015/08/28 16:04:09-AEST::-::Import:13 :: Done!
2015/08/28 16:04:09-AEST::-::Import:14 :: Failed! - 76310588 ,Aden,Nguyen

2015/08/28 16:04:09-AEST::-::Import:15 :: Done!
2015/08/28 16:04:09-AEST::-::Import:16 :: Done!
2015/08/28 16:04:09-AEST::-::Import:17 :: Failed! - 81004412 ,Leurence,Mek

2015/08/28 16:04:09-AEST::-::Import:18 :: Failed! - 81024766 ,Mertin,Alherbi

2015/08/28 16:04:09-AEST::-::Import:19 :: Done!
2015/08/28 16:04:09-AEST::-::Import:20 :: Done!
2015/08/28 16:04:09-AEST::-::Import:21 :: Done!
2015/08/28 16:04:09-AEST::-::Import:22 :: Done!
2015/08/28 16:04:09-AEST::-::Import:23 :: Failed! - 81104395 ,Abdulleh Abduleziz N,McCebe

2015/08/28 16:04:09-AEST::-::Import:24 :: Done!
2015/08/28 16:04:09-AEST::-::Import:25 :: Done!
2015/08/28 16:04:09-AEST::-::Import:26 :: Done!
2015/08/28 16:04:09-AEST::-::Import:27 :: Done!
2015/08/28 16:04:09-AEST::-::Import:28 :: Done!
2015/08/28 16:04:09-AEST::-::Import:29 :: Done!
2015/08/28 16:04:09-AEST::-::Import:30 :: Done!
2015/08/28 16:04:09-AEST::-::Import:31 :: Failed! - 81400962 ,Metthew,Stirling

2015/08/28 16:04:09-AEST::-::Import:32 :: Failed! - 81403571 ,Steven,Spencer

2015/08/28 16:04:09-AEST::-::Import:33 :: Done!
2015/08/28 16:04:09-AEST::-::Import:34 :: Failed! - 81502595 ,Melisse,Nem

2015/08/28 16:04:09-AEST::-::Import:35 :: Failed! - 81505217 ,Micheel,Xu

2015/08/28 16:04:09-AEST::-::Import:36 :: Done!
2015/08/28 16:04:09-AEST::-::Import:37 :: Done!
2015/08/28 16:04:09-AEST::-::Import:38 :: Done!
2015/08/28 16:04:09-AEST::-::Import:39 :: Done!
2015/08/28 16:04:09-AEST::-::Import:40 :: Done!
2015/08/28 16:04:09-AEST::-::Import:41 :: Done!
2015/08/28 16:04:09-AEST::-::Import:42 :: Failed! - 81590397 ,Yu,Theggerd

2015/08/28 16:04:09-AEST::-::Import:43 :: Done!
2015/08/28 16:04:09-AEST::-::Import:44 :: Done!
2015/08/28 16:04:09-AEST::-::Import:45 :: Done!
2015/08/28 16:04:09-AEST::-::Import:46 :: Done!
2015/08/28 16:04:09-AEST::-::Import:47 :: Failed! - 81620954 ,Abduleziz Mensour G,Allen

2015/08/28 16:04:09-AEST::-::Import:48 :: Done!
2015/08/28 16:04:09-AEST::-::Import:49 :: Failed! - 81633959 ,Timothy,Jeon

2015/08/28 16:04:09-AEST::-::Import:50 :: Failed! - 81637342 ,Metthew,Beggermen

2015/08/28 16:04:09-AEST::-::Import:51 :: Done!
2015/08/28 16:04:09-AEST::-::Import:52 :: Failed! - 81659486 ,Chun Hung,Aljeheni

2015/08/28 16:04:09-AEST::-::Import:53 :: Done!
2015/08/28 16:04:09-AEST::-::Import:54 :: Failed! - 81684243 ,Chun Hin Justin,Metchett

2015/08/28 16:04:09-AEST::-::Import:55 :: Done!
2015/08/28 16:04:09-AEST::-::Import:56 :: Done!
2015/08/28 16:04:09-AEST::-::Import:57 :: Done!
2015/08/28 16:04:09-AEST::-::Import:58 :: Done!
2015/08/28 16:04:09-AEST::-::Import:59 :: Done!
2015/08/28 16:04:09-AEST::-::Import:60 :: Done!
2015/08/28 16:04:09-AEST::-::Import:61 :: Done!
2015/08/28 16:04:09-AEST::-::Import:62 :: Done!
2015/08/28 16:04:09-AEST::-::Import:63 :: Done!
2015/08/28 16:04:09-AEST::-::Import:64 :: Done!
2015/08/28 16:04:09-AEST::-::Import:65 :: Done!
2015/08/28 16:04:09-AEST::-::Import:66 :: Done!
2015/08/28 16:04:09-AEST::-::Import:67 :: Done!
2015/08/28 16:04:09-AEST::-::Import:68 :: Done!
2015/08/28 16:04:09-AEST::-::Import:69 :: Done!
2015/08/28 16:04:09-AEST::-::Import:70 :: Done!
2015/08/28 16:04:09-AEST::-::Import:71 :: Done!
2015/08/28 16:04:09-AEST::-::Import:72 :: Failed! - 81777284 ,Alyksendr,Lee

2015/08/28 16:04:09-AEST::-::Import:73 :: Done!
2015/08/28 16:04:09-AEST::-::Import:74 :: Done!
2015/08/28 16:04:09-AEST::-::Import:75 :: Done!
2015/08/28 16:04:09-AEST::-::Import:76 :: Done!
2015/08/28 16:04:09-AEST::-::Import:77 :: Failed! - 81823928 ,Else,Selmond

2015/08/28 16:04:09-AEST::-::Import:78 :: Done!
2015/08/28 16:04:09-AEST::-::Import:79 :: Done!
2015/08/28 16:04:09-AEST::-::Import:80 :: Done!
2015/08/28 16:04:09-AEST::-::Import:81 :: Done!
2015/08/28 16:04:09-AEST::-::Import:82 :: Done!
2015/08/28 16:04:09-AEST::-::Import:83 :: Done!
2015/08/28 16:04:09-AEST::-::Import:84 :: Failed! - 81854092 ,Joshue,Smith

2015/08/28 16:04:09-AEST::-::Import:85 :: Done!
2015/08/28 16:04:09-AEST::-::Import:86 :: Done!
2015/08/28 16:04:09-AEST::-::Import:87 :: Done!
2015/08/28 16:04:09-AEST::-::Import:88 :: Done!
2015/08/28 16:04:09-AEST::-::Import:89 :: Done!
2015/08/28 16:04:09-AEST::-::Import:90 :: Done!
2015/08/28 16:04:09-AEST::-::Import:91 :: Done!
2015/08/28 16:04:09-AEST::-::Import:92 :: Done!
2015/08/28 16:04:09-AEST::-::Import:93 :: Failed! - 81918392 ,Cho Yen,Krotilove

2015/08/28 16:04:09-AEST::-::Import:94 :: Failed! - 81923078 ,Junior,Koey

2015/08/28 16:04:09-AEST::-::Import:95 :: Failed! - 81925542 ,Shennon,Dheliwel

2015/08/28 16:04:09-AEST::-::Import:96 :: Done!
2015/08/28 16:04:09-AEST::-::Import:97 :: Done!
2015/08/28 16:04:09-AEST::-::Import:98 :: Done!
2015/08/28 16:04:09-AEST::-::Import:99 :: Done!
2015/08/28 16:04:09-AEST::-::Import:100 :: Failed! - 81941866 ,Xin,O'Celleghen

2015/08/28 16:04:09-AEST::-::Import:101 :: Done!
2015/08/28 16:04:09-AEST::-::Import:102 :: Done!
2015/08/28 16:04:09-AEST::-::Import:103 :: Done!
2015/08/28 16:04:09-AEST::-::Import:104 :: Done!
2015/08/28 16:04:09-AEST::-::Import:105 :: Done!
2015/08/28 16:04:09-AEST::-::Import:106 :: Done!
2015/08/28 16:04:09-AEST::-::Import:107 :: Failed! - 81994480 ,Benjemin,To

2015/08/28 16:04:09-AEST::-::Import:108 :: Done!
2015/08/28 16:04:09-AEST::-::Import:109 :: Done!
2015/08/28 16:04:09-AEST::-::Import:110 :: Failed! - 92014098 ,Jecob,Khen

2015/08/28 16:04:09-AEST::-::Import:111 :: Done!
2015/08/28 16:04:09-AEST::-::Import:112 :: Done!
2015/08/28 16:04:09-AEST::-::Import:113 :: Done!
2015/08/28 16:04:09-AEST::-::Import:114 :: Done!
2015/08/28 16:04:09-AEST::-::Import:115 :: Failed! - 92101900 ,Alex,He

2015/08/28 16:04:09-AEST::-::Import:116 :: Done!
2015/08/28 16:04:09-AEST::-::Import:117 :: Failed! - 92138099 ,Jerry,Sunge

2015/08/28 16:04:09-AEST::-::Import:118 :: Failed! - 92138790 ,Reuben,Heckenberg

2015/08/28 16:04:09-AEST::-::Import:119 :: Done!
2015/08/28 16:04:09-AEST::-::Import:120 :: Done!
2015/08/28 16:04:09-AEST::-::Import:121 :: Failed! - 92213406 ,Lee,Joyce
2015/08/28 16:04:11-AEST::-::Import:1 :: Done!
2015/08/28 16:04:11-AEST::-::Import:2 :: Failed! - 25902940,Nick,Sherme

2015/08/28 16:04:11-AEST::-::Import:3 :: Done!
2015/08/28 16:04:11-AEST::-::Import:4 :: Failed! - 50420938 ,Metthew,Wilmen

2015/08/28 16:04:11-AEST::-::Import:5 :: Done!
2015/08/28 16:04:11-AEST::-::Import:6 :: Done!
2015/08/28 16:04:11-AEST::-::Import:7 :: Failed! - 60821693 ,Alex,Werdle

2015/08/28 16:04:11-AEST::-::Import:8 :: Failed! - 70143494 ,Thenh Dung,Dwyer

2015/08/28 16:04:11-AEST::-::Import:9 :: Done!
2015/08/28 16:04:11-AEST::-::Import:10 :: Failed! - 72027558 ,Ahmed Omer M,Lene

2015/08/28 16:04:11-AEST::-::Import:11 :: Done!
2015/08/28 16:04:11-AEST::-::Import:12 :: Done!
2015/08/28 16:04:11-AEST::-::Import:13 :: Done!
2015/08/28 16:04:11-AEST::-::Import:14 :: Done!
2015/08/28 16:04:11-AEST::-::Import:15 :: Done!
2015/08/28 16:04:11-AEST::-::Import:16 :: Done!
2015/08/28 16:04:11-AEST::-::Import:17 :: Done!
2015/08/28 16:04:11-AEST::-::Import:18 :: Done!
2015/08/28 16:04:11-AEST::-::Import:19 :: Failed! - 81037256 ,Williem,Du Plessis

2015/08/28 16:04:11-AEST::-::Import:20 :: Done!
2015/08/28 16:04:11-AEST::-::Import:21 :: Done!
2015/08/28 16:04:11-AEST::-::Import:22 :: Done!
2015/08/28 16:04:11-AEST::-::Import:23 :: Done!
2015/08/28 16:04:11-AEST::-::Import:24 :: Failed! - 81280495 ,Deniel,Wheeler

2015/08/28 16:04:11-AEST::-::Import:25 :: Done!
2015/08/28 16:04:11-AEST::-::Import:26 :: Failed! - 81359113 ,Alexender,Aldhehri

2015/08/28 16:04:11-AEST::-::Import:27 :: Done!
2015/08/28 16:04:11-AEST::-::Import:28 :: Failed! - 81375941 ,Tei Ho,Tren

2015/08/28 16:04:11-AEST::-::Import:29 :: Failed! - 81388083 ,Qieoqi,Alghuneim

2015/08/28 16:04:11-AEST::-::Import:30 :: Done!
2015/08/28 16:04:11-AEST::-::Import:31 :: Done!
2015/08/28 16:04:11-AEST::-::Import:32 :: Done!
2015/08/28 16:04:11-AEST::-::Import:33 :: Done!
2015/08/28 16:04:11-AEST::-::Import:34 :: Failed! - 81502595 ,Melisse,Nem

2015/08/28 16:04:11-AEST::-::Import:35 :: Done!
2015/08/28 16:04:11-AEST::-::Import:36 :: Done!
2015/08/28 16:04:11-AEST::-::Import:37 :: Done!
2015/08/28 16:04:11-AEST::-::Import:38 :: Done!
2015/08/28 16:04:11-AEST::-::Import:39 :: Done!
2015/08/28 16:04:11-AEST::-::Import:40 :: Done!
2015/08/28 16:04:11-AEST::-::Import:41 :: Failed! - 81585911 ,Tristen,Henlon

2015/08/28 16:04:11-AEST::-::Import:42 :: Done!
2015/08/28 16:04:11-AEST::-::Import:43 :: Done!
2015/08/28 16:04:11-AEST::-::Import:44 :: Done!
2015/08/28 16:04:11-AEST::-::Import:45 :: Done!
2015/08/28 16:04:11-AEST::-::Import:46 :: Done!
2015/08/28 16:04:11-AEST::-::Import:47 :: Failed! - 81620954 ,Abduleziz Mensour G,Allen

2015/08/28 16:04:11-AEST::-::Import:48 :: Done!
2015/08/28 16:04:11-AEST::-::Import:49 :: Done!
2015/08/28 16:04:11-AEST::-::Import:50 :: Done!
2015/08/28 16:04:11-AEST::-::Import:51 :: Done!
2015/08/28 16:04:11-AEST::-::Import:52 :: Done!
2015/08/28 16:04:11-AEST::-::Import:53 :: Failed! - 81678014 ,Misel Nitinbhei,Alsubhi

2015/08/28 16:04:11-AEST::-::Import:54 :: Done!
2015/08/28 16:04:11-AEST::-::Import:55 :: Failed! - 81686998 ,Seed Abduleziz S,Merdon

2015/08/28 16:04:11-AEST::-::Import:56 :: Done!
2015/08/28 16:04:11-AEST::-::Import:57 :: Done!
2015/08/28 16:04:11-AEST::-::Import:58 :: Done!
2015/08/28 16:04:11-AEST::-::Import:59 :: Done!
2015/08/28 16:04:11-AEST::-::Import:60 :: Done!
2015/08/28 16:04:11-AEST::-::Import:61 :: Done!
2015/08/28 16:04:11-AEST::-::Import:62 :: Done!
2015/08/28 16:04:11-AEST::-::Import:63 :: Failed! - 81710414 ,Scott,Wong

2015/08/28 16:04:11-AEST::-::Import:64 :: Done!
2015/08/28 16:04:11-AEST::-::Import:65 :: Done!
2015/08/28 16:04:11-AEST::-::Import:66 :: Done!
2015/08/28 16:04:11-AEST::-::Import:67 :: Done!
2015/08/28 16:04:11-AEST::-::Import:68 :: Failed! - 81726931 ,Phillip,Chen

2015/08/28 16:04:11-AEST::-::Import:69 :: Done!
2015/08/28 16:04:11-AEST::-::Import:70 :: Done!
2015/08/28 16:04:11-AEST::-::Import:71 :: Failed! - 81770344 ,Joseph,Choi

2015/08/28 16:04:11-AEST::-::Import:72 :: Done!
2015/08/28 16:04:11-AEST::-::Import:73 :: Failed! - 81779759 ,Temirlen,Chueh

2015/08/28 16:04:11-AEST::-::Import:74 :: Failed! - 81805644 ,Frenkie,Bercley

2015/08/28 16:04:11-AEST::-::Import:75 :: Done!
2015/08/28 16:04:11-AEST::-::Import:76 :: Done!
2015/08/28 16:04:11-AEST::-::Import:77 :: Done!
2015/08/28 16:04:11-AEST::-::Import:78 :: Failed! - 81824037 ,Andrew,Skye

2015/08/28 16:04:11-AEST::-::Import:79 :: Done!
2015/08/28 16:04:11-AEST::-::Import:80 :: Done!
2015/08/28 16:04:11-AEST::-::Import:81 :: Done!
2015/08/28 16:04:11-AEST::-::Import:82 :: Done!
2015/08/28 16:04:11-AEST::-::Import:83 :: Done!
2015/08/28 16:04:11-AEST::-::Import:84 :: Done!
2015/08/28 16:04:11-AEST::-::Import:85 :: Done!
2015/08/28 16:04:11-AEST::-::Import:86 :: Done!
2015/08/28 16:04:11-AEST::-::Import:87 :: Done!
2015/08/28 16:04:11-AEST::-::Import:88 :: Done!
2015/08/28 16:04:11-AEST::-::Import:89 :: Done!
2015/08/28 16:04:11-AEST::-::Import:90 :: Done!
2015/08/28 16:04:11-AEST::-::Import:91 :: Failed! - 81909253 ,Sheohue,Stone

2015/08/28 16:04:11-AEST::-::Import:92 :: Done!
2015/08/28 16:04:11-AEST::-::Import:93 :: Done!
2015/08/28 16:04:11-AEST::-::Import:94 :: Done!
2015/08/28 16:04:11-AEST::-::Import:95 :: Done!
2015/08/28 16:04:11-AEST::-::Import:96 :: Done!
2015/08/28 16:04:11-AEST::-::Import:97 :: Done!
2015/08/28 16:04:11-AEST::-::Import:98 :: Done!
2015/08/28 16:04:11-AEST::-::Import:99 :: Done!
2015/08/28 16:04:11-AEST::-::Import:100 :: Failed! - 81941866 ,Xin,O'Celleghen

2015/08/28 16:04:11-AEST::-::Import:101 :: Done!
2015/08/28 16:04:11-AEST::-::Import:102 :: Failed! - 81961221 ,Yuet Yiu,Nguyen

2015/08/28 16:04:11-AEST::-::Import:103 :: Failed! - 81963398 ,Jessie,Orr

2015/08/28 16:04:11-AEST::-::Import:104 :: Failed! - 81977232 ,Nede,Chen

2015/08/28 16:04:11-AEST::-::Import:105 :: Done!
2015/08/28 16:04:11-AEST::-::Import:106 :: Done!
2015/08/28 16:04:11-AEST::-::Import:107 :: Done!
2015/08/28 16:04:11-AEST::-::Import:108 :: Done!
2015/08/28 16:04:11-AEST::-::Import:109 :: Done!
2015/08/28 16:04:11-AEST::-::Import:110 :: Done!
2015/08/28 16:04:11-AEST::-::Import:111 :: Done!
2015/08/28 16:04:11-AEST::-::Import:112 :: Done!
2015/08/28 16:04:11-AEST::-::Import:113 :: Done!
2015/08/28 16:04:11-AEST::-::Import:114 :: Done!
2015/08/28 16:04:11-AEST::-::Import:115 :: Done!
2015/08/28 16:04:11-AEST::-::Import:116 :: Done!
2015/08/28 16:04:11-AEST::-::Import:117 :: Failed! - 92138099 ,Jerry,Sunge

2015/08/28 16:04:11-AEST::-::Import:118 :: Failed! - 92138790 ,Reuben,Heckenberg

2015/08/28 16:04:11-AEST::-::Import:119 :: Done!
2015/08/28 16:04:11-AEST::-::Import:120 :: Failed! - 92149121 ,Peter,Tren

2015/08/28 16:04:11-AEST::-::Import:121 :: Done!
2015/08/28 16:05:57-AEST::-::Import:2 :: Done!
2015/08/28 16:05:57-AEST::-::Import:4 :: Done!
2015/08/28 16:05:57-AEST::-::Import:7 :: Done!
2015/08/28 16:05:57-AEST::-::Import:8 :: Done!
2015/08/28 16:05:57-AEST::-::Import:10 :: Done!
2015/08/28 16:05:57-AEST::-::Import:19 :: Done!
2015/08/28 16:05:57-AEST::-::Import:24 :: Done!
2015/08/28 16:05:57-AEST::-::Import:26 :: Failed! - 81359113 ,Alexender,Aldhehri

2015/08/28 16:05:57-AEST::-::Import:28 :: Done!
2015/08/28 16:05:57-AEST::-::Import:29 :: Done!
2015/08/28 16:05:57-AEST::-::Import:34 :: Done!
2015/08/28 16:05:57-AEST::-::Import:41 :: Failed! - 81585911 ,Tristen,Henlon

2015/08/28 16:05:57-AEST::-::Import:47 :: Done!
2015/08/28 16:05:57-AEST::-::Import:53 :: Done!
2015/08/28 16:05:57-AEST::-::Import:55 :: Done!
2015/08/28 16:05:57-AEST::-::Import:63 :: Done!
2015/08/28 16:05:57-AEST::-::Import:68 :: Done!
2015/08/28 16:05:57-AEST::-::Import:71 :: Done!
2015/08/28 16:05:57-AEST::-::Import:73 :: Done!
2015/08/28 16:05:57-AEST::-::Import:74 :: Done!
2015/08/28 16:05:57-AEST::-::Import:78 :: Done!
2015/08/28 16:05:57-AEST::-::Import:91 :: Done!
2015/08/28 16:05:57-AEST::-::Import:100 :: Failed! - 81941866 ,Xin,O'Celleghen

2015/08/28 16:05:57-AEST::-::Import:102 :: Failed! - 81961221 ,Yuet Yiu,Nguyen

2015/08/28 16:05:57-AEST::-::Import:103 :: Done!
2015/08/28 16:05:57-AEST::-::Import:104 :: Done!
2015/08/28 16:05:57-AEST::-::Import:117 :: Done!
2015/08/28 16:05:57-AEST::-::Import:118 :: Done!
2015/08/28 16:05:57-AEST::-::Import:120 :: Done!
2015/08/28 16:06:00-AEST::-::Import:26 :: Failed! - 81359113 ,Alexender,Aldhehri

2015/08/28 16:06:00-AEST::-::Import:41 :: Done!
2015/08/28 16:06:00-AEST::-::Import:100 :: Failed! - 81941866 ,Xin,O'Celleghen

2015/08/28 16:06:00-AEST::-::Import:102 :: Failed! - 81961221 ,Yuet Yiu,Nguyen

2015/08/28 16:06:02-AEST::-::Import:26 :: Done!
2015/08/28 16:06:02-AEST::-::Import:100 :: Failed! - 81941866 ,Xin,O'Celleghen

2015/08/28 16:06:02-AEST::-::Import:102 :: Failed! - 81961221 ,Yuet Yiu,Nguyen

2015/08/28 16:06:03-AEST::-::Import:100 :: Failed! - 81941866 ,Xin,O'Celleghen

2015/08/28 16:06:03-AEST::-::Import:102 :: Failed! - 81961221 ,Yuet Yiu,Nguyen

2015/08/28 16:06:05-AEST::-::Import:100 :: Failed! - 81941866 ,Xin,O'Celleghen

2015/08/28 16:06:05-AEST::-::Import:102 :: Done!
2015/08/28 16:06:06-AEST::-::Import:100 :: Failed! - 81941866 ,Xin,O'Celleghen

2015/08/28 16:06:10-AEST::-::Import:100 :: Failed! - 81941866 ,Xin,O'Celleghen

2015/08/28 16:06:12-AEST::-::Import:100 :: Failed! - 81941866 ,Xin,O'Celleghen

2015/08/28 16:08:21-AEST::-::Import:100 :: Done!