
2015/07/30 22:18:16-AEST::6-dittopower::Save::/var/www/html//test/css/index2.php
2015/07/30 22:18:21-AEST::6-dittopower::Save::/var/www/html//test/css/index2.php
2015/07/30 22:18:23-AEST::6-dittopower::Delete::/var/www/html//test/css/index2.php
2015/07/30 22:48:50-AEST::5-deamon::Save::/var/www/html//test/index.php
2015/07/30 22:49:28-AEST::5-deamon::Save::/var/www/html//test/index.php
2015/07/30 22:58:35-AEST::5-deamon::Save::/var/www/html//test/index.php
2015/07/31 23:39:42-AEST::5-deamon::Save::/var/www/html//test/index.php
2015/08/01 03:32:50-AEST::5-deamon::Save::/var/www/html//test/index.php
2015/08/01 03:33:09-AEST::5-deamon::Save::/var/www/html//test/index.php
2015/08/01 03:33:39-AEST::5-deamon::Save::/var/www/html//test/index.php
2015/08/01 03:36:55-AEST::5-deamon::Save::/var/www/html//test/index.php
2015/08/01 03:46:27-AEST::5-deamon::Save::/var/www/html//test/index.php
2015/08/01 03:47:35-AEST::5-deamon::Save::/var/www/html//test/index.php
2015/08/01 03:48:47-AEST::5-deamon::Save::/var/www/html//test/index.php
2015/08/01 03:55:07-AEST::5-deamon::Save::/var/www/html//test/index.php
2015/08/01 04:01:30-AEST::5-deamon::Save::/var/www/html//test/index.php
2015/08/01 04:04:33-AEST::5-deamon::Save::/var/www/html//test/index.php
2015/08/01 16:59:56-AEST::5-deamon::Save::/var/www/html//code/random/php.php
2015/08/01 17:00:36-AEST::5-deamon::Save::/var/www/html//code/php.php
2015/08/01 17:01:40-AEST::5-deamon::Save::/var/www/html//code/php.php
2015/08/01 17:02:43-AEST::5-deamon::Save::/var/www/html//code/php.php
2015/08/01 17:03:02-AEST::5-deamon::Save::/var/www/html//code/php.php
2015/08/01 17:04:28-AEST::5-deamon::Save::/var/www/html//code/php.php
2015/08/01 17:24:24-AEST::5-deamon::Save::/var/www/html//test/index.php
2015/08/01 17:44:50-AEST::5-deamon::Save::/var/www/html//test/css/index.php
2015/08/01 22:55:51-AEST::5-deamon::Save::/var/www/html//test/index.php
2015/08/01 23:15:05-AEST::5-deamon::Save::/var/www/html//test/index.php
2015/08/01 23:18:57-AEST::5-deamon::Save::/var/www/html//test/index.php
2015/08/01 23:26:40-AEST::5-deamon::Save::/var/www/html//test/index.php
2015/08/01 23:26:54-AEST::5-deamon::Save::/var/www/html//test/index.php
2015/08/01 23:27:32-AEST::5-deamon::Save::/var/www/html//test/index.php
2015/08/01 23:28:50-AEST::5-deamon::Save::/var/www/html//test/index.php
2015/08/01 23:33:34-AEST::5-deamon::Save::/var/www/html//test/index.php
2015/08/02 01:01:24-AEST::5-deamon::Save::/var/www/html//test/index.php
2015/08/02 01:06:54-AEST::5-deamon::Save::/var/www/html/../media/5/custom.css
2015/08/05 20:42:30-AEST::5-deamon::Save::/var/www/html//test/index.php
2015/08/05 20:43:39-AEST::5-deamon::Save::/var/www/html//test/index.php
2015/08/08 00:51:21-AEST::5-deamon::Save::/var/www/html//test/index.php
2015/08/08 00:51:50-AEST::5-deamon::Save::/var/www/html//test/index.php
2015/08/08 01:11:59-AEST::5-deamon::Save::/var/www/html//test/index.php
2015/08/08 01:14:49-AEST::5-deamon::Save::/var/www/html//test/index.php
2015/08/08 21:41:12-AEST::5-deamon::Save::/var/www/html//test/index.php
2015/08/08 21:41:20-AEST::5-deamon::Save::/var/www/html//test/index.php
2015/08/08 21:41:36-AEST::5-deamon::Save::/var/www/html//test/index.php
2015/08/08 21:41:44-AEST::5-deamon::Save::/var/www/html//test/index.php
2015/08/08 21:41:50-AEST::5-deamon::Save::/var/www/html//test/index.php
2015/08/08 21:45:18-AEST::5-deamon::Save::/var/www/html//test/index.php
2015/08/08 21:45:33-AEST::5-deamon::Save::/var/www/html//test/index.php
2015/08/08 21:45:41-AEST::5-deamon::Save::/var/www/html//test/index.php
2015/08/08 22:00:58-AEST::5-deamon::Save::/var/www/html//test/index.php
2015/08/08 22:27:02-AEST::5-deamon::Save::/var/www/html/test/index.php
2015/08/08 22:27:33-AEST::5-deamon::Save::/var/www/html/test/index.php
2015/08/08 22:27:45-AEST::5-deamon::Save::/var/www/html/test/index.php
2015/08/08 22:29:38-AEST::5-deamon::Save::/var/www/html/test/index.php
2015/08/08 22:32:11-AEST::5-deamon::Save::/var/www/html/test/index.php
2015/08/08 22:34:02-AEST::5-deamon::Save::/var/www/html/test/index.php
2015/08/08 22:40:05-AEST::5-deamon::Save::/var/www/html/test/index.php
2015/08/08 22:42:05-AEST::5-deamon::Save::/var/www/html/test/index.php
2015/08/08 23:02:13-AEST::5-deamon::Save::/var/www/html/test/index.php
2015/08/08 23:02:27-AEST::5-deamon::Save::/var/www/html/test/index.php
2015/08/08 23:41:53-AEST::5-deamon::Save::/var/www/html//test/index.php
2015/08/08 23:42:17-AEST::5-deamon::Save::/var/www/html//test/index.php
2015/08/08 23:43:18-AEST::5-deamon::Save::/var/www/html//test/index.php
2015/08/08 23:43:45-AEST::5-deamon::Save::/var/www/html//test/index.php
2015/08/08 23:44:38-AEST::5-deamon::Save::/var/www/html//test/index.php
2015/08/09 00:29:47-AEST::5-deamon::Save::/var/www/html/../media/5/custom.css
2015/08/09 00:40:53-AEST::5-deamon::Save::/var/www/html/test/index.php/me/customise/index.php
2015/08/09 00:41:25-AEST::5-deamon::Save::/var/www/html//me/customise/index.php
2015/08/09 00:41:55-AEST::5-deamon::Save::/var/www/html//me/customise/index.php
2015/08/09 00:42:22-AEST::5-deamon::Save::/var/www/html//me/customise/index.php
2015/08/09 00:42:34-AEST::5-deamon::Save::/var/www/html//me/customise/index.php
2015/08/09 00:43:17-AEST::5-deamon::Save::/var/www/html//me/customise/index.php
2015/08/09 00:45:31-AEST::5-deamon::Save::/var/www/html//me/index.php
2015/08/09 00:45:50-AEST::5-deamon::Save::/var/www/html//me/index.php
2015/08/10 17:16:01-AEST::5-deamon::Save::/var/www/html/test/css/frame.html
2015/08/10 17:16:15-AEST::5-deamon::Save::/var/www/html/test/css/frame.html
2015/08/10 17:16:47-AEST::5-deamon::Save::/var/www/html/test/css/frame.html
2015/08/10 17:17:14-AEST::5-deamon::Save::/var/www/html/test/css/frame.html
2015/08/10 17:17:23-AEST::5-deamon::Save::/var/www/html//test/css/frame.html
2015/08/10 17:20:14-AEST::5-deamon::Save::/var/www/html//test/css/frame.html
2015/08/10 17:55:10-AEST::5-deamon::Save::/var/www/html//test/css/frame.html
2015/08/10 18:00:23-AEST::5-deamon::Save::/var/www/html//test/css/frame.html
2015/08/10 18:01:58-AEST::5-deamon::Save::/var/www/html//test/css/local.css
2015/08/10 18:02:25-AEST::5-deamon::Save::/var/www/html/test/css/frame.html
2015/08/10 23:09:09-AEST::5-deamon::Save::/var/www/html/../core/media.php
2015/08/10 23:10:12-AEST::5-deamon::Save::/var/www/html/../core/media.php
2015/08/10 23:11:01-AEST::5-deamon::Save::/var/www/html/../core/media.php
2015/08/10 23:13:05-AEST::5-deamon::Save::/var/www/html/../core/media.php
2015/08/10 23:15:44-AEST::5-deamon::Save::/var/www/html/../core/media.php
2015/08/15 23:51:23-AEST::5-deamon::Save::/var/www/html/../media/5/custom.css
2015/08/17 09:49:01-AEST::5-deamon::Save::/var/www/html/../media/5/custom.css
2015/08/17 09:49:14-AEST::5-deamon::Save::/var/www/html/../media/5/custom.css
2015/08/17 09:57:23-AEST::5-deamon::Save::/var/www/html/test/index.php
2015/08/17 09:58:20-AEST::5-deamon::Save::/var/www/html/test/index.php
2015/08/17 10:01:30-AEST::5-deamon::Save::/var/www/html/test/index.php
2015/08/17 10:03:00-AEST::5-deamon::Save::/var/www/html/test/index.php
2015/08/17 10:03:56-AEST::5-deamon::Save::/var/www/html/test/index.php
2015/08/17 10:05:58-AEST::5-deamon::Save::/var/www/html/test/index.php
2015/08/17 10:10:50-AEST::5-deamon::Save::/var/www/html/test/index.php
2015/08/17 10:13:07-AEST::5-deamon::Save::/var/www/html/test/index.php
2015/08/17 10:13:25-AEST::5-deamon::Save::/var/www/html/test/index.php
2015/08/17 10:13:37-AEST::5-deamon::Save::/var/www/html/test/index.php
2015/08/17 10:13:45-AEST::5-deamon::Save::/var/www/html/test/index.php
2015/08/17 10:14:21-AEST::5-deamon::Save::/var/www/html/test/index.php
2015/08/17 10:15:37-AEST::5-deamon::Save::/var/www/html/test/index.php
2015/08/17 10:20:02-AEST::5-deamon::Save::/var/www/html/../core/media.php
2015/08/17 10:25:38-AEST::5-deamon::Save::/var/www/html/../core/media.php
2015/08/17 10:37:41-AEST::5-deamon::Save::/var/www/html/test/index.php
2015/08/17 10:38:31-AEST::5-deamon::Save::/var/www/html/test/index.php
2015/08/17 10:39:38-AEST::5-deamon::Save::/var/www/html/test/index.php
2015/08/17 10:40:39-AEST::5-deamon::Save::/var/www/html/test/index.php
2015/08/17 10:42:28-AEST::5-deamon::Save::/var/www/html/test/index.php
2015/08/17 10:43:21-AEST::5-deamon::Save::/var/www/html/test/index.php
2015/08/17 17:54:56-AEST::5-deamon::Save::/var/www/html/test/vis.php
2015/08/17 17:58:10-AEST::5-deamon::Save::/var/www/html/test/vis.php
2015/08/17 18:02:51-AEST::5-deamon::Save::/var/www/html/test/vis.php
2015/08/17 18:10:16-AEST::5-deamon::Save::/var/www/html/test/vis.php
2015/08/17 19:48:29-AEST::5-deamon::Save::/var/www/html/test/vis.php
2015/08/17 19:49:00-AEST::5-deamon::Save::/var/www/html/test/vis.php
2015/08/17 19:51:06-AEST::5-deamon::Save::/var/www/html/test/vis.php
2015/08/17 19:52:21-AEST::5-deamon::Save::/var/www/html/test/vis.php
2015/08/17 19:53:56-AEST::5-deamon::Save::/var/www/html/test/vis.php
2015/08/17 19:54:53-AEST::5-deamon::Save::/var/www/html/test/vis.php
2015/08/17 20:03:03-AEST::5-deamon::Save::/var/www/html/test/vis.php
2015/08/17 20:03:30-AEST::5-deamon::Save::/var/www/html/test/vis.php
2015/08/17 20:04:24-AEST::5-deamon::Save::/var/www/html/test/vis.php
2015/08/17 20:05:07-AEST::5-deamon::Save::/var/www/html/test/vis.php
2015/08/17 20:06:32-AEST::5-deamon::Save::/var/www/html/test/vis.php
2015/08/17 20:09:34-AEST::5-deamon::Save::/var/www/html/test/vis.php
2015/08/17 20:10:27-AEST::5-deamon::Save::/var/www/html/test/vis.php
2015/08/17 20:12:35-AEST::5-deamon::Save::/var/www/html/test/vis.php
2015/08/17 20:12:45-AEST::5-deamon::Save::/var/www/html/test/vis.php
2015/08/17 20:13:38-AEST::5-deamon::Save::/var/www/html/test/vis.php
2015/08/17 20:19:16-AEST::5-deamon::Save::/var/www/html/test/vis.php
2015/08/17 20:19:27-AEST::5-deamon::Save::/var/www/html/test/vis.php
2015/08/17 21:15:00-AEST::5-deamon::Save::/var/www/html/test/vis.php
2015/08/17 21:15:56-AEST::5-deamon::Save::/var/www/html/test/vis.php
2015/08/17 21:16:46-AEST::5-deamon::Save::/var/www/html/test/vis.php
2015/08/17 21:20:29-AEST::5-deamon::Save::/var/www/html/test/vis.php
2015/08/17 21:21:39-AEST::5-deamon::Save::/var/www/html/test/vis.php
2015/08/17 21:23:02-AEST::5-deamon::Save::/var/www/html/test/vis.php
2015/08/17 21:26:08-AEST::5-deamon::Save::/var/www/html/test/vis.php
2015/08/17 21:26:32-AEST::5-deamon::Delete::/var/www/html/test/vis.php
2015/08/20 20:19:59-AEST::5-deamon::Save::/var/www/html/university/302/index.php
2015/08/20 21:21:15-AEST::5-deamon::Save::/var/www/html/test/e.php
2015/08/20 21:22:06-AEST::5-deamon::Save::/var/www/html/test/e.php
2015/08/20 21:22:26-AEST::5-deamon::Save::/var/www/html/test/e.php
2015/08/20 21:24:49-AEST::5-deamon::Save::/var/www/html/university/302/index.php
2015/08/20 21:26:03-AEST::5-deamon::Save::/var/www/html/university/302/index.php
2015/08/20 21:26:24-AEST::5-deamon::Save::/var/www/html/university/302/index.php
2015/08/20 21:26:48-AEST::5-deamon::Save::/var/www/html/university/302/test/test/index.php
2015/08/20 21:27:33-AEST::5-deamon::Save::/var/www/html/university/302/test/index.php
2015/08/20 21:34:06-AEST::5-deamon::Save::/var/www/html/test/e.php
2015/08/20 21:39:25-AEST::5-deamon::Save::/var/www/html/test/e.php
2015/08/20 21:41:08-AEST::5-deamon::Save::/var/www/html/test/e.php
2015/08/20 21:41:17-AEST::5-deamon::Save::/var/www/html/test/e.php
2015/08/20 21:41:33-AEST::5-deamon::Save::/var/www/html/test/e.php
2015/08/20 21:41:54-AEST::5-deamon::Save::/var/www/html/test/e.php
2015/08/20 21:42:16-AEST::5-deamon::Save::/var/www/html/test/e.php
2015/08/20 21:42:26-AEST::5-deamon::Save::/var/www/html/test/e.php
2015/08/20 21:43:07-AEST::5-deamon::Save::/var/www/html/test/e.php
2015/08/20 21:43:42-AEST::5-deamon::Save::/var/www/html/test/e.php
2015/08/20 21:44:33-AEST::5-deamon::Save::/var/www/html/test/e.php
2015/08/20 21:45:11-AEST::5-deamon::Save::/var/www/html/test/e.php
2015/08/20 21:47:24-AEST::5-deamon::Save::/var/www/html/test/e.php
2015/08/20 21:47:48-AEST::5-deamon::Save::/var/www/html/test/e.php
2015/08/20 21:47:56-AEST::5-deamon::Save::/var/www/html/test/e.php
2015/08/20 21:48:06-AEST::5-deamon::Delete::/var/www/html/test/csss
2015/08/20 21:48:50-AEST::5-deamon::Save::/var/www/html/test/e.php
2015/08/20 21:49:44-AEST::5-deamon::Save::/var/www/html/test/e.php
2015/08/20 21:49:58-AEST::5-deamon::Save::/var/www/html/test/e.php
2015/08/20 21:50:24-AEST::5-deamon::Save::/var/www/html/test/e.php
2015/08/20 21:50:56-AEST::5-deamon::Save::/var/www/html/test/e.php
2015/08/20 21:53:48-AEST::5-deamon::Delete::/var/www/html/test/e.php
2015/08/20 21:54:25-AEST::5-deamon::Save::/var/www/html/test/csss/a/b/c/index.php
2015/08/20 21:59:34-AEST::5-deamon::Save::/var/www/html/test/csss/a/b/c/index.php
2015/08/20 21:59:56-AEST::5-deamon::Delete::/var/www/html/test/csss/a/b/c/index.php
2015/08/20 22:07:49-AEST::5-deamon::Error::Delete failed::/var/www/html/test/csss/
2015/08/20 22:13:30-AEST::5-deamon::Delete::/var/www/html/test/csss/
2015/08/20 22:38:40-AEST::5-deamon::Save::/var/www/html/test/index.php
2015/08/20 22:40:45-AEST::5-deamon::Save::/var/www/html/test/index.php
2015/08/20 22:42:29-AEST::5-deamon::Save::/var/www/html/test/index.php
2015/08/20 22:42:52-AEST::5-deamon::Save::/var/www/html/test/index.php
2015/08/20 22:43:12-AEST::5-deamon::Save::/var/www/html/test/index.php
2015/08/20 22:43:42-AEST::5-deamon::Save::/var/www/html/test/index.php
2015/08/20 22:46:40-AEST::5-deamon::Save::/var/www/html/test/index.php
2015/08/20 22:55:27-AEST::5-deamon::Save::/var/www/html/test/index.php
2015/08/20 22:55:53-AEST::5-deamon::Save::/var/www/html/test/index.php
2015/08/20 23:05:00-AEST::5-deamon::Save::/var/www/html/test/index.php
2015/08/20 23:14:51-AEST::5-deamon::Save::/var/www/html/test/index.php
2015/08/20 23:15:07-AEST::5-deamon::Save::/var/www/html/test/index.php
2015/08/20 23:17:05-AEST::5-deamon::Save::/var/www/html/test/index.php
2015/08/20 23:17:32-AEST::5-deamon::Save::/var/www/html/test/index.php
2015/08/20 23:18:32-AEST::5-deamon::Save::/var/www/html/test/index.php
2015/08/20 23:19:25-AEST::5-deamon::Save::/var/www/html/test/index.php
2015/08/20 23:29:14-AEST::5-deamon::Save::/var/www/html/error.php
2015/08/20 23:30:14-AEST::5-deamon::Save::/var/www/html/errors.css
2015/08/20 23:37:26-AEST::5-deamon::Save::/var/www/html/errors.css
2015/08/20 23:40:57-AEST::5-deamon::Save::/var/www/html/errors.css
2015/08/20 23:41:11-AEST::5-deamon::Save::/var/www/html/error.php
2015/08/20 23:45:10-AEST::5-deamon::Save::/var/www/html/error.php
2015/08/20 23:46:24-AEST::5-deamon::Save::/var/www/html/test/index.php
2015/08/20 23:47:40-AEST::5-deamon::Save::/var/www/html/test/index.php
2015/08/20 23:47:51-AEST::5-deamon::Save::/var/www/html/test/index.php
2015/08/20 23:56:13-AEST::5-deamon::Save::/var/www/html/error.php
2015/08/21 00:03:23-AEST::5-deamon::Save::/var/www/html/error.php
2015/08/21 00:05:09-AEST::5-deamon::Save::/var/www/html/errors.css
2015/08/21 00:05:29-AEST::5-deamon::Save::/var/www/html/error.php
2015/08/21 00:05:51-AEST::5-deamon::Save::/var/www/html/error.php
2015/08/24 10:14:53-AEST::5-deamon::Save::/var/www/html//me/customise/index.php
2015/08/24 10:21:35-AEST::5-deamon::Save::/var/www/html/me/customise/index.php
2015/08/24 10:41:02-AEST::5-deamon::Save::/var/www/html/me/index.php
2015/08/24 10:42:20-AEST::5-deamon::Save::/var/www/html/me/index.php
2015/08/24 10:44:22-AEST::5-deamon::Save::/var/www/html/me/index.php
2015/08/24 10:45:54-AEST::5-deamon::Save::/var/www/html/me/index.php
2015/08/25 10:12:16-AEST::5-deamon::Save::/var/www/html/university/302/index.php
2015/08/25 10:13:42-AEST::5-deamon::Save::/var/www/html/university/302/index.php
2015/08/25 10:16:08-AEST::5-deamon::Save::/var/www/html/university/302/index.php
2015/08/25 10:22:29-AEST::5-deamon::Save::/var/www/html/university/302/index.php
2015/08/25 10:24:25-AEST::5-deamon::Save::/var/www/html/university/302/index.php
2015/08/25 10:26:02-AEST::5-deamon::Save::/var/www/html/university/302/index.php
2015/08/25 10:29:18-AEST::5-deamon::Save::/var/www/html/university/302/index.php
2015/08/25 10:29:38-AEST::5-deamon::Save::/var/www/html/university/302/index.php
2015/08/25 10:36:16-AEST::5-deamon::Save::/var/www/html/university/302/index.php
2015/08/25 10:37:32-AEST::5-deamon::Save::/var/www/html/university/302/index.php
2015/08/25 10:38:22-AEST::5-deamon::Save::/var/www/html/university/302/index.php
2015/08/25 10:39:26-AEST::5-deamon::Save::/var/www/html/university/302/index.php
2015/08/25 10:39:45-AEST::5-deamon::Save::/var/www/html/university/302/index.php
2015/08/25 10:40:28-AEST::5-deamon::Save::/var/www/html/university/302/index.php
2015/08/25 10:41:02-AEST::5-deamon::Save::/var/www/html/university/302/index.php
2015/08/25 10:42:49-AEST::5-deamon::Save::/var/www/html/university/302/index.php
2015/08/25 10:47:37-AEST::5-deamon::Save::/var/www/html/university/302/index2.php
2015/08/25 10:48:34-AEST::5-deamon::Delete::/var/www/html/university/302/index2.php
2015/08/25 10:49:09-AEST::5-deamon::Save::/var/www/html/university/302/index.php
2015/08/25 10:51:05-AEST::5-deamon::Save::/var/www/html/university/302/index.php
2015/08/25 10:51:44-AEST::5-deamon::Save::/var/www/html/university/302/index.php
2015/08/25 10:52:26-AEST::5-deamon::Save::/var/www/html/university/302/index.php
2015/08/25 11:00:11-AEST::5-deamon::Save::/var/www/html/university/302/index.php
2015/08/25 11:00:41-AEST::5-deamon::Save::/var/www/html/university/302/index.php
2015/08/25 11:01:27-AEST::5-deamon::Save::/var/www/html/university/302/index.php
2015/08/25 11:02:48-AEST::5-deamon::Save::/var/www/html/university/302/index.php
2015/08/25 11:03:39-AEST::5-deamon::Save::/var/www/html/university/302/index.php
2015/08/25 11:06:26-AEST::5-deamon::Save::/var/www/html/university/302/index.php
2015/08/25 11:19:07-AEST::5-deamon::Save::/var/www/html/../lib.php
2015/08/25 11:27:23-AEST::5-deamon::Save::/var/www/html/university/302/index.php
2015/08/25 11:27:59-AEST::5-deamon::Save::/var/www/html/university/302/index.php
2015/08/25 11:28:02-AEST::5-deamon::Save::/var/www/html/university/302/index.php
2015/08/25 11:28:56-AEST::5-deamon::Save::/var/www/html/university/302/index.php
2015/08/25 11:29:08-AEST::5-deamon::Save::/var/www/html/university/302/index.php
2015/08/25 11:30:21-AEST::5-deamon::Save::/var/www/html/university/302/index.php
2015/08/25 11:31:13-AEST::5-deamon::Save::/var/www/html/university/302/index.php
2015/08/25 11:34:42-AEST::5-deamon::Save::/var/www/html/university/302/index.php
2015/08/25 11:35:45-AEST::5-deamon::Save::/var/www/html/university/302/index.php
2015/08/25 11:37:48-AEST::5-deamon::Save::/var/www/html/university/302/index.php
2015/08/26 21:13:02-AEST::5-deamon::Save::/var/www/html/test/index.php
2015/08/26 21:13:29-AEST::5-deamon::Save::/var/www/html/test/index.php
2015/08/27 09:31:57-AEST::5-deamon::Save::/var/www/html/test/index.php
2015/08/27 09:32:16-AEST::5-deamon::Save::/var/www/html/test/index.php
2015/08/27 10:14:56-AEST::5-deamon::Save::/var/www/html/test/index.php
2015/08/27 10:17:09-AEST::5-deamon::Save::/var/www/html/test/index.php
2015/08/27 11:37:09-AEST::5-deamon::Save::/var/www/html/test/index.php
2015/08/27 11:52:41-AEST::5-deamon::Save::/var/www/html/test/index.php
2015/08/28 00:56:36-AEST::5-deamon::Save::/var/www/html/me/index.php
2015/08/28 00:58:15-AEST::5-deamon::Save::/var/www/html/me/index.php
2015/08/28 00:58:26-AEST::5-deamon::Save::/var/www/html/me/index.php
2015/08/28 00:58:49-AEST::5-deamon::Save::/var/www/html/me/index.php
2015/08/28 00:59:27-AEST::5-deamon::Save::/var/www/html/me/index.php
2015/08/28 01:08:21-AEST::5-deamon::Save::/var/www/html/me/index.php
2015/08/28 01:26:22-AEST::5-deamon::Save::/var/www/html/test/index.php
2015/08/28 01:31:24-AEST::5-deamon::Save::/var/www/html/test/index.php
2015/08/28 01:31:35-AEST::5-deamon::Save::/var/www/html/test/index.php
2015/08/28 01:35:49-AEST::5-deamon::Save::/var/www/html/test/index.php
2015/08/28 01:36:30-AEST::5-deamon::Save::/var/www/html/test/index.php
2015/08/28 01:41:16-AEST::5-deamon::Save::/var/www/html/test/index.php
2015/08/28 01:43:20-AEST::5-deamon::Save::/var/www/html/me/index.php
2015/08/28 14:59:35-AEST::5-deamon::Save::/var/www/html/university/302/index.php
2015/08/28 16:29:55-AEST::5-deamon::Save::/var/www/html/test/index.php
2015/08/28 16:30:07-AEST::5-deamon::Save::/var/www/html/test/index.php
2015/08/31 16:30:45-AEST::5-deamon::Save::/var/www/html/.*
2015/08/31 16:31:58-AEST::5-deamon::Save::/var/www/html/test/index.php
2015/08/31 16:32:10-AEST::5-deamon::Save::/var/www/html/test/index.php
2015/08/31 16:32:31-AEST::5-deamon::Save::/var/www/html/test/index.php
2015/08/31 16:32:49-AEST::5-deamon::Save::/var/www/html/test/index.php
2015/08/31 16:34:14-AEST::5-deamon::Save::/var/www/html/test/index.php
2015/08/31 16:36:02-AEST::5-deamon::Save::/var/www/html/test/index.php
2015/09/01 10:21:16-AEST::5-deamon::Save::/var/www/html/university/302/core/logs/index.php
2015/09/01 10:22:01-AEST::5-deamon::Save::/var/www/html/university/302/core/logs/index.php
2015/09/01 10:22:36-AEST::5-deamon::Save::/var/www/html/university/302/core/logs/index.php
2015/09/07 09:13:19-AEST::5-deamon::Save::/var/www/html/.htaccess
2015/09/07 09:24:26-AEST::5-deamon::Save::/var/www/html/.htaccess
2015/09/07 09:24:47-AEST::5-deamon::Save::/var/www/html/.htaccess
2015/09/07 10:33:23-AEST::5-deamon::Save::/var/www/html/deamonic.css
2015/09/07 10:35:51-AEST::5-deamon::Save::/var/www/html/deamonic.css
2015/09/07 10:36:54-AEST::5-deamon::Save::/var/www/html/deamonic.css
2015/09/07 10:37:08-AEST::5-deamon::Save::/var/www/html/deamonic.css
2015/09/07 10:37:57-AEST::5-deamon::Save::/var/www/html/deamonic.css
2015/09/07 10:40:53-AEST::5-deamon::Save::/var/www/html/deamonic.css
2015/09/07 10:42:02-AEST::5-deamon::Save::/var/www/html/deamonic.css
2015/09/07 10:47:16-AEST::5-deamon::Save::/var/www/html/../media/5/custom.css
2015/09/07 10:47:46-AEST::5-deamon::Save::/var/www/html/../media/5/custom.css
2015/09/12 16:02:31-AEST::5-deamon::Save::/var/www/html/test/index.php
2015/09/12 16:02:47-AEST::5-deamon::Save::/var/www/html/test/index.php
2015/09/15 14:07:54-AEST::5-deamon::Save::/var/www/html/test/index.php
2015/09/15 14:08:08-AEST::5-deamon::Save::/var/www/html/test/index.php
2015/09/15 14:08:47-AEST::5-deamon::Save::/var/www/html/test/index.php
2015/09/15 14:10:04-AEST::5-deamon::Save::/var/www/html/test/index.php
2015/09/15 14:49:17-AEST::5-deamon::Save::/var/www/html/test/index.php
2015/09/15 14:49:39-AEST::5-deamon::Save::/var/www/html/test/index.php
2015/09/15 17:49:44-AEST::5-deamon::Save::/var/www/html/test/index.php
2015/09/15 17:49:56-AEST::5-deamon::Save::/var/www/html/test/index.php
2015/09/15 17:50:18-AEST::5-deamon::Save::/var/www/html/test/index.php
2015/09/15 17:50:26-AEST::5-deamon::Save::/var/www/html/test/index.php
2015/09/20 16:11:36-AEST::5-deamon::Save::/var/www/html//test/js.php
2015/09/20 16:12:33-AEST::5-deamon::Save::/var/www/html//test/js.php
2015/09/21 22:54:26-AEST::5-deamon::Save::/var/www/html/../core/media.php
2015/09/22 10:53:40-AEST::5-deamon::Save::/var/www/html/../Jordan/index.php
2015/09/22 10:54:19-AEST::5-deamon::Save::/var/www/html/../jordan/index.php
2015/09/22 10:54:53-AEST::5-deamon::Delete::/var/www/html/../jordan/index.php
2015/09/22 10:58:43-AEST::5-deamon::Save::/var/www/html/../t/index.html
2015/09/30 16:25:52-AEST::5-deamon::Save::/var/www/html/test/index.php
2015/10/03 21:31:04-AEST::5-deamon::Save::/var/www/html/tate/index.php
2015/10/06 09:59:25-AEST::5-deamon::Save::/var/www/html/../core/register.php
2015/10/06 10:09:25-AEST::11-roflmonsterjh::Save::/var/www/html//university/302/projects.php
2015/10/06 10:17:03-AEST::11-roflmonsterjh::Save::/var/www/html//university/302/supervisor.php
2015/10/06 10:17:44-AEST::11-roflmonsterjh::Save::/var/www/html//university/302/supervisor.php
2015/10/06 10:22:38-AEST::11-roflmonsterjh::Save::/var/www/html//university/302/supervisor.php
2015/10/10 02:53:56-AEST::5-deamon::Save::/var/www/html/games/reviews/index.php
2015/10/10 02:54:17-AEST::5-deamon::Save::/var/www/html/games/reviews/index.php
2015/10/10 02:55:12-AEST::5-deamon::Save::/var/www/html/games/reviews/index.php
2015/10/10 03:23:36-AEST::5-deamon::Save::/var/www/html/games/reviews/index.php
2015/10/10 03:25:14-AEST::5-deamon::Save::/var/www/html/games/reviews/index.php
2015/10/10 03:27:29-AEST::5-deamon::Save::/var/www/html/games/reviews/index.php
2015/10/10 03:30:03-AEST::5-deamon::Save::/var/www/html/games/reviews/index.php
2015/10/10 03:34:23-AEST::5-deamon::Save::/var/www/html/games/reviews/index.php
2015/10/10 03:36:58-AEST::5-deamon::Save::/var/www/html/games/reviews/index.php
2015/10/10 03:39:23-AEST::5-deamon::Save::/var/www/html/games/reviews/index.php
2015/10/10 03:44:48-AEST::5-deamon::Save::/var/www/html/games/reviews/index.php
2015/10/10 03:48:17-AEST::5-deamon::Save::/var/www/html/games/reviews/index.php
2015/10/10 03:48:43-AEST::5-deamon::Save::/var/www/html/games/reviews/index.php
2015/10/10 03:49:53-AEST::5-deamon::Save::/var/www/html/games/reviews/index.php
2015/10/10 03:50:08-AEST::5-deamon::Save::/var/www/html/games/reviews/index.php
2015/10/10 03:51:46-AEST::5-deamon::Save::/var/www/html/games/reviews/index.php
2015/10/10 03:52:50-AEST::5-deamon::Save::/var/www/html/games/reviews/index.php
2015/10/10 03:53:07-AEST::5-deamon::Save::/var/www/html/games/reviews/index.php
2015/10/10 03:54:47-AEST::5-deamon::Save::/var/www/html/games/reviews/index.php
2015/10/10 03:56:25-AEST::5-deamon::Save::/var/www/html/games/reviews/index.php
2015/10/10 03:57:18-AEST::5-deamon::Save::/var/www/html/games/reviews/index.php
2015/10/10 04:00:06-AEST::5-deamon::Save::/var/www/html/games/reviews/index.php
2015/10/10 04:00:46-AEST::5-deamon::Save::/var/www/html/games/reviews/index.php
2015/10/10 04:02:25-AEST::5-deamon::Save::/var/www/html/games/reviews/index.php
2015/10/10 04:02:45-AEST::5-deamon::Save::/var/www/html/games/reviews/index.php
2015/10/10 04:08:22-AEST::5-deamon::Save::/var/www/html/games/reviews/index.php
2015/10/10 04:09:25-AEST::5-deamon::Save::/var/www/html/games/reviews/index.php
2015/10/10 04:10:31-AEST::5-deamon::Save::/var/www/html/games/reviews/index.php
2015/10/10 04:12:56-AEST::5-deamon::Save::/var/www/html/games/reviews/index.php
2015/10/10 04:14:20-AEST::5-deamon::Save::/var/www/html/games/reviews/index.php
2015/10/10 04:15:40-AEST::5-deamon::Save::/var/www/html/games/reviews/index.php
2015/10/10 04:17:41-AEST::5-deamon::Save::/var/www/html/games/reviews/index.php
2015/10/10 17:04:42-AEST::5-deamon::Save::/var/www/html/test/index.php
2015/10/10 17:05:42-AEST::5-deamon::Save::/var/www/html/test/index.php
2015/10/10 21:51:15-AEST::5-deamon::Save::/var/www/html/test/index.php
2015/10/10 21:51:51-AEST::5-deamon::Save::/var/www/html/test/index.php
2015/10/10 21:54:51-AEST::5-deamon::Save::/var/www/html/test/index.php
2015/10/10 21:54:58-AEST::5-deamon::Save::/var/www/html/test/index.php
2015/10/10 21:55:09-AEST::5-deamon::Save::/var/www/html/test/index.php
2015/10/15 16:22:49-AEST::5-deamon::Save::/var/www/html/lib.php
2015/10/15 16:27:21-AEST::5-deamon::Save::/var/www/html/university/lpm.html
2015/10/15 16:38:38-AEST::5-deamon::Save::/var/www/html/code/projects/LMP/index.php
2015/10/15 16:46:30-AEST::5-deamon::Save::/var/www/html/page.php
2015/10/22 11:39:15-AEST::5-deamon::Save::/var/www/html/games/reviews/index.php
2015/10/22 11:39:55-AEST::5-deamon::Save::/var/www/html/games/reviews/index.php
2015/10/22 11:59:57-AEST::5-deamon::Save::/var/www/html/games/reviews/index.php
2015/10/27 15:58:06-AEST::5-deamon::Save::/var/www/html/test/index.php
2015/10/27 15:59:02-AEST::5-deamon::Save::/var/www/html/test/index.php
2015/10/27 16:03:54-AEST::5-deamon::Save::/var/www/html/test/index.php
2015/10/27 16:05:52-AEST::5-deamon::Save::/var/www/html/test/index.php
2015/10/27 16:07:07-AEST::5-deamon::Save::/var/www/html/test/index.php
2015/10/27 16:11:27-AEST::5-deamon::Save::/var/www/html/test/index.php
2015/10/27 16:13:39-AEST::5-deamon::Save::/var/www/html/test/index.php
2015/10/27 16:16:11-AEST::5-deamon::Save::/var/www/html/test/index.php
2015/10/27 16:16:24-AEST::5-deamon::Save::/var/www/html/test/index.php
2015/10/27 16:16:58-AEST::5-deamon::Save::/var/www/html/test/index.php
2015/10/28 17:34:01-AEST::5-deamon::Save::/var/www/html/test/index.php
2015/10/28 17:34:36-AEST::5-deamon::Save::/var/www/html/test/index.php
2015/10/28 17:36:55-AEST::5-deamon::Save::/var/www/html/test/index.php
2015/11/03 15:41:55-AEST::5-deamon::Save::/var/www/html/university/330/index.php
2015/11/03 15:42:55-AEST::5-deamon::Save::/var/www/html/university/330/yammer.php
2015/11/11 16:21:56-AEST::5-deamon::Save::/var/www/html/family/wishlist.php
2015/11/11 16:25:15-AEST::5-deamon::Save::/var/www/html/family/wishlist.php
2015/11/11 16:36:34-AEST::5-deamon::Save::/var/www/html/family/wishlist.php
2015/12/27 22:38:09-AEST::5-deamon::Save::/var/www/html/test/index.php
2015/12/27 22:38:34-AEST::5-deamon::Save::/var/www/html/test/index.php
2015/12/27 22:39:33-AEST::5-deamon::Save::/var/www/html/test/index.php
2015/12/27 22:46:09-AEST::5-deamon::Save::/var/www/html/test/index.php
2015/12/27 23:09:00-AEST::5-deamon::Save::/var/www/html/test/index.php
2015/12/29 15:04:52-AEST::5-deamon::Save::/var/www/html/test/index.php
2015/12/29 15:05:03-AEST::5-deamon::Save::/var/www/html/test/index.php
2015/12/29 15:05:45-AEST::5-deamon::Save::/var/www/html/test/index.php
2015/12/29 15:09:05-AEST::5-deamon::Save::/var/www/html/test/index.php
2015/12/29 15:09:48-AEST::5-deamon::Save::/var/www/html/test/index.php
2015/12/29 15:11:17-AEST::5-deamon::Save::/var/www/html/test/index.php
2016/01/12 17:39:00-AEST::5-deamon::Save::/var/www/html/test/index.php
2016/01/12 17:49:16-AEST::5-deamon::Save::/var/www/html/test/index.php
2016/01/12 17:49:45-AEST::5-deamon::Save::/var/www/html/test/index.php
2016/01/12 17:50:59-AEST::5-deamon::Save::/var/www/html/test/index.php
2016/01/12 17:53:19-AEST::5-deamon::Save::/var/www/html/test/ssh.php
2016/01/12 17:53:43-AEST::5-deamon::Save::/var/www/html/test/index.php
2016/01/12 17:58:21-AEST::5-deamon::Save::/var/www/html/test/index.php
2016/01/12 17:59:18-AEST::5-deamon::Save::/var/www/html/test/index.php
2016/01/12 18:09:51-AEST::5-deamon::Save::/var/www/html/test/index.php
2016/01/12 18:10:29-AEST::5-deamon::Save::/var/www/html/test/index.php
2016/01/12 18:11:34-AEST::5-deamon::Save::/var/www/html/test/index.php
2016/01/12 18:14:39-AEST::5-deamon::Save::/var/www/html/test/index.php
2016/01/12 18:16:47-AEST::5-deamon::Save::/var/www/html/test/index.php
2016/01/12 18:18:21-AEST::5-deamon::Save::/var/www/html/test/index.php
2016/01/12 18:19:39-AEST::5-deamon::Save::/var/www/html/test/index.php
2016/01/12 18:21:45-AEST::5-deamon::Save::/var/www/html/test/index.php
2016/01/12 18:22:16-AEST::5-deamon::Save::/var/www/html/test/index.php
2016/01/12 18:23:03-AEST::5-deamon::Save::/var/www/html/test/index.php
2016/01/12 18:31:48-AEST::5-deamon::Save::/var/www/html/test/index.php
2016/01/12 18:33:21-AEST::5-deamon::Save::/var/www/html/test/index.php
2016/01/12 18:33:47-AEST::5-deamon::Save::/var/www/html/test/index.php
2016/01/12 18:36:57-AEST::5-deamon::Save::/var/www/html/test/index.php
2016/01/12 18:37:11-AEST::5-deamon::Save::/var/www/html/test/index.php
2016/01/12 18:38:40-AEST::5-deamon::Save::/var/www/html/test/index.php
2016/01/12 18:40:58-AEST::5-deamon::Save::/var/www/html/test/index.php
2016/02/10 02:16:32-AEST::5-deamon::Save::/var/www/html/me/index.php
2016/02/15 00:24:33-AEST::5-deamon::Save::/var/www/html/test/index.php
2016/02/15 00:30:07-AEST::5-deamon::Save::/var/www/html/test/index.php
2016/02/15 00:34:46-AEST::5-deamon::Save::/var/www/html/test/index.php
2016/02/15 00:36:17-AEST::5-deamon::Save::/var/www/html/test/index.php
2016/02/15 00:50:20-AEST::5-deamon::Save::/var/www/html/test/css/frame.php
2016/02/17 16:44:41-AEST::5-deamon::Save::/var/www/html/test/css/frame.php
2016/02/17 17:03:42-AEST::5-deamon::Save::/var/www/html/test/css/frame.php
2016/02/17 17:04:49-AEST::5-deamon::Save::/var/www/html/test/css/frame.php
2016/02/17 17:07:11-AEST::5-deamon::Save::/var/www/html/test/css/frame.php
2016/02/17 17:08:06-AEST::5-deamon::Save::/var/www/html/test/css/frame.php
2016/02/17 17:10:11-AEST::5-deamon::Save::/var/www/html/test/css/frame.php
2016/02/17 17:10:44-AEST::5-deamon::Save::/var/www/html/test/css/frame.php
2016/02/17 17:11:37-AEST::5-deamon::Save::/var/www/html/test/css/frame.php
2016/02/17 17:12:01-AEST::5-deamon::Save::/var/www/html/test/css/frame.php
2016/02/17 17:14:41-AEST::5-deamon::Save::/var/www/html/test/css/frame.php
2016/02/17 17:15:07-AEST::5-deamon::Save::/var/www/html/test/css/frame.php
2016/02/17 17:16:12-AEST::5-deamon::Save::/var/www/html/test/css/frame.php
2016/02/17 17:32:30-AEST::5-deamon::Save::/var/www/html/test/css/frame.php
2016/02/17 17:33:11-AEST::5-deamon::Save::/var/www/html/test/css/delta.css
2016/02/17 17:34:45-AEST::5-deamon::Save::/var/www/html/test/css/frame.php
2016/02/17 17:37:15-AEST::5-deamon::Save::/var/www/html/test/css/frame.php
2016/02/17 17:37:45-AEST::5-deamon::Save::/var/www/html/test/css/frame.php
2016/02/20 04:34:21-AEST::5-deamon::Save::/var/www/html/test/index.php
2016/02/20 04:36:32-AEST::5-deamon::Save::/var/www/html/test/index.php
2016/02/20 04:53:15-AEST::5-deamon::Save::/var/www/html/test/index.php
2016/02/20 04:53:30-AEST::5-deamon::Save::/var/www/html/test/index.php
2016/02/20 05:02:56-AEST::5-deamon::Save::/var/www/html/test/index.php
2016/02/20 05:04:19-AEST::5-deamon::Save::/var/www/html/test/index.php
2016/02/24 20:01:26-AEST::5-deamon::Save::/var/www/html/games/dice/index.php
2016/02/24 22:47:54-AEST::5-deamon::Save::/var/www/html/games/dice/index.php
2016/02/24 23:26:58-AEST::5-deamon::Save::/var/www/html/games/dice/index.php
2016/02/24 23:27:53-AEST::5-deamon::Save::/var/www/html/games/dice/index.php
2016/02/24 23:28:18-AEST::5-deamon::Save::/var/www/html/games/dice/index.php
2016/02/24 23:28:44-AEST::5-deamon::Save::/var/www/html/games/dice/index.php
2016/02/24 23:30:53-AEST::5-deamon::Save::/var/www/html/games/dice/index.php
2016/02/24 23:39:32-AEST::5-deamon::Save::/var/www/html/games/dice/index.php
2016/02/24 23:42:36-AEST::5-deamon::Save::/var/www/html/games/dice/index.php
2016/02/24 23:52:16-AEST::5-deamon::Save::/var/www/html/games/dice/index.php
2016/02/24 23:52:46-AEST::5-deamon::Save::/var/www/html/games/dice/index.php
2016/02/25 00:00:46-AEST::5-deamon::Save::/var/www/html/games/dice/index.php
2016/02/25 00:02:04-AEST::5-deamon::Save::/var/www/html/games/dice/index.php
2016/02/25 00:19:39-AEST::5-deamon::Save::/var/www/html/games/dice/index.php
2016/02/25 00:25:00-AEST::5-deamon::Save::/var/www/html/games/dice/index.php
2016/02/25 00:28:38-AEST::5-deamon::Save::/var/www/html/games/dice/index.php
2016/02/25 00:38:50-AEST::5-deamon::Save::/var/www/html/games/dice/index.php
2016/02/25 00:43:43-AEST::5-deamon::Save::/var/www/html/games/dice/index.php
2016/02/25 00:48:15-AEST::5-deamon::Save::/var/www/html/games/dice/index.php
2016/02/25 00:49:01-AEST::5-deamon::Save::/var/www/html/games/dice/index.php
2016/02/25 00:50:10-AEST::5-deamon::Save::/var/www/html/games/dice/index.php
2016/02/25 00:50:40-AEST::5-deamon::Save::/var/www/html/games/dice/index.php
2016/02/25 00:55:13-AEST::5-deamon::Save::/var/www/html/games/dice/index.php
2016/02/25 00:57:33-AEST::5-deamon::Save::/var/www/html/games/dice/index.php
2016/02/25 00:58:47-AEST::5-deamon::Save::/var/www/html/games/dice/index.php
2016/02/25 01:01:27-AEST::5-deamon::Save::/var/www/html/games/dice/index.php
2016/02/25 01:09:01-AEST::5-deamon::Save::/var/www/html/games/dice/index.php
2016/02/25 01:14:05-AEST::5-deamon::Save::/var/www/html/games/dice/index.php
2016/02/25 01:17:03-AEST::5-deamon::Save::/var/www/html/games/dice/index.php
2016/02/25 01:18:34-AEST::5-deamon::Save::/var/www/html/games/dice/index.php
2016/02/25 01:35:02-AEST::5-deamon::Save::/var/www/html/games/dice/index.php
2016/02/25 01:36:27-AEST::5-deamon::Save::/var/www/html/games/dice/index.php
2016/02/25 01:38:00-AEST::5-deamon::Save::/var/www/html/games/dice/index.php
2016/02/25 01:38:19-AEST::5-deamon::Save::/var/www/html/games/dice/index.php
2016/02/25 01:45:16-AEST::5-deamon::Save::/var/www/html/games/dice/index.php
2016/02/25 01:54:13-AEST::5-deamon::Save::/var/www/html/games/dice/index.php
2016/02/25 01:59:26-AEST::5-deamon::Save::/var/www/html/games/dice/index.php
2016/02/29 11:32:02-AEST::5-deamon::Save::/var/www/html/menus.json
2016/02/29 11:33:17-AEST::5-deamon::Save::/var/www/html/menus.json
2016/02/29 11:41:05-AEST::5-deamon::Save::/var/www/html/menus.json
2016/02/29 11:56:57-AEST::5-deamon::Save::/var/www/html/test/css/frame.php
2016/02/29 12:01:52-AEST::5-deamon::Save::/var/www/html/test/css/frame.php
2016/02/29 12:02:53-AEST::5-deamon::Save::/var/www/html/test/css/frame.php
2016/02/29 12:03:58-AEST::5-deamon::Save::/var/www/html/test/css/frame.php
2016/02/29 12:05:23-AEST::5-deamon::Save::/var/www/html/test/css/frame.php
2016/02/29 12:15:23-AEST::5-deamon::Save::/var/www/html/test/json.php
2016/02/29 12:17:51-AEST::5-deamon::Save::/var/www/html/test/json.php
2016/02/29 12:18:05-AEST::5-deamon::Save::/var/www/html/test/json.php
2016/02/29 12:23:59-AEST::5-deamon::Save::/var/www/html/menus.json
2016/02/29 12:24:08-AEST::5-deamon::Save::/var/www/html/menus.json
2016/02/29 12:33:03-AEST::5-deamon::Save::/var/www/html/menus.json
2016/02/29 12:33:34-AEST::5-deamon::Save::/var/www/html/test/css/frame.php
2016/02/29 12:44:06-AEST::5-deamon::Save::/var/www/html/../core/start.php
2016/02/29 12:50:05-AEST::5-deamon::Delete::/var/www/html/../media/5/custom.css
2016/02/29 12:59:45-AEST::5-deamon::Save::/var/www/html/menus.json
2016/02/29 13:19:43-AEST::5-deamon::Save::/var/www/html/university/375.php
2016/02/29 13:46:29-AEST::5-deamon::Save::/var/www/html/../core/start.php
2016/02/29 13:57:35-AEST::5-deamon::Save::/var/www/html/about/index.php
2016/02/29 13:58:25-AEST::5-deamon::Save::/var/www/html/about/index.php
2016/02/29 14:01:11-AEST::5-deamon::Save::/var/www/html/about/index.php
2016/03/01 17:56:54-AEST::5-deamon::Save::/var/www/html/test/json.php
2016/03/01 17:58:24-AEST::5-deamon::Save::/var/www/html/test/json.php
2016/03/01 18:07:44-AEST::5-deamon::Save::/var/www/html/test/json.php
2016/03/01 18:11:41-AEST::5-deamon::Save::/var/www/html/test/json.php
2016/03/01 18:12:07-AEST::5-deamon::Save::/var/www/html/test/json.php
2016/03/01 18:15:11-AEST::5-deamon::Save::/var/www/html/test/json.php
2016/03/01 18:15:57-AEST::5-deamon::Save::/var/www/html/test/json.php
2016/03/01 18:16:37-AEST::5-deamon::Save::/var/www/html/test/json.php
2016/03/01 18:17:00-AEST::5-deamon::Save::/var/www/html/test/json.php
2016/03/01 18:17:34-AEST::5-deamon::Save::/var/www/html/test/json.php
2016/03/01 18:25:08-AEST::5-deamon::Save::/var/www/html/code/random/values/index.php
2016/03/01 18:26:17-AEST::5-deamon::Delete::/var/www/html/test/json.php
2016/03/01 18:51:22-AEST::5-deamon::Save::/var/www/html/code/random/values/index.php
2016/03/01 18:52:29-AEST::5-deamon::Save::/var/www/html/code/random/values/index.php
2016/03/01 18:53:27-AEST::5-deamon::Save::/var/www/html/code/random/values/index.php
2016/03/01 18:54:36-AEST::5-deamon::Save::/var/www/html/code/random/values/index.php
2016/03/01 18:55:01-AEST::5-deamon::Save::/var/www/html/code/random/values/index.php
2016/03/01 19:04:13-AEST::5-deamon::Save::/var/www/html/code/random/values/index.php
2016/03/01 19:09:56-AEST::5-deamon::Save::/var/www/html/code/random/values/index.php
2016/03/01 19:10:39-AEST::5-deamon::Save::/var/www/html/code/random/values/index.php
2016/03/01 19:11:51-AEST::5-deamon::Save::/var/www/html/code/random/values/index.php
2016/03/01 19:12:08-AEST::5-deamon::Save::/var/www/html/code/random/values/index.php
2016/03/01 19:21:26-AEST::5-deamon::Save::/var/www/html/code/random/values/index.php
2016/03/01 19:36:24-AEST::5-deamon::Save::/var/www/html/code/random/values/index.php
2016/03/01 19:44:32-AEST::5-deamon::Save::/var/www/html/code/random/values/index.php
2016/03/01 19:55:15-AEST::5-deamon::Save::/var/www/html/code/random/values/index.php
2016/03/01 20:39:32-AEST::5-deamon::Save::/var/www/html/code/random/values/index.php
2016/03/01 20:48:19-AEST::5-deamon::Save::/var/www/html/code/random/values/index.php
2016/03/01 20:49:03-AEST::5-deamon::Save::/var/www/html/code/random/values/index.php
2016/03/01 20:49:48-AEST::5-deamon::Save::/var/www/html/code/random/values/index.php
2016/03/01 20:51:15-AEST::5-deamon::Save::/var/www/html/code/random/values/index.php
2016/03/01 20:51:39-AEST::5-deamon::Save::/var/www/html/code/random/values/index.php
2016/03/01 20:51:54-AEST::5-deamon::Save::/var/www/html/code/random/values/index.php
2016/03/01 21:17:44-AEST::5-deamon::Save::/var/www/html/code/random/values/index.php
2016/03/01 22:09:32-AEST::5-deamon::Save::/var/www/html/test/index.php
2016/03/01 22:11:52-AEST::5-deamon::Save::/var/www/html/test/imgur.php
2016/03/01 22:14:35-AEST::5-deamon::Save::/var/www/html/test/index.php
2016/03/01 22:23:32-AEST::5-deamon::Save::/var/www/html/test/index.php
2016/03/01 22:26:59-AEST::5-deamon::Save::/var/www/html/test/index.php
2016/03/01 22:27:39-AEST::5-deamon::Save::/var/www/html/test/index.php
2016/03/01 22:42:10-AEST::5-deamon::Save::/var/www/html/test/index.php
2016/03/01 22:42:53-AEST::5-deamon::Save::/var/www/html/test/index.php
2016/03/01 22:44:38-AEST::5-deamon::Save::/var/www/html/test/index.php
2016/03/01 22:45:06-AEST::5-deamon::Save::/var/www/html/test/index.php
2016/03/01 22:45:37-AEST::5-deamon::Save::/var/www/html/test/index.php
2016/03/01 22:47:06-AEST::5-deamon::Save::/var/www/html/test/index.php
2016/03/01 22:48:49-AEST::5-deamon::Save::/var/www/html/test/index.php
2016/03/01 22:51:07-AEST::5-deamon::Save::/var/www/html/test/index.php
2016/03/01 22:51:39-AEST::5-deamon::Save::/var/www/html/test/index.php
2016/03/01 22:52:27-AEST::5-deamon::Save::/var/www/html/test/index.php
2016/03/01 23:03:02-AEST::5-deamon::Save::/var/www/html/test/index.php
2016/03/01 23:03:57-AEST::5-deamon::Save::/var/www/html/test/index.php
2016/03/01 23:04:10-AEST::5-deamon::Save::/var/www/html/test/index.php
2016/03/01 23:05:21-AEST::5-deamon::Save::/var/www/html/test/index.php
2016/03/01 23:05:36-AEST::5-deamon::Save::/var/www/html/test/index.php
2016/03/01 23:06:47-AEST::5-deamon::Save::/var/www/html/test/index.php
2016/03/01 23:07:09-AEST::5-deamon::Save::/var/www/html/test/index.php
2016/03/01 23:07:15-AEST::5-deamon::Save::/var/www/html/test/index.php
2016/03/01 23:29:31-AEST::5-deamon::Save::/var/www/html/menus.json
2016/03/01 23:33:33-AEST::5-deamon::Save::/var/www/html//api/files/index.php
2016/03/01 23:37:44-AEST::5-deamon::Save::/var/www/html/test/index.php
2016/03/02 01:56:16-AEST::5-deamon::Save::/var/www/html/test/index.php
2016/03/02 01:57:39-AEST::5-deamon::Save::/var/www/html/test/index.php
2016/03/02 01:58:48-AEST::5-deamon::Save::/var/www/html/test/index.php
2016/03/02 01:59:14-AEST::5-deamon::Save::/var/www/html/test/index.php
2016/03/02 02:00:29-AEST::5-deamon::Save::/var/www/html/test/index.php
2016/03/02 02:00:56-AEST::5-deamon::Save::/var/www/html/test/index.php
2016/03/02 02:02:47-AEST::5-deamon::Save::/var/www/html/test/index.php
2016/03/02 02:04:09-AEST::5-deamon::Save::/var/www/html/test/index.php
2016/03/02 02:30:11-AEST::5-deamon::Save::/var/www/html/test/index.php
2016/03/02 02:34:58-AEST::5-deamon::Save::/var/www/html/test/index.php
2016/03/02 02:36:15-AEST::5-deamon::Save::/var/www/html/test/index.php
2016/03/02 02:36:42-AEST::5-deamon::Save::/var/www/html/test/index.php
2016/03/02 02:50:08-AEST::5-deamon::Save::/var/www/html/test/index.php
2016/03/02 02:53:35-AEST::5-deamon::Save::/var/www/html/test/index.php
2016/03/02 02:59:13-AEST::5-deamon::Save::/var/www/html/test/index.php
2016/03/02 03:01:08-AEST::5-deamon::Save::/var/www/html/test/index.php
2016/03/02 03:03:24-AEST::5-deamon::Save::/var/www/html/test/index.php
2016/03/02 03:18:07-AEST::5-deamon::Save::/var/www/html/test/index.php
2016/03/02 03:19:43-AEST::5-deamon::Save::/var/www/html/test/index.php
2016/03/02 03:20:22-AEST::5-deamon::Save::/var/www/html/test/index.php
2016/03/02 03:21:16-AEST::5-deamon::Save::/var/www/html/test/index.php
2016/03/02 03:21:51-AEST::5-deamon::Save::/var/www/html/test/index.php
2016/03/02 03:26:47-AEST::5-deamon::Save::/var/www/html/test/index.php
2016/03/06 15:33:58-AEST::5-deamon::Save::/var/www/html/test/timeline/index.php
2016/03/06 15:41:46-AEST::5-deamon::Save::/var/www/html/test/timeline/index.php
2016/03/06 15:43:27-AEST::5-deamon::Save::/var/www/html/test/timeline/index.php
2016/03/06 15:43:45-AEST::5-deamon::Save::/var/www/html/test/timeline/index.php
2016/03/06 16:08:01-AEST::5-deamon::Save::/var/www/html/test/timeline/index.php
2016/03/06 16:08:51-AEST::5-deamon::Save::/var/www/html/test/timeline/index.php
2016/03/06 16:15:45-AEST::5-deamon::Save::/var/www/html/test/timeline/index.php
2016/03/06 16:16:04-AEST::5-deamon::Save::/var/www/html/test/timeline/index.php
2016/03/06 16:16:19-AEST::5-deamon::Save::/var/www/html/test/timeline/index.php
2016/03/06 16:18:36-AEST::5-deamon::Save::/var/www/html/test/timeline/index.php
2016/03/06 16:21:00-AEST::5-deamon::Save::/var/www/html/test/timeline/index.php
2016/03/06 16:27:08-AEST::5-deamon::Save::/var/www/html/test/timeline/index.php
2016/03/06 16:27:34-AEST::5-deamon::Save::/var/www/html/test/timeline/index.php
2016/03/06 16:42:36-AEST::5-deamon::Save::/var/www/html/test/timeline/index.php
2016/03/06 16:51:17-AEST::5-deamon::Save::/var/www/html/test/timeline/index.php
2016/03/06 17:25:45-AEST::5-deamon::Save::/var/www/html/test/timeline/index.php
2016/03/06 17:28:59-AEST::5-deamon::Save::/var/www/html/test/timeline/index.php
2016/03/06 17:51:23-AEST::5-deamon::Save::/var/www/html/test/timeline/index.php
2016/03/06 20:16:27-AEST::5-deamon::Save::/var/www/html/api/games/timeline/index.php
2016/03/06 20:21:27-AEST::5-deamon::Save::/var/www/html/api/games/timeline/index.php
2016/03/06 20:38:03-AEST::5-deamon::Save::/var/www/html/api/games/timeline/index.php
2016/03/18 02:39:01-AEST::5-deamon::Save::/var/www/html/api/games/score/index.php
2016/03/18 02:39:06-AEST::5-deamon::Save::/var/www/html/api/games/score/index.php
2016/03/18 03:09:19-AEST::5-deamon::Save::/var/www/html/api/games/score/index.php
2016/03/18 03:09:56-AEST::5-deamon::Save::/var/www/html/api/games/score/index.php
2016/03/18 03:10:15-AEST::5-deamon::Save::/var/www/html/api/games/score/index.php
2016/03/18 03:22:04-AEST::5-deamon::Save::/var/www/html/api/games/score/index.php
2016/03/18 03:58:15-AEST::5-deamon::Save::/var/www/html/api/games/score/index.php
2016/03/18 04:05:06-AEST::5-deamon::Save::/var/www/html/api/games/score/index.php
2016/04/12 23:20:02-AEST::5-deamon::Save::/var/www/html/test/ytt/index.php
2016/04/12 23:57:44-AEST::5-deamon::Save::/var/www/html/test/ytt/index.php
2016/04/12 23:58:35-AEST::5-deamon::Save::/var/www/html/test/ytt/index.php
2016/04/13 00:14:28-AEST::5-deamon::Save::/var/www/html/test/ytt/index.php
2016/04/13 00:14:47-AEST::5-deamon::Save::/var/www/html/test/ytt/index.php
2016/04/13 00:15:11-AEST::5-deamon::Save::/var/www/html/test/ytt/index.php
2016/04/13 00:18:10-AEST::5-deamon::Save::/var/www/html/test/ytt/index.php
2016/04/13 00:18:24-AEST::5-deamon::Save::/var/www/html/test/ytt/index.php
2016/04/19 16:11:52-AEST::5-deamon::Save::/var/www/html/api/files/index.php
2016/04/29 16:18:01-AEST::5-deamon::Save::/var/www/html/test/test.php
2016/04/29 16:28:03-AEST::5-deamon::Save::/var/www/html/test/test.php
2016/04/29 16:38:23-AEST::5-deamon::Save::/var/www/html/test/test.php
2016/04/29 16:39:45-AEST::5-deamon::Save::/var/www/html/test/test.php
2016/04/29 16:40:25-AEST::5-deamon::Save::/var/www/html/test/test.php
2016/04/29 16:40:41-AEST::5-deamon::Save::/var/www/html/test/test.php
2016/04/29 16:42:59-AEST::5-deamon::Save::/var/www/html/test/test.php
2016/04/29 16:43:39-AEST::5-deamon::Save::/var/www/html/test/test.php
2016/04/29 16:45:01-AEST::5-deamon::Save::/var/www/html/test/test.php
2016/04/29 16:45:39-AEST::5-deamon::Save::/var/www/html/test/test.php
2016/04/29 16:46:13-AEST::5-deamon::Save::/var/www/html/test/test.php
2016/04/29 16:46:46-AEST::5-deamon::Save::/var/www/html/test/test.php
2016/04/29 16:47:01-AEST::5-deamon::Save::/var/www/html/test/test.php
2016/04/29 16:47:13-AEST::5-deamon::Save::/var/www/html/test/test.php
2016/04/29 16:47:21-AEST::5-deamon::Save::/var/www/html/test/test.php
2016/04/29 16:47:38-AEST::5-deamon::Save::/var/www/html/test/test.php
2016/04/29 16:51:00-AEST::5-deamon::Save::/var/www/html/test/test.php
2016/04/29 16:51:22-AEST::5-deamon::Save::/var/www/html/test/test.php
2016/04/29 16:51:31-AEST::5-deamon::Save::/var/www/html/test/test.php
2016/04/29 16:51:54-AEST::5-deamon::Save::/var/www/html/test/test.php
2016/04/29 16:53:02-AEST::5-deamon::Save::/var/www/html/test/test.php
2016/04/29 16:53:37-AEST::5-deamon::Save::/var/www/html/test/test.php
2016/04/29 16:54:59-AEST::5-deamon::Save::/var/www/html/test/test.php
2016/04/29 16:57:01-AEST::5-deamon::Save::/var/www/html/test/test.php
2016/04/29 16:58:40-AEST::5-deamon::Save::/var/www/html/test/test.php
2016/04/29 16:59:53-AEST::5-deamon::Save::/var/www/html/test/test.php
2016/04/29 17:00:20-AEST::5-deamon::Save::/var/www/html/test/test.php
2016/04/29 17:01:55-AEST::5-deamon::Save::/var/www/html/test/test.php
2016/04/29 17:04:59-AEST::5-deamon::Save::/var/www/html/test/test.php
2016/04/29 17:06:01-AEST::5-deamon::Save::/var/www/html/test/test.php
2016/04/29 17:08:51-AEST::5-deamon::Save::/var/www/html/test/test.php
2016/04/29 17:12:52-AEST::5-deamon::Save::/var/www/html/test/test.php
2016/04/29 17:13:08-AEST::5-deamon::Save::/var/www/html/test/test.php
2016/04/29 17:13:27-AEST::5-deamon::Save::/var/www/html/test/test.php
2016/04/29 17:14:09-AEST::5-deamon::Save::/var/www/html/test/test.php
2016/04/29 17:14:36-AEST::5-deamon::Save::/var/www/html/test/test.php
2016/04/29 17:14:48-AEST::5-deamon::Save::/var/www/html/test/test.php
2016/04/29 17:16:05-AEST::5-deamon::Save::/var/www/html/test/test.php
2016/04/29 17:16:50-AEST::5-deamon::Save::/var/www/html/test/test.php
2016/04/29 17:18:39-AEST::5-deamon::Save::/var/www/html/test/test.php
2016/04/29 17:20:58-AEST::5-deamon::Save::/var/www/html/test/test.php
2016/04/29 17:22:05-AEST::5-deamon::Save::/var/www/html/test/test.php
2016/04/29 17:22:35-AEST::5-deamon::Save::/var/www/html/test/test.php
2016/04/29 17:24:18-AEST::5-deamon::Save::/var/www/html/test/test.php
2016/04/29 17:25:20-AEST::5-deamon::Save::/var/www/html/test/test.php
2016/04/29 17:26:47-AEST::5-deamon::Save::/var/www/html/test/test.php
2016/04/29 17:27:00-AEST::5-deamon::Save::/var/www/html/test/test.php
2016/04/29 17:27:32-AEST::5-deamon::Save::/var/www/html/test/test.php
2016/04/29 17:31:28-AEST::5-deamon::Save::/var/www/html/test/test.php
2016/04/29 17:31:52-AEST::5-deamon::Save::/var/www/html/test/test.php
2016/04/29 17:32:11-AEST::5-deamon::Save::/var/www/html/test/test.php
2016/04/29 17:33:17-AEST::5-deamon::Save::/var/www/html/test/test.php
2016/04/29 17:34:02-AEST::5-deamon::Save::/var/www/html/test/test.php
2016/04/29 17:34:40-AEST::5-deamon::Save::/var/www/html/test/test.php
2016/04/29 17:36:09-AEST::5-deamon::Save::/var/www/html/test/test.php
2016/04/29 17:36:29-AEST::5-deamon::Save::/var/www/html/test/test.php
2016/04/29 17:37:26-AEST::5-deamon::Save::/var/www/html/test/test.php
2016/04/29 17:37:47-AEST::5-deamon::Save::/var/www/html/test/test.php
2016/04/29 17:38:42-AEST::5-deamon::Save::/var/www/html/test/test.php
2016/04/29 17:38:59-AEST::5-deamon::Save::/var/www/html/test/test.php
2016/04/29 17:42:55-AEST::5-deamon::Save::/var/www/html/test/test.php
2016/04/29 17:43:26-AEST::5-deamon::Save::/var/www/html/test/test.php
2016/04/29 17:44:12-AEST::5-deamon::Save::/var/www/html/test/test.php
2016/04/29 17:44:59-AEST::5-deamon::Save::/var/www/html/test/test.php
2016/04/29 17:45:36-AEST::5-deamon::Save::/var/www/html/test/test.php
2016/04/29 17:47:45-AEST::5-deamon::Save::/var/www/html/test/test.php
2016/04/29 17:48:38-AEST::5-deamon::Save::/var/www/html/test/test.php
2016/04/30 01:34:23-AEST::5-deamon::Save::/var/www/html/test/test.php
2016/04/30 01:43:46-AEST::5-deamon::Save::/var/www/html/test/test.php
2016/04/30 01:44:35-AEST::5-deamon::Save::/var/www/html/test/test.php
2016/04/30 01:47:17-AEST::5-deamon::Save::/var/www/html/test/test.php
2016/04/30 01:50:29-AEST::5-deamon::Save::/var/www/html/test/test.php
2016/04/30 01:51:33-AEST::5-deamon::Save::/var/www/html/test/test.php
2016/04/30 01:54:33-AEST::5-deamon::Save::/var/www/html/test/test.php
2016/04/30 01:54:54-AEST::5-deamon::Save::/var/www/html/test/test.php
2016/04/30 01:57:31-AEST::5-deamon::Save::/var/www/html/test/test.php
2016/04/30 02:08:05-AEST::5-deamon::Save::/var/www/html/test/test.php
2016/04/30 02:09:15-AEST::5-deamon::Save::/var/www/html/test/test.php
2016/04/30 02:11:31-AEST::5-deamon::Save::/var/www/html/test/test.php
2016/04/30 02:20:48-AEST::5-deamon::Save::/var/www/html/test/test.php
2016/04/30 02:21:51-AEST::5-deamon::Save::/var/www/html/test/test.php
2016/04/30 02:22:34-AEST::5-deamon::Save::/var/www/html/test/test.php
2016/04/30 02:33:13-AEST::5-deamon::Save::/var/www/html/test/test.php
2016/04/30 02:33:41-AEST::5-deamon::Save::/var/www/html/test/test.php
2016/04/30 02:38:40-AEST::5-deamon::Save::/var/www/html/test/test.php
2016/04/30 02:42:20-AEST::5-deamon::Save::/var/www/html/test/test.php
2016/04/30 02:44:52-AEST::5-deamon::Save::/var/www/html/test/test.php
2016/04/30 02:45:50-AEST::5-deamon::Save::/var/www/html/test/test.php
2016/04/30 02:47:35-AEST::5-deamon::Save::/var/www/html/test/test.php
2016/04/30 02:50:55-AEST::5-deamon::Save::/var/www/html/test/test.php
2016/04/30 02:55:37-AEST::5-deamon::Save::/var/www/html/test/test.php
2016/04/30 02:57:09-AEST::5-deamon::Save::/var/www/html/test/test.php
2016/04/30 02:59:54-AEST::5-deamon::Save::/var/www/html/test/test.php
2016/04/30 03:01:08-AEST::5-deamon::Save::/var/www/html/games/TimeTrials/index.php
2016/04/30 03:02:19-AEST::5-deamon::Save::/var/www/html/menus.json
2016/05/02 01:35:22-AEST::5-deamon::Save::/var/www/html/api/games/score/index.php
2016/05/02 01:37:03-AEST::5-deamon::Save::/var/www/html/api/games/score/index.php
2016/05/02 01:38:06-AEST::5-deamon::Save::/var/www/html/../core/code.php
2016/05/02 01:43:43-AEST::5-deamon::Save::/var/www/html/api/games/score/index.php
2016/05/02 02:00:59-AEST::5-deamon::Save::/var/www/html/games/games.json
2016/05/02 02:05:29-AEST::5-deamon::Save::/var/www/html/api/games/score/index.php
2016/05/02 02:05:46-AEST::5-deamon::Save::/var/www/html/api/games/score/index.php
2016/05/02 02:17:43-AEST::5-deamon::Save::/var/www/html/api/games/score/index.php
2016/05/02 02:19:19-AEST::5-deamon::Save::/var/www/html/api/games/score/index.php
2016/05/02 02:20:06-AEST::5-deamon::Save::/var/www/html/api/games/score/index.php
2016/05/02 02:20:23-AEST::5-deamon::Save::/var/www/html/api/games/score/index.php
2016/05/02 02:21:50-AEST::5-deamon::Save::/var/www/html/api/games/score/index.php
2016/05/02 02:39:19-AEST::5-deamon::Save::/var/www/html/api/games/score/index.php
2016/05/02 02:40:05-AEST::5-deamon::Save::/var/www/html/api/games/score/index.php
2016/05/02 02:48:46-AEST::5-deamon::Save::/var/www/html/api/games/score/index.php
2016/05/02 02:52:15-AEST::5-deamon::Save::/var/www/html/api/games/score/index.php
2016/05/02 02:53:32-AEST::5-deamon::Save::/var/www/html/api/games/score/index.php
2016/05/02 02:54:10-AEST::5-deamon::Save::/var/www/html/api/games/score/index.php
2016/05/02 02:54:36-AEST::5-deamon::Save::/var/www/html/api/games/score/index.php
2016/05/02 02:55:04-AEST::5-deamon::Save::/var/www/html/api/games/score/index.php
2016/05/02 03:15:31-AEST::5-deamon::Save::/var/www/html/api/games/score/index.php
2016/05/02 22:07:45-AEST::5-deamon::Save::/var/www/html/api/games/score/index.php
2016/05/02 22:08:46-AEST::5-deamon::Save::/var/www/html/api/games/score/index.php
2016/05/02 22:09:10-AEST::5-deamon::Save::/var/www/html/api/games/score/index.php
2016/05/03 00:41:25-AEST::5-deamon::Save::/var/www/html/api/games/score/index.php
2016/05/03 00:57:36-AEST::5-deamon::Save::/var/www/html/api/games/score/index.php
2016/05/03 00:59:17-AEST::5-deamon::Save::/var/www/html/test/test.php
2016/05/03 01:06:43-AEST::5-deamon::Save::/var/www/html/test/test.php
2016/05/03 01:08:13-AEST::5-deamon::Save::/var/www/html/test/test.js
2016/05/03 01:09:08-AEST::5-deamon::Save::/var/www/html/test/test.php
2016/05/03 01:11:03-AEST::5-deamon::Save::/var/www/html/test/test.js
2016/05/03 01:13:16-AEST::5-deamon::Save::/var/www/html/api/games/score/index.php
2016/05/03 01:16:06-AEST::5-deamon::Save::/var/www/html/test/test.php
2016/05/03 03:14:53-AEST::5-deamon::Save::/var/www/html/api/games/score/index.php
2016/05/03 04:32:21-AEST::5-deamon::Delete::/var/www/html/test/test.js
2016/05/03 21:53:29-AEST::5-deamon::Save::/var/www/html/test/test.php
2016/05/03 21:55:01-AEST::5-deamon::Save::/var/www/html/test/test.php
2016/05/03 21:56:20-AEST::5-deamon::Save::/var/www/html/test/test.php
2016/05/03 21:59:33-AEST::5-deamon::Save::/var/www/html/test/test.php
2016/05/03 22:02:20-AEST::5-deamon::Save::/var/www/html/test/test.php
2016/05/03 22:12:02-AEST::5-deamon::Save::/var/www/html/games/TimeTrials/index.php
2016/05/03 22:55:58-AEST::5-deamon::Save::/var/www/html/test/test.php
2016/05/03 23:01:48-AEST::5-deamon::Save::/var/www/html/test/test.php
2016/05/03 23:03:28-AEST::5-deamon::Save::/var/www/html/test/test.php
2016/05/03 23:06:56-AEST::5-deamon::Save::/var/www/html/test/test.php
2016/05/03 23:07:55-AEST::5-deamon::Save::/var/www/html/test/test.php
2016/05/03 23:09:46-AEST::5-deamon::Save::/var/www/html/test/test.php
2016/05/03 23:09:56-AEST::5-deamon::Save::/var/www/html/test/test.php
2016/05/03 23:14:39-AEST::5-deamon::Save::/var/www/html/test/test.php
2016/05/03 23:15:22-AEST::5-deamon::Save::/var/www/html/test/test.php
2016/05/03 23:25:04-AEST::5-deamon::Save::/var/www/html/test/test.php
2016/05/03 23:29:56-AEST::5-deamon::Save::/var/www/html/test/test.php
2016/05/03 23:30:50-AEST::5-deamon::Save::/var/www/html/test/test.php
2016/05/03 23:33:08-AEST::5-deamon::Save::/var/www/html/test/test.php
2016/05/03 23:34:08-AEST::5-deamon::Save::/var/www/html/test/test.php
2016/05/03 23:35:04-AEST::5-deamon::Save::/var/www/html/test/test.php
2016/05/03 23:37:14-AEST::5-deamon::Save::/var/www/html/test/test.php
2016/05/03 23:37:31-AEST::5-deamon::Save::/var/www/html/test/test.php
2016/05/03 23:42:44-AEST::5-deamon::Save::/var/www/html/test/test.php
2016/05/03 23:46:17-AEST::5-deamon::Save::/var/www/html/test/test.php
2016/05/03 23:46:24-AEST::5-deamon::Save::/var/www/html/games/TimeTrials/index.php
2016/05/03 23:47:38-AEST::5-deamon::Save::/var/www/html/games/TimeTrials/index.php
2016/05/03 23:49:05-AEST::5-deamon::Save::/var/www/html/games/TimeTrials/index.php
2016/05/03 23:49:38-AEST::5-deamon::Save::/var/www/html/games/TimeTrials/index.php
2016/05/03 23:56:57-AEST::5-deamon::Save::/var/www/html/api/games/score/index.php
2016/05/04 00:01:59-AEST::5-deamon::Save::/var/www/html/test/test.php
2016/05/04 00:03:17-AEST::5-deamon::Save::/var/www/html/test/test.php
2016/05/04 00:04:23-AEST::5-deamon::Save::/var/www/html/test/test.php
2016/05/04 00:05:20-AEST::5-deamon::Save::/var/www/html/test/test.php
2016/05/04 00:06:20-AEST::5-deamon::Save::/var/www/html/test/test.php
2016/05/04 00:06:49-AEST::5-deamon::Save::/var/www/html/test/test.php
2016/05/04 00:07:43-AEST::5-deamon::Save::/var/www/html/test/test.php
2016/05/04 00:07:59-AEST::5-deamon::Save::/var/www/html/games/TimeTrials/index.php
2016/05/04 00:09:48-AEST::5-deamon::Save::/var/www/html/test/test.php
2016/05/04 00:10:32-AEST::5-deamon::Save::/var/www/html/test/test.php
2016/05/04 00:10:46-AEST::5-deamon::Save::/var/www/html/test/test.php
2016/05/04 00:11:11-AEST::5-deamon::Save::/var/www/html/test/test.php
2016/05/04 00:11:52-AEST::5-deamon::Save::/var/www/html/games/TimeTrials/index.php
2016/05/04 00:13:23-AEST::5-deamon::Save::/var/www/html/test/test.php
2016/05/04 00:14:09-AEST::5-deamon::Save::/var/www/html/games/TimeTrials/index.php
2016/05/04 00:15:44-AEST::5-deamon::Delete::/var/www/html/test/test.php
2016/05/08 04:02:21-AEST::5-deamon::Save::/var/www/html/test/canvas/index.php
2016/05/08 04:03:48-AEST::5-deamon::Save::/var/www/html/test/canvas/index.php
2016/05/08 04:05:24-AEST::5-deamon::Save::/var/www/html/test/canvas/index.php
2016/05/08 04:11:14-AEST::5-deamon::Save::/var/www/html/test/canvas/index.php
2016/05/08 04:36:24-AEST::5-deamon::Save::/var/www/html/test/canvas/index.php
2016/05/08 04:36:45-AEST::5-deamon::Save::/var/www/html/test/canvas/index.php
2016/05/08 04:36:58-AEST::5-deamon::Save::/var/www/html/test/canvas/index.php
2016/05/08 04:55:39-AEST::5-deamon::Save::/var/www/html/test/canvas/index.php
2016/05/08 04:59:57-AEST::5-deamon::Save::/var/www/html/test/canvas/index.php
2016/05/08 05:02:28-AEST::5-deamon::Save::/var/www/html/test/canvas/index.php
2016/05/08 05:03:00-AEST::5-deamon::Save::/var/www/html/test/canvas/index.php
2016/05/08 05:03:33-AEST::5-deamon::Save::/var/www/html/test/canvas/index.php
2016/05/08 05:13:06-AEST::5-deamon::Save::/var/www/html/test/canvas/index.php
2016/05/08 05:13:31-AEST::5-deamon::Save::/var/www/html/test/canvas/index.php
2016/05/08 05:19:02-AEST::5-deamon::Save::/var/www/html/test/canvas/index.php
2016/05/08 05:20:35-AEST::5-deamon::Save::/var/www/html/test/canvas/index.php
2016/05/08 05:26:29-AEST::5-deamon::Save::/var/www/html/test/canvas/index.php
2016/05/08 05:27:49-AEST::5-deamon::Save::/var/www/html/test/canvas/index.php
2016/05/08 05:43:01-AEST::5-deamon::Save::/var/www/html/test/canvas/index.php
2016/05/08 05:44:19-AEST::5-deamon::Save::/var/www/html/test/canvas/index.php
2016/05/08 05:44:43-AEST::5-deamon::Save::/var/www/html/test/canvas/index.php
2016/05/08 05:45:29-AEST::5-deamon::Save::/var/www/html/test/canvas/index.php
2016/05/08 05:46:03-AEST::5-deamon::Save::/var/www/html/test/canvas/index.php
2016/05/08 05:47:44-AEST::5-deamon::Save::/var/www/html/test/canvas/index.php
2016/05/08 05:54:49-AEST::5-deamon::Save::/var/www/html/test/canvas/index.php
2016/05/08 05:56:10-AEST::5-deamon::Save::/var/www/html/test/canvas/index.php
2016/05/08 05:58:32-AEST::5-deamon::Save::/var/www/html/test/canvas/index.php
2016/05/08 06:07:08-AEST::5-deamon::Save::/var/www/html/test/canvas/index.php
2016/05/08 06:07:27-AEST::5-deamon::Save::/var/www/html/test/canvas/index.php
2016/05/08 06:20:17-AEST::5-deamon::Save::/var/www/html/test/canvas/index.php
2016/05/08 06:20:43-AEST::5-deamon::Save::/var/www/html/test/canvas/index.php
2016/05/08 06:25:26-AEST::5-deamon::Save::/var/www/html/test/canvas/index.php
2016/05/08 06:26:28-AEST::5-deamon::Save::/var/www/html/test/canvas/index.php
2016/05/08 06:27:17-AEST::5-deamon::Save::/var/www/html/test/canvas/index.php
2016/05/08 06:27:27-AEST::5-deamon::Save::/var/www/html/test/canvas/index.php
2016/05/08 06:28:25-AEST::5-deamon::Save::/var/www/html/test/canvas/index.php
2016/05/08 06:29:24-AEST::5-deamon::Save::/var/www/html/test/canvas/index.php
2016/05/08 06:29:50-AEST::5-deamon::Save::/var/www/html/test/canvas/index.php
2016/05/08 06:32:17-AEST::5-deamon::Save::/var/www/html/test/canvas/index.php
2016/05/08 06:34:39-AEST::5-deamon::Save::/var/www/html/test/canvas/index.php
2016/05/08 06:43:11-AEST::5-deamon::Save::/var/www/html/test/canvas/index.php
2016/05/08 06:45:14-AEST::5-deamon::Save::/var/www/html/test/canvas/index.php
2016/05/08 06:45:37-AEST::5-deamon::Save::/var/www/html/test/canvas/index.php
2016/05/08 06:46:20-AEST::5-deamon::Save::/var/www/html/test/canvas/index.php
2016/05/08 06:52:55-AEST::5-deamon::Save::/var/www/html/test/canvas/index.php
2016/05/08 06:54:18-AEST::5-deamon::Save::/var/www/html/test/canvas/index.php
2016/05/08 06:54:59-AEST::5-deamon::Save::/var/www/html/test/canvas/index.php
2016/05/08 07:05:50-AEST::5-deamon::Save::/var/www/html/test/canvas/index.php
2016/05/08 07:07:27-AEST::5-deamon::Save::/var/www/html/test/canvas/index.php
2016/05/08 07:07:42-AEST::5-deamon::Save::/var/www/html/test/canvas/index.php
2016/05/08 07:09:15-AEST::5-deamon::Save::/var/www/html/test/canvas/index.php
2016/05/08 07:10:50-AEST::5-deamon::Save::/var/www/html/test/canvas/index.php
2016/05/08 07:13:27-AEST::5-deamon::Save::/var/www/html/test/canvas/index.php
2016/05/08 07:16:26-AEST::5-deamon::Save::/var/www/html/test/canvas/index.php
2016/05/08 07:18:45-AEST::5-deamon::Save::/var/www/html/test/canvas/index.php
2016/05/08 07:19:46-AEST::5-deamon::Save::/var/www/html/test/canvas/index.php
2016/05/08 07:20:25-AEST::5-deamon::Save::/var/www/html/test/canvas/index.php
2016/05/08 07:21:49-AEST::5-deamon::Save::/var/www/html/test/canvas/index.php
2016/05/08 07:22:12-AEST::5-deamon::Save::/var/www/html/test/canvas/index.php
2016/05/08 07:23:07-AEST::5-deamon::Save::/var/www/html/test/canvas/index.php
2016/05/08 07:23:35-AEST::5-deamon::Save::/var/www/html/test/canvas/index.php
2016/05/08 07:25:05-AEST::5-deamon::Save::/var/www/html/test/canvas/index.php
2016/05/08 07:27:06-AEST::5-deamon::Save::/var/www/html/test/canvas/index.php
2016/05/16 17:24:20-AEST::5-deamon::Save::/var/www/html/test/test.php
2016/05/16 17:25:48-AEST::5-deamon::Save::/var/www/html/test/test.php
2016/05/16 17:35:41-AEST::5-deamon::Save::/var/www/html/test/test.php
2016/05/26 20:04:51-AEST::5-deamon::Save::/var/www/html/test/Tyler.html
2016/06/03 22:21:42-AEST::5-deamon::Save::/var/www/html/test/dnd.php
2016/06/18 21:52:41-AEST::5-deamon::Save::/var/www/html/test/firebase.php
2016/06/28 20:29:32-AEST::5-deamon::Save::/var/www/html/test/firebase.php
2016/06/28 20:39:20-AEST::5-deamon::Save::/var/www/html/test/firebase.php
2016/06/28 20:40:34-AEST::5-deamon::Save::/var/www/html/test/firebase.php
2016/06/28 20:41:48-AEST::5-deamon::Save::/var/www/html/test/firebase.php
2016/06/28 20:42:28-AEST::5-deamon::Save::/var/www/html/test/firebase.php
2016/06/28 20:44:23-AEST::5-deamon::Save::/var/www/html/test/firebase.php
2016/06/28 20:45:26-AEST::5-deamon::Save::/var/www/html/test/firebase.php
2016/06/28 20:46:01-AEST::5-deamon::Save::/var/www/html/test/firebase.php
2016/06/28 20:48:07-AEST::5-deamon::Save::/var/www/html/test/firebase.php
2016/06/28 20:48:36-AEST::5-deamon::Save::/var/www/html/test/firebase.php
2016/06/28 20:48:58-AEST::5-deamon::Save::/var/www/html/test/firebase.php
2016/06/28 20:50:18-AEST::5-deamon::Save::/var/www/html/test/firebase.php
2016/06/28 20:51:34-AEST::5-deamon::Save::/var/www/html/test/firebase.php
2016/07/30 14:48:42-AEST::5-deamon::Save::/var/www/html/../core/media.php
2016/09/21 15:48:10-AEST::5-deamon::Save::/var/www/html/test/roster/index.php
2016/09/21 15:49:08-AEST::5-deamon::Save::/var/www/html/test/roster/index.php
2016/09/21 15:49:35-AEST::5-deamon::Save::/var/www/html/test/roster/index.php
2016/09/21 15:52:54-AEST::5-deamon::Save::/var/www/html/test/roster/index.php
2016/09/21 15:55:53-AEST::5-deamon::Save::/var/www/html/test/roster/index.php
2016/09/21 16:09:46-AEST::5-deamon::Save::/var/www/html/test/roster/index.php
2016/09/21 17:29:06-AEST::5-deamon::Save::/var/www/html/test/debug.php
2016/09/21 17:31:47-AEST::5-deamon::Save::/var/www/html/test/debug.php
2016/09/25 16:00:46-AEST::5-deamon::Save::/var/www/html/test/googleapi.php
2016/09/25 16:04:40-AEST::5-deamon::Save::/var/www/html/test/test.php
2016/09/25 16:05:50-AEST::5-deamon::Save::/var/www/html/test/test.php
2016/09/25 16:09:25-AEST::5-deamon::Save::/var/www/html/test/test.php
2016/09/25 16:09:55-AEST::5-deamon::Save::/var/www/html/test/test.php
2016/09/25 16:10:31-AEST::5-deamon::Save::/var/www/html/test/test.php
2016/09/25 16:11:58-AEST::5-deamon::Save::/var/www/html/test/test.php
2016/09/25 16:12:11-AEST::5-deamon::Save::/var/www/html/test/test.php
2016/09/25 16:12:28-AEST::5-deamon::Save::/var/www/html/test/test.php
2016/09/25 16:14:19-AEST::5-deamon::Save::/var/www/html/test/test.php
2016/09/25 16:14:57-AEST::5-deamon::Save::/var/www/html/test/test.php
2016/09/25 16:17:26-AEST::5-deamon::Save::/var/www/html/test/test.php
2016/09/25 16:17:43-AEST::5-deamon::Save::/var/www/html/test/test.php
2016/09/25 16:18:34-AEST::5-deamon::Save::/var/www/html/test/test.php
2016/09/25 16:18:53-AEST::5-deamon::Save::/var/www/html/test/test.php
2016/09/25 16:19:16-AEST::5-deamon::Save::/var/www/html/test/test.php
2016/09/25 16:20:02-AEST::5-deamon::Save::/var/www/html/test/test.php
2016/09/25 16:26:07-AEST::5-deamon::Save::/var/www/html/test/test.php
2016/09/25 16:36:56-AEST::5-deamon::Save::/var/www/html/test/test.php
2016/09/25 16:37:21-AEST::5-deamon::Save::/var/www/html/test/test.php
2016/09/25 16:37:45-AEST::5-deamon::Save::/var/www/html/test/test.php
2016/09/25 16:38:19-AEST::5-deamon::Save::/var/www/html/test/test.php
2016/09/25 16:38:45-AEST::5-deamon::Save::/var/www/html/test/test.php
2016/09/25 16:39:17-AEST::5-deamon::Save::/var/www/html/test/test.php
2016/09/25 16:40:04-AEST::5-deamon::Save::/var/www/html/test/test.php
2016/09/25 16:41:08-AEST::5-deamon::Save::/var/www/html/test/test.php
2016/09/25 16:41:21-AEST::5-deamon::Save::/var/www/html/test/test.php
2016/09/25 16:41:46-AEST::5-deamon::Save::/var/www/html/test/test.php
2016/09/25 16:42:06-AEST::5-deamon::Save::/var/www/html/test/test.php
2016/09/25 16:43:24-AEST::5-deamon::Save::/var/www/html/test/test.php
2016/09/25 16:44:14-AEST::5-deamon::Save::/var/www/html/test/test.php
2016/09/25 16:47:58-AEST::5-deamon::Save::/var/www/html/test/test.php
2016/09/25 17:08:54-AEST::5-deamon::Save::/var/www/html/test/test.php
2016/09/25 17:09:19-AEST::5-deamon::Save::/var/www/html/test/test.php
2016/09/25 17:10:54-AEST::5-deamon::Save::/var/www/html/test/test.php
2016/09/25 17:11:32-AEST::5-deamon::Save::/var/www/html/test/test.php
2016/09/25 17:13:52-AEST::5-deamon::Save::/var/www/html/test/test.php
2016/09/25 17:14:55-AEST::5-deamon::Save::/var/www/html/test/test.php
2016/09/25 17:15:38-AEST::5-deamon::Save::/var/www/html/test/test.php
2016/09/25 17:16:47-AEST::5-deamon::Save::/var/www/html/test/test.php
2016/09/25 17:17:15-AEST::5-deamon::Save::/var/www/html/test/test.php
2016/09/25 17:18:29-AEST::5-deamon::Save::/var/www/html/test/test.php
2016/10/02 15:02:40-AEST::5-deamon::Save::/var/www/html/test/css/local.css
2016/10/19 18:35:43-AEST::5-deamon::Save::/var/www/html/test/test.php
2016/10/19 18:36:21-AEST::5-deamon::Save::/var/www/html/test/test.php
2016/10/19 18:36:42-AEST::5-deamon::Save::/var/www/html/test/test.php
2016/10/19 18:37:17-AEST::5-deamon::Save::/var/www/html/test/test.php
2016/11/13 10:37:13-AEST::5-deamon::Save::/var/www/html/test/family/index.php
2016/11/13 10:40:52-AEST::5-deamon::Save::/var/www/html/test/family/index.php
2016/11/13 10:41:22-AEST::5-deamon::Save::/var/www/html/test/family/index.php
2016/11/13 10:42:00-AEST::5-deamon::Save::/var/www/html/test/family/index.php
2016/11/13 10:53:49-AEST::5-deamon::Save::/var/www/html/test/family/index.php
2016/11/13 11:12:45-AEST::5-deamon::Save::/var/www/html/test/family/index.php
2016/11/13 11:16:11-AEST::5-deamon::Save::/var/www/html/test/family/index.php
2016/12/23 17:58:50-AEST::5-deamon::Save::/var/www/html/xmas/index.php
2016/12/23 17:59:06-AEST::5-deamon::Save::/var/www/html/xmas/index.php
2016/12/23 18:00:48-AEST::5-deamon::Save::/var/www/html/xmas/index.php
2016/12/23 18:12:40-AEST::5-deamon::Save::/var/www/html/xmas/index.php
2016/12/23 18:13:20-AEST::5-deamon::Save::/var/www/html/xmas/index.php
2016/12/23 18:13:57-AEST::5-deamon::Save::/var/www/html/xmas/index.php
2016/12/23 18:14:08-AEST::5-deamon::Save::/var/www/html/xmas/index.php
2016/12/23 18:27:58-AEST::5-deamon::Save::/var/www/html/xmas/index.php
2016/12/23 18:28:48-AEST::5-deamon::Save::/var/www/html/xmas/index.php
2016/12/23 18:35:22-AEST::5-deamon::Save::/var/www/html/xmas/index.php
2016/12/23 18:36:19-AEST::5-deamon::Save::/var/www/html/xmas/index.php
2016/12/23 18:41:02-AEST::5-deamon::Save::/var/www/html/xmas/index.php
2016/12/23 18:41:46-AEST::5-deamon::Save::/var/www/html/xmas/index.php
2016/12/23 18:43:13-AEST::5-deamon::Save::/var/www/html/xmas/index.php
2016/12/23 18:44:22-AEST::5-deamon::Save::/var/www/html/xmas/index.php
2017/02/25 22:20:55-AEST::5-deamon::Save::/var/www/html/test/locke.php
2017/02/25 22:21:11-AEST::5-deamon::Save::/var/www/html/test/locke.php
2017/02/25 22:21:33-AEST::5-deamon::Save::/var/www/html/test/locke.php
2017/02/25 22:35:59-AEST::5-deamon::Save::/var/www/html/test/locke.php
2017/02/25 22:36:31-AEST::5-deamon::Save::/var/www/html/test/locke.php
2017/02/25 22:37:34-AEST::5-deamon::Save::/var/www/html/test/locke.php
2017/02/25 22:38:22-AEST::5-deamon::Save::/var/www/html/test/locke.php
2017/02/25 22:39:29-AEST::5-deamon::Save::/var/www/html/test/locke.php
2017/02/25 22:39:55-AEST::5-deamon::Save::/var/www/html/test/locke.php
2017/02/25 22:44:15-AEST::5-deamon::Save::/var/www/html/test/locke.php
2017/02/25 22:47:08-AEST::5-deamon::Save::/var/www/html/test/locke.php
2017/02/25 22:47:47-AEST::5-deamon::Save::/var/www/html/test/locke.php
2017/02/25 22:48:27-AEST::5-deamon::Save::/var/www/html/test/locke.php
2017/02/25 22:48:37-AEST::5-deamon::Save::/var/www/html/test/locke.php
2017/02/25 22:49:40-AEST::5-deamon::Save::/var/www/html/test/locke.php
2017/02/25 22:50:16-AEST::5-deamon::Save::/var/www/html/test/locke.php
2017/02/25 22:50:34-AEST::5-deamon::Save::/var/www/html/test/locke.php
2017/02/25 22:50:50-AEST::5-deamon::Save::/var/www/html/test/locke.php
2017/02/25 22:51:05-AEST::5-deamon::Save::/var/www/html/test/locke.php
2017/02/25 22:52:28-AEST::5-deamon::Save::/var/www/html/test/locke.php
2017/02/25 22:53:23-AEST::5-deamon::Save::/var/www/html/test/locke.php
2017/02/25 22:54:54-AEST::5-deamon::Save::/var/www/html/test/locke.php
2017/02/25 22:55:18-AEST::5-deamon::Save::/var/www/html/test/locke.php
2017/02/25 22:55:45-AEST::5-deamon::Save::/var/www/html/test/locke.php
2017/02/25 22:56:12-AEST::5-deamon::Save::/var/www/html/test/locke.php
2017/02/25 22:56:45-AEST::5-deamon::Save::/var/www/html/test/locke.php
2017/02/25 22:57:04-AEST::5-deamon::Save::/var/www/html/test/locke.php
2017/02/25 22:59:29-AEST::5-deamon::Save::/var/www/html/test/locke.php
2017/02/25 23:00:06-AEST::5-deamon::Save::/var/www/html/test/locke.php
2017/02/25 23:03:37-AEST::5-deamon::Save::/var/www/html/test/locke.php
2017/04/03 10:39:45-AEST::5-deamon::Save::/var/www/html/test/ip.php
2017/09/23 13:49:37-AEST::5-deamon::Save::/var/www/html/test/iframes/index.php
2017/09/23 13:50:11-AEST::5-deamon::Save::/var/www/html/test/iframes/index.php
2017/09/23 13:52:19-AEST::5-deamon::Save::/var/www/html/test/iframes/index.php
2017/09/23 13:54:57-AEST::5-deamon::Save::/var/www/html/test/iframes/index.php
2017/09/23 13:55:19-AEST::5-deamon::Save::/var/www/html/test/iframes/index.php
2017/09/23 13:55:45-AEST::5-deamon::Save::/var/www/html/test/iframes/index.php
2017/09/23 13:56:35-AEST::5-deamon::Save::/var/www/html/test/iframes/index.php
2017/09/23 13:56:43-AEST::5-deamon::Save::/var/www/html/test/iframes/index.php
2017/09/23 13:57:40-AEST::5-deamon::Save::/var/www/html/test/iframes/index.php
2017/11/25 16:46:38-AEST::5-deamon::Save::/var/www/html/index.php
2017/11/25 16:47:28-AEST::5-deamon::Save::/var/www/html/index.php
2017/11/25 17:07:30-AEST::5-deamon::Save::/var/www/html//edit/index.php
2017/11/25 18:24:08-AEST::5-deamon::Delete::/var/www/html//xmas/error_log
2017/11/25 19:17:48-AEST::5-deamon::Save::/var/www/html//university/index.php
2017/11/25 19:18:21-AEST::5-deamon::Save::/var/www/html//university/index.php
2017/11/25 19:19:21-AEST::5-deamon::Save::/var/www/html//university/teamwork.php
2017/11/25 19:19:40-AEST::5-deamon::Save::/var/www/html//university/teamwork.php
2017/11/25 19:22:02-AEST::5-deamon::Save::/var/www/html//university/teamwork.info
2017/12/15 12:53:05-AEST::5-deamon::Delete::/var/www/html//test/error_log
2017/12/15 12:59:27-AEST::5-deamon::Delete::/var/www/html//error_log
2017/12/15 13:00:39-AEST::5-deamon::Delete::/var/www/html//api/games/pollisay/error_log
2017/12/16 15:49:31-AEST::5-deamon::Save::/var/www/html//games/DnDeamon/index.html
2017/12/29 15:34:40-AEST::5-deamon::Save::/var/www/html//games/DnDeamon/db.js
2018/03/04 17:30:51-AEST::5-deamon::Save::/var/www/html/test/try.php
2018/03/04 17:31:45-AEST::5-deamon::Save::/var/www/html/test/try.php
2018/03/04 17:35:10-AEST::5-deamon::Save::/var/www/html/test/try.php
2018/03/04 17:37:01-AEST::5-deamon::Save::/var/www/html/test/try.php
2018/03/04 17:37:50-AEST::5-deamon::Save::/var/www/html/test/try.php
2018/03/04 17:38:33-AEST::5-deamon::Save::/var/www/html/test/try.php
2018/03/04 17:41:17-AEST::5-deamon::Save::/var/www/html/test/try.php
2018/03/04 17:42:28-AEST::5-deamon::Save::/var/www/html/test/try.php
2018/03/04 17:42:37-AEST::5-deamon::Save::/var/www/html/test/try.php
2018/03/04 17:43:06-AEST::5-deamon::Save::/var/www/html/test/try.php
2018/03/04 17:43:36-AEST::5-deamon::Save::/var/www/html/test/try.php
2018/03/04 17:45:20-AEST::5-deamon::Save::/var/www/html/test/try.php
2018/03/04 17:45:32-AEST::5-deamon::Save::/var/www/html/test/try.php
2018/03/04 17:45:42-AEST::5-deamon::Save::/var/www/html/test/try.php
2018/03/04 17:45:58-AEST::5-deamon::Save::/var/www/html/test/try.php
2018/03/04 18:11:17-AEST::5-deamon::Save::/var/www/html/../core/start.php
2018/03/04 18:17:08-AEST::5-deamon::Save::/var/www/html/../core/start.php
2018/03/04 18:19:36-AEST::5-deamon::Save::/var/www/html/../core/start.php
2018/03/04 18:21:31-AEST::5-deamon::Save::/var/www/html/../core/start.php
2018/03/04 19:17:02-AEST::5-deamon::Save::/var/www/html/../core/start.php
2018/03/04 19:17:29-AEST::5-deamon::Save::/var/www/html/../core/start.php
2018/03/04 19:20:26-AEST::5-deamon::Save::/var/www/html//manifest.json
2018/03/04 19:21:11-AEST::5-deamon::Save::/var/www/html/../core/start.php
2018/03/04 19:29:30-AEST::5-deamon::Save::/var/www/html//manifest.json
2018/03/04 19:31:18-AEST::5-deamon::Save::/var/www/html//manifest.json
2018/03/04 19:32:34-AEST::5-deamon::Save::/var/www/html/../core/start.php
2018/03/04 19:33:42-AEST::5-deamon::Save::/var/www/html//manifest.json
2018/03/04 19:35:22-AEST::5-deamon::Save::/var/www/html//manifest.json
2018/03/04 19:35:26-AEST::5-deamon::Save::/var/www/html/../core/start.php
2018/03/04 19:37:16-AEST::5-deamon::Save::/var/www/html/../core/start.php
2018/03/04 19:38:07-AEST::5-deamon::Save::/var/www/html//manifest.json
2018/03/04 20:15:20-AEST::5-deamon::Save::/var/www/html/../core/start.php
2018/03/04 20:17:39-AEST::5-deamon::Save::/var/www/html/../core/start.php
2018/03/04 20:25:51-AEST::5-deamon::Save::/var/www/html/../core/start.php
2018/03/04 20:27:03-AEST::5-deamon::Save::/var/www/html/../core/start.php
2018/03/04 20:27:33-AEST::5-deamon::Save::/var/www/html/../core/start.php
2018/03/04 20:28:02-AEST::5-deamon::Save::/var/www/html/../core/start.php
2018/03/04 20:30:46-AEST::5-deamon::Save::/var/www/html//delta.css
2018/03/04 20:31:28-AEST::5-deamon::Save::/var/www/html//delta.css
2018/03/04 20:32:22-AEST::5-deamon::Save::/var/www/html//delta.css
2018/03/04 20:34:38-AEST::5-deamon::Save::/var/www/html/../core/start.php
2018/03/04 20:34:58-AEST::5-deamon::Save::/var/www/html/../core/start.php
2018/03/04 20:35:23-AEST::5-deamon::Save::/var/www/html/../core/start.php
2018/03/04 20:37:26-AEST::5-deamon::Save::/var/www/html/../core/start.php
2018/03/04 20:38:02-AEST::5-deamon::Save::/var/www/html/../core/start.php
2018/03/04 20:38:40-AEST::5-deamon::Save::/var/www/html/../core/start.php
2018/03/04 20:39:18-AEST::5-deamon::Save::/var/www/html/../core/start.php
2018/03/04 20:39:35-AEST::5-deamon::Save::/var/www/html/../core/start.php
2018/03/04 20:40:00-AEST::5-deamon::Save::/var/www/html/../core/start.php
2018/03/04 20:46:18-AEST::5-deamon::Save::/var/www/html//delta.css
2018/03/04 20:52:16-AEST::5-deamon::Save::/var/www/html/../core/start.php
2018/03/04 21:15:26-AEST::5-deamon::Save::/var/www/html//service-worker.js
2018/03/04 21:16:01-AEST::5-deamon::Save::/var/www/html//service-worker.js
2018/03/04 21:17:41-AEST::5-deamon::Save::/var/www/html//service-worker.js
2018/03/04 21:45:21-AEST::5-deamon::Save::/var/www/html/../core/start.php
2018/03/04 21:47:59-AEST::5-deamon::Save::/var/www/html/../core/start.php
2018/03/25 13:04:35-AEST::5-deamon::Save::/var/www/html/games/terradownload/index.html
2018/07/08 16:11:45-AEST::5-deamon::Save::/var/www/html//games/dice/index.php
2018/11/10 20:26:09-AEST::5-deamon::Save::/var/www/html//test/index.php
2018/11/10 20:30:54-AEST::5-deamon::Save::/var/www/html//test/index.php
2018/11/10 20:34:20-AEST::5-deamon::Save::/var/www/html//test/index.php
2018/11/10 20:37:03-AEST::5-deamon::Save::/var/www/html//test/index.php
2018/11/10 20:37:19-AEST::5-deamon::Save::/var/www/html//test/index.php
2018/11/10 20:38:44-AEST::5-deamon::Save::/var/www/html//test/index.php
2018/11/10 20:40:35-AEST::5-deamon::Save::/var/www/html//test/index.php
2018/11/10 20:43:13-AEST::5-deamon::Save::/var/www/html//test/index.php
2018/11/10 20:44:23-AEST::5-deamon::Save::/var/www/html//test/index.php
2018/11/10 20:45:47-AEST::5-deamon::Save::/var/www/html//test/index.php
2018/11/10 20:55:03-AEST::5-deamon::Save::/var/www/html//test/index.php
2018/11/10 20:59:09-AEST::5-deamon::Save::/var/www/html//test/index.php
2018/11/10 21:01:13-AEST::5-deamon::Save::/var/www/html//test/index.php
2018/11/10 21:02:02-AEST::5-deamon::Save::/var/www/html//test/index.php
2018/11/10 21:04:58-AEST::5-deamon::Save::/var/www/html//test/index.php
2018/11/10 21:05:15-AEST::5-deamon::Save::/var/www/html//test/index.php
2018/11/10 21:08:59-AEST::5-deamon::Save::/var/www/html//test/index.php
2018/11/10 21:09:30-AEST::5-deamon::Save::/var/www/html//test/index.php
2018/11/10 21:11:20-AEST::5-deamon::Save::/var/www/html//test/index.php
2018/11/10 21:19:17-AEST::5-deamon::Save::/var/www/html//test/index.php
2018/11/10 21:21:54-AEST::5-deamon::Save::/var/www/html//test/index.php
2018/11/10 21:24:08-AEST::5-deamon::Save::/var/www/html//family/wishlist.php
2018/11/10 21:30:08-AEST::5-deamon::Save::/var/www/html//family/wishlist.php
2018/11/10 21:32:03-AEST::5-deamon::Save::/var/www/html//family/wishlist.php
2018/11/10 21:32:34-AEST::5-deamon::Save::/var/www/html//family/wishlist.php
2018/11/10 21:33:07-AEST::5-deamon::Save::/var/www/html//family/wishlist.php
2018/11/10 21:37:46-AEST::5-deamon::Save::/var/www/html//family/wishlist.php
2018/11/10 21:38:01-AEST::5-deamon::Save::/var/www/html//family/wishlist.php
2018/11/10 21:38:19-AEST::5-deamon::Save::/var/www/html//family/wishlist.php
2018/11/10 21:45:16-AEST::5-deamon::Save::/var/www/html//family/wishlist.php
2018/11/10 21:49:30-AEST::5-deamon::Save::/var/www/html//family/wishlist.php
2018/11/10 21:52:23-AEST::5-deamon::Save::/var/www/html//delta.css
2018/11/10 22:05:08-AEST::5-deamon::Save::/var/www/html//family/wishlist.php
2018/11/10 22:06:43-AEST::5-deamon::Save::/var/www/html//family/wishlist.php
2018/11/10 22:07:17-AEST::5-deamon::Save::/var/www/html//family/wishlist.php
2018/11/10 22:13:14-AEST::5-deamon::Save::/var/www/html//family/wishlist.php
2018/11/10 22:13:28-AEST::5-deamon::Save::/var/www/html//family/wishlist.php
2018/11/10 22:13:47-AEST::5-deamon::Save::/var/www/html//family/wishlist.php
2018/11/10 22:14:23-AEST::5-deamon::Save::/var/www/html//family/wishlist.php
2018/11/10 22:15:10-AEST::5-deamon::Save::/var/www/html//family/wishlist.php
2018/11/10 22:15:34-AEST::5-deamon::Save::/var/www/html//family/wishlist.php
2018/11/10 22:15:48-AEST::5-deamon::Save::/var/www/html//family/wishlist.php
2018/11/10 22:27:43-AEST::5-deamon::Save::/var/www/html//family/wishlist.php
2018/11/10 23:03:42-AEST::5-deamon::Save::/var/www/html//family/wishlist.php
2018/11/10 23:33:13-AEST::5-deamon::Save::/var/www/html//test/index.php
2018/11/10 23:33:39-AEST::5-deamon::Save::/var/www/html//test/index.php
2018/11/10 23:35:05-AEST::5-deamon::Save::/var/www/html//test/index.php
2018/11/10 23:35:38-AEST::5-deamon::Save::/var/www/html//test/index.php
2018/11/10 23:36:17-AEST::5-deamon::Save::/var/www/html//test/index.php
2018/11/10 23:39:08-AEST::5-deamon::Save::/var/www/html//test/index.php
2018/11/10 23:39:37-AEST::5-deamon::Save::/var/www/html//test/index.php
2018/11/10 23:39:50-AEST::5-deamon::Save::/var/www/html//test/index.php
2018/11/10 23:40:12-AEST::5-deamon::Save::/var/www/html//test/index.php
2018/11/11 00:18:58-AEST::5-deamon::Save::/var/www/html//family/wishlist.php
2018/11/11 00:20:14-AEST::5-deamon::Save::/var/www/html//family/wishlist.php
2018/11/11 00:21:10-AEST::5-deamon::Save::/var/www/html//family/wishlist.php
2018/11/11 00:23:45-AEST::5-deamon::Save::/var/www/html//family/wishlist.php
2018/11/11 00:24:08-AEST::5-deamon::Save::/var/www/html//family/wishlist.php
2018/11/11 00:26:21-AEST::5-deamon::Save::/var/www/html//family/wishlist.php
2018/11/11 00:27:09-AEST::5-deamon::Save::/var/www/html//family/wishlist.php
2018/11/11 00:27:46-AEST::5-deamon::Save::/var/www/html//family/wishlist.php
2018/11/11 00:30:57-AEST::5-deamon::Save::/var/www/html//edit/browse/index.php
2018/11/11 00:32:53-AEST::5-deamon::Save::/var/www/html//menus.json
2018/11/11 00:35:25-AEST::5-deamon::Save::/var/www/html//family/wishlist/index.php
2018/11/11 00:36:13-AEST::5-deamon::Delete::/var/www/html//family/wishlist.php
2018/11/11 00:36:39-AEST::5-deamon::Delete::/var/www/html//test/index.php
2018/11/11 00:45:27-AEST::5-deamon::Delete::/var/www/html//hostgator.html
2018/11/11 00:46:31-AEST::5-deamon::Save::/var/www/html//menus.json
2018/11/11 20:46:56-AEST::5-deamon::Save::/var/www/html//family/wishlist/index.php
2018/11/11 20:55:41-AEST::5-deamon::Save::/var/www/html//family/wishlist/index.php
2018/11/14 20:59:56-AEST::5-deamon::Save::/var/www/html/../core/start.php
2018/11/14 21:02:23-AEST::5-deamon::Save::/var/www/html/../core/start.php
2018/11/14 21:08:22-AEST::5-deamon::Save::/var/www/html/../core/start.php
2018/11/14 21:20:37-AEST::5-deamon::Save::/var/www/html/../core/start.php
2018/11/14 21:27:40-AEST::5-deamon::Save::/var/www/html/../core/start.php
2018/11/14 21:38:12-AEST::5-deamon::Save::/var/www/html/../core/start.php
2018/11/14 21:47:06-AEST::5-deamon::Save::/var/www/html//delta.css
2018/11/14 21:47:09-AEST::5-deamon::Save::/var/www/html//delta.css
2018/11/14 21:47:47-AEST::5-deamon::Save::/var/www/html//delta.css
2018/12/22 14:54:28-AEST::5-deamon::Save::/var/www/html/games/servers/upload.php
2018/12/26 12:54:12-AEST::5-deamon::Save::/var/www/html//edit/index.php
2018/12/26 12:54:47-AEST::5-deamon::Save::/var/www/html//delta.css
2018/12/26 13:03:33-AEST::5-deamon::Save::/var/www/html//delta.css
2018/12/26 13:03:36-AEST::5-deamon::Save::/var/www/html//delta.css
2018/12/26 13:05:14-AEST::5-deamon::Save::/var/www/html//delta.css
2018/12/26 13:05:17-AEST::5-deamon::Save::/var/www/html//delta.css
2018/12/26 13:07:25-AEST::5-deamon::Save::/var/www/html//edit/index.php
2018/12/26 13:08:30-AEST::5-deamon::Save::/var/www/html//delta.css
2018/12/26 13:08:38-AEST::5-deamon::Save::/var/www/html//edit/index.php
2018/12/26 13:14:52-AEST::5-deamon::Save::/var/www/html//delta.css
2018/12/26 13:18:12-AEST::5-deamon::Save::/var/www/html//family/wishlist/index.php
2018/12/26 13:18:46-AEST::5-deamon::Save::/var/www/html//family/wishlist/index.php