
2015/07/30 22:24:25-AEST::-::Failed::dittopower
2015/08/27 10:10:23-AEST::-::Failed::
2015/08/27 10:11:38-AEST::-::Failed::
2015/08/27 11:26:44-AEST::-::Failed::deamon
2015/08/27 11:29:47-AEST::-::Failed::deamon
2015/08/27 11:31:44-AEST::-::Failed::deamon
2015/08/27 12:35:56-AEST::-::Failed::deamon
2015/08/27 12:36:07-AEST::-::Failed::deamon
2015/08/27 22:49:00-AEST::-::Failed::deamon
2015/08/27 22:49:06-AEST::-::Failed::deamon
2015/09/23 20:59:58-AEST::-::Failed::
2015/09/23 20:59:58-AEST::-::Failed::
2015/10/06 09:32:33-AEST::-::Failed::deamon
2015/10/06 09:32:53-AEST::-::Failed::deamon
2015/10/06 09:55:56-AEST::-::Failed::roflmonsterjh
2015/10/06 09:56:03-AEST::-::Failed::roflmonsterjh
2015/10/22 11:23:31-AEST::-::Failed::deamon
2016/01/04 19:46:17-AEST::-::Failed::deamon
2016/01/04 19:46:24-AEST::-::Failed::deamon
2016/01/12 19:22:00-AEST::-::Failed::deamon
2016/01/12 19:22:07-AEST::-::Failed::deamon
2016/02/03 14:10:48-AEST::-::Failed::deamon
2016/02/06 16:28:04-AEST::-::Failed::deamon
2016/02/06 16:28:25-AEST::-::Failed::deamon
2016/02/06 16:35:53-AEST::-::Failed::deamon
2016/02/06 16:36:14-AEST::-::Failed::deamon
2016/03/02 16:45:28-AEST::-::Failed::jesh
2016/03/02 16:45:37-AEST::-::Failed::dittopower
2016/03/02 16:46:02-AEST::-::Failed::demon
2016/03/02 16:46:18-AEST::-::Failed::demon
2016/05/03 23:52:40-AEST::-::Failed::
2016/09/21 15:44:46-AEST::-::Failed::demon
2017/06/23 18:39:52-AEST::-::Failed::admin
2017/06/26 05:12:26-AEST::-::Failed::q5f74b8se0
2017/12/15 12:48:03-AEST::-::Failed::administrator
2018/02/11 01:40:39-AEST::-::Failed::deamon
2018/02/11 01:45:25-AEST::-::Failed::deamon
2018/02/11 01:45:48-AEST::-::Failed::deamon
2018/02/11 01:45:56-AEST::-::Failed::deamon
2018/02/11 01:46:15-AEST::-::Failed::deamon
2018/02/11 01:46:36-AEST::-::Failed::deamon
2018/02/11 01:47:11-AEST::-::Failed::deamon
2018/02/11 01:47:22-AEST::-::Failed::deamon
2018/02/11 01:48:08-AEST::-::Failed::deamon
2018/02/11 02:02:17-AEST::-::Failed::deamon
2018/02/11 02:07:20-AEST::-::Failed::deamon
2018/02/11 02:07:56-AEST::-::Failed::deamon
2018/02/11 02:09:28-AEST::-::Failed::deamon
2018/02/11 02:10:44-AEST::-::Failed::deamon
2018/02/11 02:13:31-AEST::-::Failed::deamon
2018/02/11 02:15:13-AEST::-::Failed::deamon
2018/02/11 02:15:43-AEST::-::Failed::deamon
2018/02/11 02:21:33-AEST::-::Failed::deamon
2018/02/11 02:21:50-AEST::-::Failed::deamon
2018/02/11 02:22:26-AEST::-::Failed::deamon
2018/02/11 02:22:47-AEST::-::Failed::deamon
2018/02/11 02:23:13-AEST::-::Failed::dittopower
2018/02/11 02:26:15-AEST::-::Failed::deamon
2018/02/11 02:26:33-AEST::-::Failed::deamon
2018/02/11 02:30:31-AEST::-::Failed::deamon::
2018/02/11 02:34:30-AEST::-::Failed::deamon::
2018/03/04 17:07:21-AEST::-::Failed::deamon::
2018/03/04 17:07:30-AEST::-::Failed::deamon::
2018/03/04 17:07:37-AEST::-::Failed::deamon::
2019/01/22 23:09:33-AEST::-::Failed::::