
2015/07/30 22:43:31-AEST::5-deamon::Uploaded::FreshPaint-0-2015.05.23-02.23.18.png
2015/07/30 22:45:15-AEST::5-deamon::Uploaded::morsecode.mp3
2015/07/30 23:36:46-AEST::5-deamon::Uploaded::me.jpg
2015/07/31 00:05:41-AEST::5-deamon::Deleted::media-1::me.jpg
2015/07/31 00:07:33-AEST::5-deamon::Deleted::media-10::FreshPaint-0-2015.05.23-02.23.18.png
2015/07/31 00:09:40-AEST::6-dittopower::Deleted::media-6::Skelly_2.jpg
2015/08/01 03:33:52-AEST::5-deamon::Problem::storefile
2015/08/01 03:33:52-AEST::5-deamon::Failed::me.jpg
2015/08/01 03:54:15-AEST::5-deamon::Failed::me.jpg
2015/08/01 04:04:45-AEST::5-deamon::Failed::me.jpg
2015/08/01 04:32:37-AEST::5-deamon::Failed::me.jpg
2015/08/01 04:33:39-AEST::5-deamon::Failed::me.jpg
2015/08/01 04:34:22-AEST::5-deamon::Uploaded::me.jpg
2015/08/01 04:52:32-AEST::5-deamon::Deleted::media-13::me_2.jpg
2015/08/01 17:06:36-AEST::5-deamon::Uploaded::page.php
2015/08/01 23:30:05-AEST::5-deamon::Uploaded::me.jpg
2015/08/01 23:30:10-AEST::5-deamon::Deleted::media-15::me_2.jpg
2015/08/01 23:30:15-AEST::5-deamon::Deleted::media-14::page.php
2015/08/02 01:02:10-AEST::5-deamon::Uploaded::custom.css
2015/08/02 01:05:40-AEST::5-deamon::Deleted::media-16::custom.css
2015/08/05 20:43:50-AEST::5-deamon::Uploaded::favicon.ico
2015/08/05 20:44:05-AEST::5-deamon::Uploaded::favicon.ico
2015/08/05 20:45:54-AEST::5-deamon::Deleted::media-18::favicon.ico
2015/08/05 20:46:14-AEST::5-deamon::Deleted::media-17::favicon.ico
2015/08/05 22:48:06-AEST::5-deamon::Uploaded::favicon.ico
2015/08/05 22:52:57-AEST::5-deamon::Uploaded::favicon.ico
2015/08/05 22:53:50-AEST::5-deamon::Deleted::media-19::favicon_0.ico
2015/08/05 22:54:02-AEST::5-deamon::Uploaded::favicon.ico
2015/08/05 22:54:15-AEST::5-deamon::Uploaded::favicon.ico
2015/08/05 22:55:32-AEST::5-deamon::Uploaded::favicon.ico
2015/08/05 22:57:24-AEST::5-deamon::Uploaded::favicon.ico
2015/08/05 22:57:40-AEST::5-deamon::Deleted::media-22::favicon_1.ico
2015/08/05 22:57:43-AEST::5-deamon::Deleted::media-21::favicon_0.ico
2015/08/05 23:01:56-AEST::5-deamon::Uploaded::favicon.ico
2015/08/05 23:03:41-AEST::5-deamon::Uploaded::favicon.ico
2015/08/05 23:03:51-AEST::5-deamon::Deleted::media-23::favicon_0.ico
2015/08/05 23:04:02-AEST::5-deamon::Uploaded::favicon.ico
2015/08/05 23:04:51-AEST::5-deamon::Uploaded::favicon.ico
2015/08/05 23:05:54-AEST::5-deamon::Uploaded::favicon.ico
2015/08/05 23:07:41-AEST::5-deamon::Uploaded::favicon.ico
2015/08/05 23:08:58-AEST::5-deamon::Uploaded::favicon.ico
2015/08/05 23:09:08-AEST::5-deamon::Uploaded::favicon.ico
2015/08/05 23:09:14-AEST::5-deamon::Uploaded::favicon.ico
2015/08/05 23:09:23-AEST::5-deamon::Deleted::media-24::favicon_0.ico
2015/08/05 23:14:06-AEST::5-deamon::Deleted::media-20::favicon.ico